HEAD is now at 06f9fcf updating results
[[1;34mINFO[m] Scanning for projects...
[[1;34mINFO[m] 
[[1;34mINFO[m] [1m---------------< [0;36mcom.googlecode.json-simple:json-simple[0;1m >---------------[m
[[1;34mINFO[m] [1mBuilding JSON.simple 1.1.1[m
[[1;34mINFO[m] [1m-------------------------------[ bundle ]-------------------------------[m
[[1;34mINFO[m] 
[[1;34mINFO[m] [1m--- [0;32mmaven-clean-plugin:2.5:clean[m [1m(default-clean)[m @ [36mjson-simple[0;1m ---[m
[[1;34mINFO[m] Deleting /home/thomas/Desktop/bachelor_thesis/bachelor_thesis/Tool/Benchmarks/projects/json-simple/target
[[1;34mINFO[m] 
[[1;34mINFO[m] [1m--- [0;32mmaven-resources-plugin:3.3.0:resources[m [1m(default-resources)[m @ [36mjson-simple[0;1m ---[m
[[1;34mINFO[m] skip non existing resourceDirectory /home/thomas/Desktop/bachelor_thesis/bachelor_thesis/Tool/Benchmarks/projects/json-simple/src/main/resources
[[1;34mINFO[m] 
[[1;34mINFO[m] [1m--- [0;32mmaven-compiler-plugin:3.8.1:compile[m [1m(default-compile)[m @ [36mjson-simple[0;1m ---[m
[[1;34mINFO[m] Changes detected - recompiling the module!
[[1;34mINFO[m] Compiling 12 source files to /home/thomas/Desktop/bachelor_thesis/bachelor_thesis/Tool/Benchmarks/projects/json-simple/target/classes
[[1;34mINFO[m] /home/thomas/Desktop/bachelor_thesis/bachelor_thesis/Tool/Benchmarks/projects/json-simple/src/main/java/org/json/simple/parser/JSONParser.java: Some input files use or override a deprecated API.
[[1;34mINFO[m] /home/thomas/Desktop/bachelor_thesis/bachelor_thesis/Tool/Benchmarks/projects/json-simple/src/main/java/org/json/simple/parser/JSONParser.java: Recompile with -Xlint:deprecation for details.
[[1;34mINFO[m] /home/thomas/Desktop/bachelor_thesis/bachelor_thesis/Tool/Benchmarks/projects/json-simple/src/main/java/org/json/simple/parser/JSONParser.java: Some input files use unchecked or unsafe operations.
[[1;34mINFO[m] /home/thomas/Desktop/bachelor_thesis/bachelor_thesis/Tool/Benchmarks/projects/json-simple/src/main/java/org/json/simple/parser/JSONParser.java: Recompile with -Xlint:unchecked for details.
[[1;34mINFO[m] 
[[1;34mINFO[m] [1m--- [0;32mmaven-resources-plugin:3.3.0:testResources[m [1m(default-testResources)[m @ [36mjson-simple[0;1m ---[m
[[1;34mINFO[m] skip non existing resourceDirectory /home/thomas/Desktop/bachelor_thesis/bachelor_thesis/Tool/Benchmarks/projects/json-simple/src/test/resources
[[1;34mINFO[m] 
[[1;34mINFO[m] [1m--- [0;32mmaven-compiler-plugin:3.8.1:testCompile[m [1m(default-testCompile)[m @ [36mjson-simple[0;1m ---[m
[[1;34mINFO[m] Changes detected - recompiling the module!
[[1;34mINFO[m] Compiling 4 source files to /home/thomas/Desktop/bachelor_thesis/bachelor_thesis/Tool/Benchmarks/projects/json-simple/target/test-classes
[[1;34mINFO[m] /home/thomas/Desktop/bachelor_thesis/bachelor_thesis/Tool/Benchmarks/projects/json-simple/src/test/java/org/json/simple/parser/YylexTest.java: Some input files use or override a deprecated API.
[[1;34mINFO[m] /home/thomas/Desktop/bachelor_thesis/bachelor_thesis/Tool/Benchmarks/projects/json-simple/src/test/java/org/json/simple/parser/YylexTest.java: Recompile with -Xlint:deprecation for details.
[[1;34mINFO[m] /home/thomas/Desktop/bachelor_thesis/bachelor_thesis/Tool/Benchmarks/projects/json-simple/src/test/java/org/json/simple/JSONArrayTest.java: Some input files use unchecked or unsafe operations.
[[1;34mINFO[m] /home/thomas/Desktop/bachelor_thesis/bachelor_thesis/Tool/Benchmarks/projects/json-simple/src/test/java/org/json/simple/JSONArrayTest.java: Recompile with -Xlint:unchecked for details.
[[1;34mINFO[m] 
[[1;34mINFO[m] [1m--- [0;32mmaven-surefire-plugin:3.0.0-M7:test[m [1m(default-test)[m @ [36mjson-simple[0;1m ---[m
[[1;34mINFO[m] Using auto detected provider org.apache.maven.surefire.junit4.JUnit4Provider
[[1;34mINFO[m] 
[[1;34mINFO[m] -------------------------------------------------------
[[1;34mINFO[m]  T E S T S
[[1;34mINFO[m] -------------------------------------------------------
[[1;34mINFO[m] Running org.json.simple.[1mJSONArrayTest[m
[[1;33mWARNING[m] [1;33mTests [0;1mrun: [0;1m13[m, Failures: 0, Errors: 0, [1;33mSkipped: [0;1;33m3[m, Time elapsed: 0.054 s - in org.json.simple.[1mJSONArrayTest[m
[[1;34mINFO[m] Running org.json.simple.parser.[1mYylexTest[m
"\/"
"abc\/\r\b\n\t\f\\"
[	 

{ 	 	
}
{
error:org.json.simple.parser.ParseException: Unexpected character () at position 0.
{a : b}
error:org.json.simple.parser.ParseException: Unexpected character (a) at position 1.
[[1;34mINFO[m] [1;32mTests run: [0;1;32m1[m, Failures: 0, Errors: 0, Skipped: 0, Time elapsed: 0.002 s - in org.json.simple.parser.[1mYylexTest[m
[[1;34mINFO[m] Running org.json.simple.[1mJSONValueTest[m
[[1;33mWARNING[m] [1;33mTests [0;1mrun: [0;1m10[m, Failures: 0, Errors: 0, [1;33mSkipped: [0;1;33m1[m, Time elapsed: 0.001 s - in org.json.simple.[1mJSONValueTest[m
[[1;34mINFO[m] Running org.json.simple.[1mTest1[m
=======decode=======
======the 2nd element of array======
{"1":{"2":{"3":{"4":[5,{"6":7}]}}}}

======field "1"==========
{"2":{"3":{"4":[5,{"6":7}]}}}
Error at character position: 24
Unexpected token: RIGHT BRACE(})
==iterate result==
first=>123
second=>[4, 5, 6]
third=>789
==toJSONString()==
{"first":123,"second":[4,5,6],"third":789}
startJSON()
startObject()
startObjectEntry(), key:first
primitive(): 123
endObjectEntry()
startObjectEntry(), key:second
startArray()
startObject()
startObjectEntry(), key:s1
startObject()
startObjectEntry(), key:s11
primitive(): v11
endObjectEntry()
endObject()
endObjectEntry()
endObject()
primitive(): 4
primitive(): 5
primitive(): 6
endArray()
endObjectEntry()
startObjectEntry(), key:third
primitive(): 789
endObjectEntry()
endObject()
endJSON()
found id:
id1
found id:
123
found id:
null
=======encode=======
======array1==========
["abc\u0010a\/",123,222.123,true]

======obj1 with array1===========
{"array1":["abc\u0010a\/",123,222.123,true]}

======array1 with obj1========
["abc\u0010a\/",123,222.123,true,{}]

======list==========
["abc\u0010a\/",123,222.123,true,null]

======map with list===========
{array1=[abca/, 123, 222.123, true, null]}

[{"k11":"v11","k12":"v12","k13":"v13"},{"k21":"v21","k22":"v22","k23":"v23"}]
[{"k11":"v11","k12":"v12","k13":"v13"},{"k21":"v21","k22":"v22","k23":"v23"}]
[{"k11":"v11","k12":"v12","k13":"v13","k14":{"k31":"v3","k32":123.45,"k33":false,"k34":null,"k35":["vvv","1.23456789123456789",true,null]}},{"k21":"v21","k22":"v22","k23":"v23"}]
[[1;34mINFO[m] [1;32mTests run: [0;1;32m2[m, Failures: 0, Errors: 0, Skipped: 0, Time elapsed: 0.006 s - in org.json.simple.[1mTest1[m
[[1;34mINFO[m] 
[[1;34mINFO[m] Results:
[[1;34mINFO[m] 
[[1;33mWARNING[m] [1;33mTests run: 26, Failures: 0, Errors: 0, Skipped: 4[m
[[1;34mINFO[m] 
[[1;34mINFO[m] 
[[1;34mINFO[m] [1m--- [0;32mmaven-bundle-plugin:5.1.1:bundle[m [1m(default-bundle)[m @ [36mjson-simple[0;1m ---[m
[[1;34mINFO[m] 
[[1;34mINFO[m] [1m--- [0;32mmaven-assembly-plugin:2.6:single[m [1m(make-assembly)[m @ [36mjson-simple[0;1m ---[m
[[1;34mINFO[m] Reading assembly descriptor: src/assembly/assembly.xml
[[1;33mWARNING[m] The assembly descriptor contains a filesystem-root relative reference, which is not cross platform compatible /
[[1;33mWARNING[m] The assembly descriptor contains a filesystem-root relative reference, which is not cross platform compatible /
[[1;34mINFO[m] Building jar: /home/thomas/Desktop/bachelor_thesis/bachelor_thesis/Tool/Benchmarks/projects/json-simple/target/json-simple-1.1.1-fat-tests.jar
[[1;34mINFO[m] 
[[1;34mINFO[m] [1m--- [0;32mmaven-source-plugin:3.2.1:jar-no-fork[m [1m(attach-sources)[m @ [36mjson-simple[0;1m ---[m
[[1;34mINFO[m] Building jar: /home/thomas/Desktop/bachelor_thesis/bachelor_thesis/Tool/Benchmarks/projects/json-simple/target/json-simple-1.1.1-sources.jar
[[1;34mINFO[m] 
[[1;34mINFO[m] [1m--- [0;32mmaven-install-plugin:3.0.1:install[m [1m(default-install)[m @ [36mjson-simple[0;1m ---[m
[[1;34mINFO[m] Installing /home/thomas/Desktop/bachelor_thesis/bachelor_thesis/Tool/Benchmarks/projects/json-simple/pom.xml to /home/thomas/.m2/repository/com/googlecode/json-simple/json-simple/1.1.1/json-simple-1.1.1.pom
[[1;34mINFO[m] Installing /home/thomas/Desktop/bachelor_thesis/bachelor_thesis/Tool/Benchmarks/projects/json-simple/target/json-simple-1.1.1.jar to /home/thomas/.m2/repository/com/googlecode/json-simple/json-simple/1.1.1/json-simple-1.1.1.jar
[[1;34mINFO[m] Installing /home/thomas/Desktop/bachelor_thesis/bachelor_thesis/Tool/Benchmarks/projects/json-simple/target/json-simple-1.1.1-fat-tests.jar to /home/thomas/.m2/repository/com/googlecode/json-simple/json-simple/1.1.1/json-simple-1.1.1-fat-tests.jar
[[1;34mINFO[m] Installing /home/thomas/Desktop/bachelor_thesis/bachelor_thesis/Tool/Benchmarks/projects/json-simple/target/json-simple-1.1.1-sources.jar to /home/thomas/.m2/repository/com/googlecode/json-simple/json-simple/1.1.1/json-simple-1.1.1-sources.jar
[[1;34mINFO[m] 
[[1;34mINFO[m] [1m--- [0;32mmaven-bundle-plugin:5.1.1:install[m [1m(default-install)[m @ [36mjson-simple[0;1m ---[m
[[1;34mINFO[m] Installing com/googlecode/json-simple/json-simple/1.1.1/json-simple-1.1.1.jar
[[1;34mINFO[m] Installing com/googlecode/json-simple/json-simple/1.1.1/json-simple-1.1.1-fat-tests.jar
[[1;34mINFO[m] Writing OBR metadata
[[1;34mINFO[m] [1m------------------------------------------------------------------------[m
[[1;34mINFO[m] [1;32mBUILD SUCCESS[m
[[1;34mINFO[m] [1m------------------------------------------------------------------------[m
[[1;34mINFO[m] Total time:  3.147 s
[[1;34mINFO[m] Finished at: 2022-08-25T17:39:40+02:00
[[1;34mINFO[m] [1m------------------------------------------------------------------------[m
[[1;34mINFO[m] Scanning for projects...
[[1;34mINFO[m] 
[[1;34mINFO[m] [1m---------------< [0;36mcom.googlecode.json-simple:json-simple[0;1m >---------------[m
[[1;34mINFO[m] [1mBuilding JSON.simple 1.1.1[m
[[1;34mINFO[m] [1m-------------------------------[ bundle ]-------------------------------[m
[[1;34mINFO[m] 
[[1;34mINFO[m] [1m--- [0;32mmaven-assembly-plugin:2.6:single[m [1m(default-cli)[m @ [36mjson-simple[0;1m ---[m
[[1;34mINFO[m] Reading assembly descriptor: src/assembly/assembly.xml
[[1;33mWARNING[m] The assembly descriptor contains a filesystem-root relative reference, which is not cross platform compatible /
[[1;33mWARNING[m] The assembly descriptor contains a filesystem-root relative reference, which is not cross platform compatible /
[[1;33mWARNING[m] Cannot include project artifact: com.googlecode.json-simple:json-simple:bundle:1.1.1; it doesn't have an associated file or directory.
[[1;34mINFO[m] Building jar: /home/thomas/Desktop/bachelor_thesis/bachelor_thesis/Tool/Benchmarks/projects/json-simple/target/json-simple-1.1.1-fat-tests.jar
[[1;34mINFO[m] [1m------------------------------------------------------------------------[m
[[1;34mINFO[m] [1;32mBUILD SUCCESS[m
[[1;34mINFO[m] [1m------------------------------------------------------------------------[m
[[1;34mINFO[m] Total time:  1.115 s
[[1;34mINFO[m] Finished at: 2022-08-25T17:39:42+02:00
[[1;34mINFO[m] [1m------------------------------------------------------------------------[m
WARNING: An illegal reflective access operation has occurred
WARNING: Illegal reflective access by com.google.inject.internal.cglib.core.$ReflectUtils$1 (file:/usr/share/maven/lib/guice.jar) to method java.lang.ClassLoader.defineClass(java.lang.String,byte[],int,int,java.security.ProtectionDomain)
WARNING: Please consider reporting this to the maintainers of com.google.inject.internal.cglib.core.$ReflectUtils$1
WARNING: Use --illegal-access=warn to enable warnings of further illegal reflective access operations
WARNING: All illegal access operations will be denied in a future release
[[1;34mINFO[m] Scanning for projects...
[[1;34mINFO[m] 
[[1;34mINFO[m] [1m---------------< [0;36mcom.googlecode.json-simple:json-simple[0;1m >---------------[m
[[1;34mINFO[m] [1mBuilding JSON.simple 1.1.1[m
[[1;34mINFO[m] [1m-------------------------------[ bundle ]-------------------------------[m
[[1;34mINFO[m] 
[[1;34mINFO[m] [1m--- [0;32mpitest-maven:1.7.2:mutationCoverage[m [1m(default-cli)[m @ [36mjson-simple[0;1m ---[m
[[1;34mINFO[m] Found plugin : Default csv report plugin
[[1;34mINFO[m] Found plugin : Default xml report plugin
[[1;34mINFO[m] Found plugin : Default html report plugin
[[1;34mINFO[m] Found plugin : Static initializer code detector plugin
[[1;34mINFO[m] Found plugin : Excluded annotations plugin
[[1;34mINFO[m] Found plugin : Try with resources filter
[[1;34mINFO[m] Found plugin : Inlined finally block filter plugin
[[1;34mINFO[m] Found plugin : Implicit null check filter
[[1;34mINFO[m] Found plugin : Method reference null check filter
[[1;34mINFO[m] Found plugin : For each loop filter
[[1;34mINFO[m] Found plugin : Enum constructor filter
[[1;34mINFO[m] Found plugin : Record junk mutation filter
[[1;34mINFO[m] Found plugin : Logging calls filter
[[1;34mINFO[m] Found plugin : Infinite for loop filter
[[1;34mINFO[m] Found plugin : Long running iterator loop filter
[[1;34mINFO[m] Found plugin : For loop counter filter
[[1;34mINFO[m] Found plugin : Kotlin junk mutations filter
[[1;34mINFO[m] Found plugin : Max mutations per class limit
[[1;34mINFO[m] Found plugin : Equals shortcut equivalent mutant filter
[[1;34mINFO[m] Found plugin : Trivial return vals equivalence filter
[[1;34mINFO[m] Found plugin : Mutant export plugin
[[1;34mINFO[m] Found shared classpath plugin : Default mutation engine
[[1;34mINFO[m] Found shared classpath plugin : JUnit plugin
[[1;34mINFO[m] Found shared classpath plugin : TestNG plugin
[[1;34mINFO[m] Available mutators : EXPERIMENTAL_ARGUMENT_PROPAGATION,FALSE_RETURNS,TRUE_RETURNS,CONDITIONALS_BOUNDARY,CONSTRUCTOR_CALLS,EMPTY_RETURNS,INCREMENTS,INLINE_CONSTS,INVERT_NEGS,MATH,NEGATE_CONDITIONALS,NON_VOID_METHOD_CALLS,NULL_RETURNS,PRIMITIVE_RETURNS,REMOVE_CONDITIONALS_EQUAL_IF,REMOVE_CONDITIONALS_EQUAL_ELSE,REMOVE_CONDITIONALS_ORDER_IF,REMOVE_CONDITIONALS_ORDER_ELSE,RETURN_VALS,VOID_METHOD_CALLS,EXPERIMENTAL_BIG_INTEGER,EXPERIMENTAL_MEMBER_VARIABLE,EXPERIMENTAL_NAKED_RECEIVER,REMOVE_INCREMENTS,EXPERIMENTAL_RETURN_VALUES_MUTATOR,EXPERIMENTAL_SWITCH,EXPERIMENTAL_BIG_INTEGER,ABS,AOD1,AOD2,AOR1,AOR2,AOR3,AOR4,CRCR1,CRCR2,CRCR3,CRCR4,CRCR5,CRCR6,OBBN1,OBBN2,OBBN3,ROR1,ROR2,ROR3,ROR4,ROR5,UOI1,UOI2,UOI3,UOI4
[[1;34mINFO[m] Adding org.pitest:pitest to SUT classpath
[[1;34mINFO[m] Mutating from /home/thomas/Desktop/bachelor_thesis/bachelor_thesis/Tool/Benchmarks/projects/json-simple/target/classes
[[1;34mINFO[m] Defaulting target classes to match packages in build directory
[[1;34mINFO[m] Defaulting target tests to match packages in test build directory
5:39:44 PM PIT >> INFO : Verbose logging is disabled. If you encounter a problem, please enable it before reporting an issue.
5:39:45 PM PIT >> INFO : Incremental analysis reduced number of mutations by 0
5:39:45 PM PIT >> INFO : Created  8 mutation test units in pre scan
5:39:45 PM PIT >> INFO : Sending 15 test classes to minion
5:39:45 PM PIT >> INFO : Sent tests to minion
/-\|/-\|/-\|/-\|/-\|/-\|/-5:39:45 PM PIT >> INFO : Calculated coverage in 0 seconds.
5:39:45 PM PIT >> INFO : Incremental analysis reduced number of mutations by 0
5:39:45 PM PIT >> INFO : Created  8 mutation test units
/-5:39:52 PM PIT >> WARNING : Minion exited abnormally due to TIMED_OUT
5:39:56 PM PIT >> WARNING : Minion exited abnormally due to TIMED_OUT
5:40:00 PM PIT >> WARNING : Minion exited abnormally due to TIMED_OUT
\5:40:04 PM PIT >> WARNING : Minion exited abnormally due to TIMED_OUT
|/-\|5:40:06 PM PIT >> INFO : Completed in 21 seconds
================================================================================
- Mutators
================================================================================
> org.pitest.mutationtest.engine.gregor.mutators.ConditionalsBoundaryMutator
>> Generated 33 Killed 14 (42%)
> KILLED 14 SURVIVED 15 TIMED_OUT 0 NON_VIABLE 0 
> MEMORY_ERROR 0 NOT_STARTED 0 STARTED 0 RUN_ERROR 0 
> NO_COVERAGE 4 
--------------------------------------------------------------------------------
> org.pitest.mutationtest.engine.gregor.mutators.returns.PrimitiveReturnsMutator
>> Generated 13 Killed 6 (46%)
> KILLED 6 SURVIVED 3 TIMED_OUT 0 NON_VIABLE 0 
> MEMORY_ERROR 0 NOT_STARTED 0 STARTED 0 RUN_ERROR 0 
> NO_COVERAGE 4 
--------------------------------------------------------------------------------
> org.pitest.mutationtest.engine.gregor.mutators.IncrementsMutator
>> Generated 15 Killed 4 (27%)
> KILLED 3 SURVIVED 11 TIMED_OUT 1 NON_VIABLE 0 
> MEMORY_ERROR 0 NOT_STARTED 0 STARTED 0 RUN_ERROR 0 
> NO_COVERAGE 0 
--------------------------------------------------------------------------------
> org.pitest.mutationtest.engine.gregor.mutators.VoidMethodCallMutator
>> Generated 177 Killed 131 (74%)
> KILLED 128 SURVIVED 18 TIMED_OUT 3 NON_VIABLE 0 
> MEMORY_ERROR 0 NOT_STARTED 0 STARTED 0 RUN_ERROR 0 
> NO_COVERAGE 28 
--------------------------------------------------------------------------------
> org.pitest.mutationtest.engine.gregor.mutators.returns.BooleanTrueReturnValsMutator
>> Generated 2 Killed 1 (50%)
> KILLED 1 SURVIVED 0 TIMED_OUT 0 NON_VIABLE 0 
> MEMORY_ERROR 0 NOT_STARTED 0 STARTED 0 RUN_ERROR 0 
> NO_COVERAGE 1 
--------------------------------------------------------------------------------
> org.pitest.mutationtest.engine.gregor.mutators.returns.NullReturnValsMutator
>> Generated 24 Killed 19 (79%)
> KILLED 19 SURVIVED 0 TIMED_OUT 0 NON_VIABLE 0 
> MEMORY_ERROR 0 NOT_STARTED 0 STARTED 0 RUN_ERROR 0 
> NO_COVERAGE 5 
--------------------------------------------------------------------------------
> org.pitest.mutationtest.engine.gregor.mutators.MathMutator
>> Generated 21 Killed 11 (52%)
> KILLED 11 SURVIVED 5 TIMED_OUT 0 NON_VIABLE 0 
> MEMORY_ERROR 0 NOT_STARTED 0 STARTED 0 RUN_ERROR 0 
> NO_COVERAGE 5 
--------------------------------------------------------------------------------
> org.pitest.mutationtest.engine.gregor.mutators.returns.EmptyObjectReturnValsMutator
>> Generated 30 Killed 21 (70%)
> KILLED 21 SURVIVED 2 TIMED_OUT 0 NON_VIABLE 0 
> MEMORY_ERROR 0 NOT_STARTED 0 STARTED 0 RUN_ERROR 0 
> NO_COVERAGE 7 
--------------------------------------------------------------------------------
> org.pitest.mutationtest.engine.gregor.mutators.returns.BooleanFalseReturnValsMutator
>> Generated 2 Killed 1 (50%)
> KILLED 1 SURVIVED 0 TIMED_OUT 0 NON_VIABLE 0 
> MEMORY_ERROR 0 NOT_STARTED 0 STARTED 0 RUN_ERROR 0 
> NO_COVERAGE 1 
--------------------------------------------------------------------------------
> org.pitest.mutationtest.engine.gregor.mutators.NegateConditionalsMutator
>> Generated 134 Killed 86 (64%)
> KILLED 86 SURVIVED 25 TIMED_OUT 0 NON_VIABLE 0 
> MEMORY_ERROR 0 NOT_STARTED 0 STARTED 0 RUN_ERROR 0 
> NO_COVERAGE 23 
--------------------------------------------------------------------------------
================================================================================
- Timings
================================================================================
> pre-scan for mutations : < 1 second
> scan classpath : < 1 second
> coverage and dependency analysis : < 1 second
> build mutation tests : < 1 second
> run mutation analysis : 20 seconds
--------------------------------------------------------------------------------
> Total  : 21 seconds
--------------------------------------------------------------------------------
================================================================================
- Statistics
================================================================================
>> Line Coverage: 646/932 (69%)
>> Generated 451 mutations Killed 294 (65%)
>> Mutations with no coverage 78. Test strength 79%
>> Ran 415 tests (0.92 tests per mutation)

Pitest development is currently supported by GroupCDG.
Enhanced functionality available at https://pitest.groupcdg.com/
[[1;34mINFO[m] [1m------------------------------------------------------------------------[m
[[1;34mINFO[m] [1;32mBUILD SUCCESS[m
[[1;34mINFO[m] [1m------------------------------------------------------------------------[m
[[1;34mINFO[m] Total time:  22.943 s
[[1;34mINFO[m] Finished at: 2022-08-25T17:40:06+02:00
[[1;34mINFO[m] [1m------------------------------------------------------------------------[m
HEAD is now at 06f9fcf updating results
