HEAD is now at b8f6463 java tuble rts
[[1;34mINFO[m] Scanning for projects...
[[1;34mINFO[m] 
[[1;34mINFO[m] [1m-------------------< [0;36morg.apache.commons:commons-csv[0;1m >-------------------[m
[[1;34mINFO[m] [1mBuilding Apache Commons CSV 1.7[m
[[1;34mINFO[m] [1m--------------------------------[ jar ]---------------------------------[m
[[1;34mINFO[m] 
[[1;34mINFO[m] [1m--- [0;32mmaven-clean-plugin:3.1.0:clean[m [1m(default-clean)[m @ [36mcommons-csv[0;1m ---[m
[[1;34mINFO[m] Deleting /home/thomas/Desktop/bachelor_thesis/bachelor_thesis/Tool/Benchmarks/projects/commons-csv/target
[[1;34mINFO[m] 
[[1;34mINFO[m] [1m--- [0;32mmaven-enforcer-plugin:3.0.0-M2:enforce[m [1m(enforce-maven-version)[m @ [36mcommons-csv[0;1m ---[m
[[1;34mINFO[m] 
[[1;34mINFO[m] [1m--- [0;32mmaven-enforcer-plugin:3.0.0-M2:enforce[m [1m(enforce-maven-3)[m @ [36mcommons-csv[0;1m ---[m
[[1;34mINFO[m] 
[[1;34mINFO[m] [1m--- [0;32mapache-rat-plugin:0.13:check[m [1m(rat-check)[m @ [36mcommons-csv[0;1m ---[m
[[1;34mINFO[m] Enabled default license matchers.
[[1;34mINFO[m] Will parse SCM ignores for exclusions...
[[1;34mINFO[m] Parsing exclusions from /home/thomas/Desktop/bachelor_thesis/bachelor_thesis/Tool/Benchmarks/projects/commons-csv/.gitignore
[[1;34mINFO[m] Finished adding exclusions from SCM ignore files.
[[1;34mINFO[m] 70 implicit excludes (use -debug for more details).
[[1;34mINFO[m] 30 explicit excludes (use -debug for more details).
[[1;34mINFO[m] 54 resources included (use -debug for more details)
[[1;34mINFO[m] Rat check: Summary over all files. Unapproved: 0, unknown: 0, generated: 0, approved: 47 licenses.
[[1;34mINFO[m] 
[[1;34mINFO[m] [1m--- [0;32mbuild-helper-maven-plugin:3.0.0:parse-version[m [1m(parse-version)[m @ [36mcommons-csv[0;1m ---[m
[[1;34mINFO[m] 
[[1;34mINFO[m] [1m--- [0;32mmaven-antrun-plugin:1.8:run[m [1m(javadoc.resources)[m @ [36mcommons-csv[0;1m ---[m
[[1;34mINFO[m] Executing tasks

main:
     [copy] Copying 2 files to /home/thomas/Desktop/bachelor_thesis/bachelor_thesis/Tool/Benchmarks/projects/commons-csv/target/apidocs/META-INF
[[1;34mINFO[m] Executed tasks
[[1;34mINFO[m] 
[[1;34mINFO[m] [1m--- [0;32mmaven-remote-resources-plugin:1.5:process[m [1m(process-resource-bundles)[m @ [36mcommons-csv[0;1m ---[m
[[1;34mINFO[m] 
[[1;34mINFO[m] [1m--- [0;32mbuildnumber-maven-plugin:1.4:create[m [1m(default)[m @ [36mcommons-csv[0;1m ---[m
[[1;34mINFO[m] Executing: /bin/sh -c cd '/home/thomas/Desktop/bachelor_thesis/bachelor_thesis/Tool/Benchmarks/projects/commons-csv' && 'git' 'rev-parse' '--verify' 'HEAD'
[[1;34mINFO[m] Working directory: /home/thomas/Desktop/bachelor_thesis/bachelor_thesis/Tool/Benchmarks/projects/commons-csv
[[1;34mINFO[m] Storing buildNumber: b8f6463716e2f62d997aa47c3509d74e80dbfe72 at timestamp: 1661474141117
[[1;34mINFO[m] Storing buildScmBranch: scripting
[[1;34mINFO[m] 
[[1;34mINFO[m] [1m--- [0;32mmaven-resources-plugin:3.1.0:resources[m [1m(default-resources)[m @ [36mcommons-csv[0;1m ---[m
[[1;34mINFO[m] Using 'UTF-8' encoding to copy filtered resources.
[[1;34mINFO[m] skip non existing resourceDirectory /home/thomas/Desktop/bachelor_thesis/bachelor_thesis/Tool/Benchmarks/projects/commons-csv/src/main/resources
[[1;34mINFO[m] Copying 2 resources to META-INF
[[1;34mINFO[m] 
[[1;34mINFO[m] [1m--- [0;32mmaven-compiler-plugin:3.8.0:compile[m [1m(default-compile)[m @ [36mcommons-csv[0;1m ---[m
[[1;34mINFO[m] Changes detected - recompiling the module!
[[1;34mINFO[m] Compiling 12 source files to /home/thomas/Desktop/bachelor_thesis/bachelor_thesis/Tool/Benchmarks/projects/commons-csv/target/classes
[[1;34mINFO[m] 
[[1;34mINFO[m] [1m--- [0;32mmaven-bundle-plugin:4.1.0:manifest[m [1m(bundle-manifest)[m @ [36mcommons-csv[0;1m ---[m
[[1;34mINFO[m] 
[[1;34mINFO[m] [1m--- [0;32manimal-sniffer-maven-plugin:1.17:check[m [1m(checkAPIcompatibility)[m @ [36mcommons-csv[0;1m ---[m
[[1;34mINFO[m] Checking unresolved references to org.codehaus.mojo.signature:java18:1.0
[[1;34mINFO[m] /home/thomas/Desktop/bachelor_thesis/bachelor_thesis/Tool/Benchmarks/projects/commons-csv/src/main/java/org/apache/commons/csv/IOUtils.java:82: Covariant return type change detected: java.nio.Buffer java.nio.CharBuffer.flip() has been changed to java.nio.CharBuffer java.nio.CharBuffer.flip()
[[1;34mINFO[m] 
[[1;34mINFO[m] [1m--- [0;32mmaven-resources-plugin:3.1.0:testResources[m [1m(default-testResources)[m @ [36mcommons-csv[0;1m ---[m
[[1;34mINFO[m] Using 'UTF-8' encoding to copy filtered resources.
[[1;34mINFO[m] Copying 14 resources
[[1;34mINFO[m] Copying 2 resources to META-INF
[[1;34mINFO[m] 
[[1;34mINFO[m] [1m--- [0;32mmaven-compiler-plugin:3.8.0:testCompile[m [1m(default-testCompile)[m @ [36mcommons-csv[0;1m ---[m
[[1;34mINFO[m] Changes detected - recompiling the module!
[[1;34mINFO[m] Compiling 19 source files to /home/thomas/Desktop/bachelor_thesis/bachelor_thesis/Tool/Benchmarks/projects/commons-csv/target/test-classes
[[1;34mINFO[m] /home/thomas/Desktop/bachelor_thesis/bachelor_thesis/Tool/Benchmarks/projects/commons-csv/src/test/java/org/apache/commons/csv/CSVFormatTest.java: /home/thomas/Desktop/bachelor_thesis/bachelor_thesis/Tool/Benchmarks/projects/commons-csv/src/test/java/org/apache/commons/csv/CSVFormatTest.java uses or overrides a deprecated API.
[[1;34mINFO[m] /home/thomas/Desktop/bachelor_thesis/bachelor_thesis/Tool/Benchmarks/projects/commons-csv/src/test/java/org/apache/commons/csv/CSVFormatTest.java: Recompile with -Xlint:deprecation for details.
[[1;34mINFO[m] 
[[1;34mINFO[m] [1m--- [0;32mjacoco-maven-plugin:0.8.3:prepare-agent[m [1m(prepare-agent)[m @ [36mcommons-csv[0;1m ---[m
[[1;34mINFO[m] argLine set to -javaagent:/home/thomas/.m2/repository/org/jacoco/org.jacoco.agent/0.8.3/org.jacoco.agent-0.8.3-runtime.jar=destfile=/home/thomas/Desktop/bachelor_thesis/bachelor_thesis/Tool/Benchmarks/projects/commons-csv/target/jacoco.exec
[[1;34mINFO[m] 
[[1;34mINFO[m] [1m--- [0;32mmaven-surefire-plugin:2.22.1:test[m [1m(default-test)[m @ [36mcommons-csv[0;1m ---[m
[[1;34mINFO[m] 
[[1;34mINFO[m] -------------------------------------------------------
[[1;34mINFO[m]  T E S T S
[[1;34mINFO[m] -------------------------------------------------------
[[1;34mINFO[m] Running org.apache.commons.csv.[1mCSVFormatPredefinedTest[m
[[1;33mWARNING[m] [1;33mTests [0;1mrun: [0;1m10[m, Failures: 0, Errors: 0, [1;33mSkipped: [0;1;33m4[m, Time elapsed: 0.036 s - in org.apache.commons.csv.[1mCSVFormatPredefinedTest[m
[[1;34mINFO[m] Running org.apache.commons.csv.[1mLexerTest[m
[[1;33mWARNING[m] [1;33mTests [0;1mrun: [0;1m26[m, Failures: 0, Errors: 0, [1;33mSkipped: [0;1;33m16[m, Time elapsed: 0.009 s - in org.apache.commons.csv.[1mLexerTest[m
[[1;34mINFO[m] Running org.apache.commons.csv.issues.[1mJiraCsv198Test[m
[[1;33mWARNING[m] [1;33mTests [0;1mrun: [0;1m1[m, Failures: 0, Errors: 0, [1;33mSkipped: [0;1;33m1[m, Time elapsed: 0.001 s - in org.apache.commons.csv.issues.[1mJiraCsv198Test[m
[[1;34mINFO[m] Running org.apache.commons.csv.issues.[1mJiraCsv164Test[m
[[1;33mWARNING[m] [1;33mTests [0;1mrun: [0;1m2[m, Failures: 0, Errors: 0, [1;33mSkipped: [0;1;33m2[m, Time elapsed: 0 s - in org.apache.commons.csv.issues.[1mJiraCsv164Test[m
[[1;34mINFO[m] Running org.apache.commons.csv.issues.[1mJiraCsv213Test[m
[[1;33mWARNING[m] [1;33mTests [0;1mrun: [0;1m1[m, Failures: 0, Errors: 0, [1;33mSkipped: [0;1;33m1[m, Time elapsed: 0 s - in org.apache.commons.csv.issues.[1mJiraCsv213Test[m
[[1;34mINFO[m] Running org.apache.commons.csv.issues.[1mJiraCsv167Test[m
[[1;33mWARNING[m] [1;33mTests [0;1mrun: [0;1m1[m, Failures: 0, Errors: 0, [1;33mSkipped: [0;1;33m1[m, Time elapsed: 0 s - in org.apache.commons.csv.issues.[1mJiraCsv167Test[m
[[1;34mINFO[m] Running org.apache.commons.csv.issues.[1mJiraCsv203Test[m
[[1;33mWARNING[m] [1;33mTests [0;1mrun: [0;1m7[m, Failures: 0, Errors: 0, [1;33mSkipped: [0;1;33m4[m, Time elapsed: 0.001 s - in org.apache.commons.csv.issues.[1mJiraCsv203Test[m
[[1;34mINFO[m] Running org.apache.commons.csv.[1mCSVPrinterTest[m
[[1;33mWARNING[m] [1;33mTests [0;1mrun: [0;1m99[m, Failures: 0, Errors: 0, [1;33mSkipped: [0;1;33m44[m, Time elapsed: 2.461 s - in org.apache.commons.csv.[1mCSVPrinterTest[m
[[1;34mINFO[m] Running org.apache.commons.csv.[1mTokenMatchersTest[m
[[1;33mWARNING[m] [1;33mTests [0;1mrun: [0;1m4[m, Failures: 0, Errors: 0, [1;33mSkipped: [0;1;33m3[m, Time elapsed: 0.001 s - in org.apache.commons.csv.[1mTokenMatchersTest[m
[[1;34mINFO[m] Running org.apache.commons.csv.[1mCSVRecordTest[m
[[1;33mWARNING[m] [1;33mTests [0;1mrun: [0;1m18[m, Failures: 0, Errors: 0, [1;33mSkipped: [0;1;33m9[m, Time elapsed: 0.001 s - in org.apache.commons.csv.[1mCSVRecordTest[m
[[1;34mINFO[m] Running org.apache.commons.csv.[1mCSVParserTest[m
[[1;33mWARNING[m] [1;33mTests [0;1mrun: [0;1m81[m, Failures: 0, Errors: 0, [1;33mSkipped: [0;1;33m13[m, Time elapsed: 0.023 s - in org.apache.commons.csv.[1mCSVParserTest[m
[[1;34mINFO[m] Running org.apache.commons.csv.[1mCSVFormatTest[m
[[1;34mINFO[m] [1;32mTests run: [0;1;32m56[m, Failures: 0, Errors: 0, Skipped: 0, Time elapsed: 0.016 s - in org.apache.commons.csv.[1mCSVFormatTest[m
[[1;34mINFO[m] Running org.apache.commons.csv.[1mExtendedBufferedReaderTest[m
[[1;33mWARNING[m] [1;33mTests [0;1mrun: [0;1m5[m, Failures: 0, Errors: 0, [1;33mSkipped: [0;1;33m1[m, Time elapsed: 0.001 s - in org.apache.commons.csv.[1mExtendedBufferedReaderTest[m
[[1;34mINFO[m] Running org.apache.commons.csv.[1mAssertionsTest[m
[[1;33mWARNING[m] [1;33mTests [0;1mrun: [0;1m2[m, Failures: 0, Errors: 0, [1;33mSkipped: [0;1;33m1[m, Time elapsed: 0.001 s - in org.apache.commons.csv.[1mAssertionsTest[m
[[1;34mINFO[m] 
[[1;34mINFO[m] Results:
[[1;34mINFO[m] 
[[1;33mWARNING[m] [1;33mTests run: 313, Failures: 0, Errors: 0, Skipped: 100[m
[[1;34mINFO[m] 
[[1;34mINFO[m] 
[[1;34mINFO[m] [1m--- [0;32mmaven-jar-plugin:3.1.1:jar[m [1m(default-jar)[m @ [36mcommons-csv[0;1m ---[m
[[1;34mINFO[m] Building jar: /home/thomas/Desktop/bachelor_thesis/bachelor_thesis/Tool/Benchmarks/projects/commons-csv/target/commons-csv-1.7.jar
[[1;34mINFO[m] 
[[1;34mINFO[m] [1m--- [0;32mmaven-assembly-plugin:2.6:single[m [1m(make-assembly)[m @ [36mcommons-csv[0;1m ---[m
[[1;34mINFO[m] Reading assembly descriptor: src/assembly/assembly.xml
[[1;34mINFO[m] Reading assembly descriptor: src/assembly/bin.xml
[[1;34mINFO[m] Reading assembly descriptor: src/assembly/src.xml
[[1;33mWARNING[m] The assembly descriptor contains a filesystem-root relative reference, which is not cross platform compatible /
[[1;33mWARNING[m] The assembly descriptor contains a filesystem-root relative reference, which is not cross platform compatible /
[[1;34mINFO[m] Building jar: /home/thomas/Desktop/bachelor_thesis/bachelor_thesis/Tool/Benchmarks/projects/commons-csv/target/commons-csv-1.7-fat-tests.jar
[[1;34mINFO[m] Building tar: /home/thomas/Desktop/bachelor_thesis/bachelor_thesis/Tool/Benchmarks/projects/commons-csv/target/commons-csv-1.7-bin.tar.gz
[[1;34mINFO[m] Building zip: /home/thomas/Desktop/bachelor_thesis/bachelor_thesis/Tool/Benchmarks/projects/commons-csv/target/commons-csv-1.7-bin.zip
[[1;34mINFO[m] Building tar: /home/thomas/Desktop/bachelor_thesis/bachelor_thesis/Tool/Benchmarks/projects/commons-csv/target/commons-csv-1.7-src.tar.gz
[[1;34mINFO[m] Building zip: /home/thomas/Desktop/bachelor_thesis/bachelor_thesis/Tool/Benchmarks/projects/commons-csv/target/commons-csv-1.7-src.zip
[[1;34mINFO[m] 
[[1;34mINFO[m] [1m--- [0;32mmaven-site-plugin:3.7.1:attach-descriptor[m [1m(attach-descriptor)[m @ [36mcommons-csv[0;1m ---[m
[[1;34mINFO[m] Skipping because packaging 'jar' is not pom.
[[1;34mINFO[m] 
[[1;34mINFO[m] [1m--- [0;32mmaven-jar-plugin:3.1.1:test-jar[m [1m(default)[m @ [36mcommons-csv[0;1m ---[m
[[1;34mINFO[m] Building jar: /home/thomas/Desktop/bachelor_thesis/bachelor_thesis/Tool/Benchmarks/projects/commons-csv/target/commons-csv-1.7-tests.jar
[[1;34mINFO[m] 
[[1;34mINFO[m] [1m--- [0;32mmaven-source-plugin:3.0.1:jar-no-fork[m [1m(create-source-jar)[m @ [36mcommons-csv[0;1m ---[m
[[1;34mINFO[m] Building jar: /home/thomas/Desktop/bachelor_thesis/bachelor_thesis/Tool/Benchmarks/projects/commons-csv/target/commons-csv-1.7-sources.jar
[[1;34mINFO[m] 
[[1;34mINFO[m] [1m--- [0;32mmaven-source-plugin:3.0.1:test-jar-no-fork[m [1m(create-source-jar)[m @ [36mcommons-csv[0;1m ---[m
[[1;34mINFO[m] Building jar: /home/thomas/Desktop/bachelor_thesis/bachelor_thesis/Tool/Benchmarks/projects/commons-csv/target/commons-csv-1.7-test-sources.jar
[[1;34mINFO[m] 
[[1;34mINFO[m] [1m--- [0;32mjacoco-maven-plugin:0.8.3:check[m [1m(check)[m @ [36mcommons-csv[0;1m ---[m
[[1;34mINFO[m] Loading execution data file /home/thomas/Desktop/bachelor_thesis/bachelor_thesis/Tool/Benchmarks/projects/commons-csv/target/jacoco.exec
[[1;34mINFO[m] Analyzed bundle 'commons-csv' with 15 classes
[[1;33mWARNING[m] Rule violated for bundle commons-csv: classes covered ratio is 0.93, but expected minimum is 1.00
[[1;33mWARNING[m] Rule violated for bundle commons-csv: instructions covered ratio is 0.88, but expected minimum is 0.90
[[1;33mWARNING[m] Rule violated for bundle commons-csv: methods covered ratio is 0.92, but expected minimum is 0.95
[[1;33mWARNING[m] Rule violated for bundle commons-csv: branches covered ratio is 0.84, but expected minimum is 0.85
[[1;33mWARNING[m] Rule violated for bundle commons-csv: lines covered ratio is 0.89, but expected minimum is 0.90
[[1;33mWARNING[m] Rule violated for bundle commons-csv: complexity covered ratio is 0.83, but expected minimum is 0.85
[[1;33mWARNING[m] Coverage checks have not been met. See log for details.
[[1;34mINFO[m] 
[[1;34mINFO[m] [1m--- [0;32mmaven-install-plugin:2.5.2:install[m [1m(default-install)[m @ [36mcommons-csv[0;1m ---[m
[[1;34mINFO[m] Installing /home/thomas/Desktop/bachelor_thesis/bachelor_thesis/Tool/Benchmarks/projects/commons-csv/target/commons-csv-1.7.jar to /home/thomas/.m2/repository/org/apache/commons/commons-csv/1.7/commons-csv-1.7.jar
[[1;34mINFO[m] Installing /home/thomas/Desktop/bachelor_thesis/bachelor_thesis/Tool/Benchmarks/projects/commons-csv/pom.xml to /home/thomas/.m2/repository/org/apache/commons/commons-csv/1.7/commons-csv-1.7.pom
[[1;34mINFO[m] Installing /home/thomas/Desktop/bachelor_thesis/bachelor_thesis/Tool/Benchmarks/projects/commons-csv/target/commons-csv-1.7-fat-tests.jar to /home/thomas/.m2/repository/org/apache/commons/commons-csv/1.7/commons-csv-1.7-fat-tests.jar
[[1;34mINFO[m] Installing /home/thomas/Desktop/bachelor_thesis/bachelor_thesis/Tool/Benchmarks/projects/commons-csv/target/commons-csv-1.7-bin.tar.gz to /home/thomas/.m2/repository/org/apache/commons/commons-csv/1.7/commons-csv-1.7-bin.tar.gz
[[1;34mINFO[m] Installing /home/thomas/Desktop/bachelor_thesis/bachelor_thesis/Tool/Benchmarks/projects/commons-csv/target/commons-csv-1.7-bin.zip to /home/thomas/.m2/repository/org/apache/commons/commons-csv/1.7/commons-csv-1.7-bin.zip
[[1;34mINFO[m] Installing /home/thomas/Desktop/bachelor_thesis/bachelor_thesis/Tool/Benchmarks/projects/commons-csv/target/commons-csv-1.7-src.tar.gz to /home/thomas/.m2/repository/org/apache/commons/commons-csv/1.7/commons-csv-1.7-src.tar.gz
[[1;34mINFO[m] Installing /home/thomas/Desktop/bachelor_thesis/bachelor_thesis/Tool/Benchmarks/projects/commons-csv/target/commons-csv-1.7-src.zip to /home/thomas/.m2/repository/org/apache/commons/commons-csv/1.7/commons-csv-1.7-src.zip
[[1;34mINFO[m] Installing /home/thomas/Desktop/bachelor_thesis/bachelor_thesis/Tool/Benchmarks/projects/commons-csv/target/commons-csv-1.7-tests.jar to /home/thomas/.m2/repository/org/apache/commons/commons-csv/1.7/commons-csv-1.7-tests.jar
[[1;34mINFO[m] Installing /home/thomas/Desktop/bachelor_thesis/bachelor_thesis/Tool/Benchmarks/projects/commons-csv/target/commons-csv-1.7-sources.jar to /home/thomas/.m2/repository/org/apache/commons/commons-csv/1.7/commons-csv-1.7-sources.jar
[[1;34mINFO[m] Installing /home/thomas/Desktop/bachelor_thesis/bachelor_thesis/Tool/Benchmarks/projects/commons-csv/target/commons-csv-1.7-test-sources.jar to /home/thomas/.m2/repository/org/apache/commons/commons-csv/1.7/commons-csv-1.7-test-sources.jar
[[1;34mINFO[m] [1m------------------------------------------------------------------------[m
[[1;34mINFO[m] [1;32mBUILD SUCCESS[m
[[1;34mINFO[m] [1m------------------------------------------------------------------------[m
[[1;34mINFO[m] Total time:  13.357 s
[[1;34mINFO[m] Finished at: 2022-08-26T02:35:53+02:00
[[1;34mINFO[m] [1m------------------------------------------------------------------------[m
[[1;34mINFO[m] Scanning for projects...
[[1;34mINFO[m] 
[[1;34mINFO[m] [1m-------------------< [0;36morg.apache.commons:commons-csv[0;1m >-------------------[m
[[1;34mINFO[m] [1mBuilding Apache Commons CSV 1.7[m
[[1;34mINFO[m] [1m--------------------------------[ jar ]---------------------------------[m
[[1;34mINFO[m] 
[[1;34mINFO[m] [1m--- [0;32mmaven-assembly-plugin:2.6:single[m [1m(default-cli)[m @ [36mcommons-csv[0;1m ---[m
[[1;34mINFO[m] Reading assembly descriptor: src/assembly/assembly.xml
[[1;34mINFO[m] Reading assembly descriptor: src/assembly/bin.xml
[[1;34mINFO[m] Reading assembly descriptor: src/assembly/src.xml
[[1;33mWARNING[m] The assembly descriptor contains a filesystem-root relative reference, which is not cross platform compatible /
[[1;33mWARNING[m] The assembly descriptor contains a filesystem-root relative reference, which is not cross platform compatible /
[[1;33mWARNING[m] Cannot include project artifact: org.apache.commons:commons-csv:jar:1.7; it doesn't have an associated file or directory.
[[1;34mINFO[m] Building jar: /home/thomas/Desktop/bachelor_thesis/bachelor_thesis/Tool/Benchmarks/projects/commons-csv/target/commons-csv-1.7-fat-tests.jar
[[1;34mINFO[m] Building tar: /home/thomas/Desktop/bachelor_thesis/bachelor_thesis/Tool/Benchmarks/projects/commons-csv/target/commons-csv-1.7-bin.tar.gz
[[1;34mINFO[m] Building zip: /home/thomas/Desktop/bachelor_thesis/bachelor_thesis/Tool/Benchmarks/projects/commons-csv/target/commons-csv-1.7-bin.zip
[[1;34mINFO[m] Building tar: /home/thomas/Desktop/bachelor_thesis/bachelor_thesis/Tool/Benchmarks/projects/commons-csv/target/commons-csv-1.7-src.tar.gz
[[1;34mINFO[m] Building zip: /home/thomas/Desktop/bachelor_thesis/bachelor_thesis/Tool/Benchmarks/projects/commons-csv/target/commons-csv-1.7-src.zip
[[1;34mINFO[m] [1m------------------------------------------------------------------------[m
[[1;34mINFO[m] [1;32mBUILD SUCCESS[m
[[1;34mINFO[m] [1m------------------------------------------------------------------------[m
[[1;34mINFO[m] Total time:  3.798 s
[[1;34mINFO[m] Finished at: 2022-08-26T02:35:57+02:00
[[1;34mINFO[m] [1m------------------------------------------------------------------------[m
WARNING: An illegal reflective access operation has occurred
WARNING: Illegal reflective access by com.google.inject.internal.cglib.core.$ReflectUtils$1 (file:/usr/share/maven/lib/guice.jar) to method java.lang.ClassLoader.defineClass(java.lang.String,byte[],int,int,java.security.ProtectionDomain)
WARNING: Please consider reporting this to the maintainers of com.google.inject.internal.cglib.core.$ReflectUtils$1
WARNING: Use --illegal-access=warn to enable warnings of further illegal reflective access operations
WARNING: All illegal access operations will be denied in a future release
[[1;34mINFO[m] Scanning for projects...
[[1;34mINFO[m] 
[[1;34mINFO[m] [1m-------------------< [0;36morg.apache.commons:commons-csv[0;1m >-------------------[m
[[1;34mINFO[m] [1mBuilding Apache Commons CSV 1.7[m
[[1;34mINFO[m] [1m--------------------------------[ jar ]---------------------------------[m
[[1;34mINFO[m] 
[[1;34mINFO[m] [1m--- [0;32mpitest-maven:1.7.2:mutationCoverage[m [1m(default-cli)[m @ [36mcommons-csv[0;1m ---[m
[[1;34mINFO[m] Found plugin : Default csv report plugin
[[1;34mINFO[m] Found plugin : Default xml report plugin
[[1;34mINFO[m] Found plugin : Default html report plugin
[[1;34mINFO[m] Found plugin : Static initializer code detector plugin
[[1;34mINFO[m] Found plugin : Excluded annotations plugin
[[1;34mINFO[m] Found plugin : Try with resources filter
[[1;34mINFO[m] Found plugin : Inlined finally block filter plugin
[[1;34mINFO[m] Found plugin : Implicit null check filter
[[1;34mINFO[m] Found plugin : Method reference null check filter
[[1;34mINFO[m] Found plugin : For each loop filter
[[1;34mINFO[m] Found plugin : Enum constructor filter
[[1;34mINFO[m] Found plugin : Record junk mutation filter
[[1;34mINFO[m] Found plugin : Logging calls filter
[[1;34mINFO[m] Found plugin : Infinite for loop filter
[[1;34mINFO[m] Found plugin : Long running iterator loop filter
[[1;34mINFO[m] Found plugin : For loop counter filter
[[1;34mINFO[m] Found plugin : Kotlin junk mutations filter
[[1;34mINFO[m] Found plugin : Max mutations per class limit
[[1;34mINFO[m] Found plugin : Equals shortcut equivalent mutant filter
[[1;34mINFO[m] Found plugin : Trivial return vals equivalence filter
[[1;34mINFO[m] Found plugin : Mutant export plugin
[[1;34mINFO[m] Found shared classpath plugin : Default mutation engine
[[1;34mINFO[m] Found shared classpath plugin : JUnit plugin
[[1;34mINFO[m] Found shared classpath plugin : TestNG plugin
[[1;34mINFO[m] Available mutators : EXPERIMENTAL_ARGUMENT_PROPAGATION,FALSE_RETURNS,TRUE_RETURNS,CONDITIONALS_BOUNDARY,CONSTRUCTOR_CALLS,EMPTY_RETURNS,INCREMENTS,INLINE_CONSTS,INVERT_NEGS,MATH,NEGATE_CONDITIONALS,NON_VOID_METHOD_CALLS,NULL_RETURNS,PRIMITIVE_RETURNS,REMOVE_CONDITIONALS_EQUAL_IF,REMOVE_CONDITIONALS_EQUAL_ELSE,REMOVE_CONDITIONALS_ORDER_IF,REMOVE_CONDITIONALS_ORDER_ELSE,RETURN_VALS,VOID_METHOD_CALLS,EXPERIMENTAL_BIG_INTEGER,EXPERIMENTAL_MEMBER_VARIABLE,EXPERIMENTAL_NAKED_RECEIVER,REMOVE_INCREMENTS,EXPERIMENTAL_RETURN_VALUES_MUTATOR,EXPERIMENTAL_SWITCH,EXPERIMENTAL_BIG_INTEGER,ABS,AOD1,AOD2,AOR1,AOR2,AOR3,AOR4,CRCR1,CRCR2,CRCR3,CRCR4,CRCR5,CRCR6,OBBN1,OBBN2,OBBN3,ROR1,ROR2,ROR3,ROR4,ROR5,UOI1,UOI2,UOI3,UOI4
[[1;34mINFO[m] Adding org.pitest:pitest to SUT classpath
[[1;34mINFO[m] Mutating from /home/thomas/Desktop/bachelor_thesis/bachelor_thesis/Tool/Benchmarks/projects/commons-csv/target/classes
[[1;34mINFO[m] Defaulting target classes to match packages in build directory
[[1;34mINFO[m] Defaulting target tests to match packages in test build directory
2:35:59 AM PIT >> INFO : Verbose logging is disabled. If you encounter a problem, please enable it before reporting an issue.
2:36:00 AM PIT >> INFO : Incremental analysis reduced number of mutations by 0
2:36:00 AM PIT >> INFO : Created  11 mutation test units in pre scan
2:36:00 AM PIT >> INFO : Sending 48 test classes to minion
2:36:00 AM PIT >> INFO : Sent tests to minion
/-\|/-\|/-\|/-\|/-\|/-\|/-\|/-\|/-\|/-\|/-\|/-\|/-\|/-\|/-\|/-\|/-\|/-\|/-\|/-\|/-\|/-\|/-\|/-\|/-\|/-\|/-\|/-\|/-\|/-\|/-\|/-\|/-\|/-\|/-\|/-\|/-\|/-\|/-\|/-\|2:36:00 AM PIT >> INFO : MINION : WARNING: An illegal reflective access operation has occurred
2:36:00 AM PIT >> INFO : MINION : WARNING: Illegal reflective access by org.mockito.internal.creation.cglib.ClassImposterizer (file:/home/thomas/.m2/repository/org/mockito/mockito-all/1.10.19/mockito-all-1.10.19.jar) to constructor java.io.Writer(java.lang.Object)
2:36:00 AM PIT >> INFO : MINION : WARNING: Please consider reporting this to the maintainers of org.mockito.internal.creation.cglib.ClassImposterizer
2:36:00 AM PIT >> INFO : MINION : WARNING: Use --illegal-access=warn to enable warnings of further illegal reflective access operations
2:36:00 AM PIT >> INFO : MINION : WARNING: All illegal access operations will be denied in a future release
/-\|/-\|/-\|/-\|/-\|/-\|/-\|/-\|/-\|/-\|/-\|/-\|/-\|/-\|/-\|/-\|/-\|/-\|/-\|/-\|/-\|/-\|/-\|/-\|/-\|/-\|/-\|/-\|/-\|/-\|/-\|/-\|/-\|/-\|/-\|/-\|/-\|/-\|/-\|/-\|/-\|/2:36:03 AM PIT >> INFO : Calculated coverage in 3 seconds.
2:36:03 AM PIT >> INFO : Incremental analysis reduced number of mutations by 0
2:36:03 AM PIT >> INFO : Created  11 mutation test units
/2:36:18 AM PIT >> WARNING : Minion exited abnormally due to TIMED_OUT
2:36:24 AM PIT >> WARNING : Minion exited abnormally due to TIMED_OUT
2:36:31 AM PIT >> WARNING : Minion exited abnormally due to TIMED_OUT
-2:36:36 AM PIT >> WARNING : Minion exited abnormally due to TIMED_OUT
2:36:40 AM PIT >> WARNING : Minion exited abnormally due to TIMED_OUT
2:36:44 AM PIT >> WARNING : Minion exited abnormally due to TIMED_OUT
2:36:48 AM PIT >> WARNING : Minion exited abnormally due to TIMED_OUT
2:36:52 AM PIT >> WARNING : Minion exited abnormally due to TIMED_OUT
\|/-\|/-\2:37:03 AM PIT >> INFO : Completed in 63 seconds
================================================================================
- Mutators
================================================================================
> org.pitest.mutationtest.engine.gregor.mutators.returns.PrimitiveReturnsMutator
>> Generated 29 Killed 20 (69%)
> KILLED 20 SURVIVED 2 TIMED_OUT 0 NON_VIABLE 0 
> MEMORY_ERROR 0 NOT_STARTED 0 STARTED 0 RUN_ERROR 0 
> NO_COVERAGE 7 
--------------------------------------------------------------------------------
> org.pitest.mutationtest.engine.gregor.mutators.ConditionalsBoundaryMutator
>> Generated 32 Killed 16 (50%)
> KILLED 16 SURVIVED 7 TIMED_OUT 0 NON_VIABLE 0 
> MEMORY_ERROR 0 NOT_STARTED 0 STARTED 0 RUN_ERROR 0 
> NO_COVERAGE 9 
--------------------------------------------------------------------------------
> org.pitest.mutationtest.engine.gregor.mutators.IncrementsMutator
>> Generated 13 Killed 9 (69%)
> KILLED 9 SURVIVED 0 TIMED_OUT 0 NON_VIABLE 0 
> MEMORY_ERROR 0 NOT_STARTED 0 STARTED 0 RUN_ERROR 0 
> NO_COVERAGE 4 
--------------------------------------------------------------------------------
> org.pitest.mutationtest.engine.gregor.mutators.VoidMethodCallMutator
>> Generated 64 Killed 51 (80%)
> KILLED 50 SURVIVED 7 TIMED_OUT 1 NON_VIABLE 0 
> MEMORY_ERROR 0 NOT_STARTED 0 STARTED 0 RUN_ERROR 0 
> NO_COVERAGE 6 
--------------------------------------------------------------------------------
> org.pitest.mutationtest.engine.gregor.mutators.returns.BooleanTrueReturnValsMutator
>> Generated 51 Killed 47 (92%)
> KILLED 45 SURVIVED 0 TIMED_OUT 2 NON_VIABLE 0 
> MEMORY_ERROR 0 NOT_STARTED 0 STARTED 0 RUN_ERROR 0 
> NO_COVERAGE 4 
--------------------------------------------------------------------------------
> org.pitest.mutationtest.engine.gregor.mutators.returns.NullReturnValsMutator
>> Generated 78 Killed 66 (85%)
> KILLED 66 SURVIVED 8 TIMED_OUT 0 NON_VIABLE 0 
> MEMORY_ERROR 0 NOT_STARTED 0 STARTED 0 RUN_ERROR 0 
> NO_COVERAGE 4 
--------------------------------------------------------------------------------
> org.pitest.mutationtest.engine.gregor.mutators.MathMutator
>> Generated 50 Killed 18 (36%)
> KILLED 18 SURVIVED 26 TIMED_OUT 0 NON_VIABLE 0 
> MEMORY_ERROR 0 NOT_STARTED 0 STARTED 0 RUN_ERROR 0 
> NO_COVERAGE 6 
--------------------------------------------------------------------------------
> org.pitest.mutationtest.engine.gregor.mutators.returns.BooleanFalseReturnValsMutator
>> Generated 14 Killed 14 (100%)
> KILLED 14 SURVIVED 0 TIMED_OUT 0 NON_VIABLE 0 
> MEMORY_ERROR 0 NOT_STARTED 0 STARTED 0 RUN_ERROR 0 
> NO_COVERAGE 0 
--------------------------------------------------------------------------------
> org.pitest.mutationtest.engine.gregor.mutators.returns.EmptyObjectReturnValsMutator
>> Generated 19 Killed 15 (79%)
> KILLED 15 SURVIVED 1 TIMED_OUT 0 NON_VIABLE 0 
> MEMORY_ERROR 0 NOT_STARTED 0 STARTED 0 RUN_ERROR 0 
> NO_COVERAGE 3 
--------------------------------------------------------------------------------
> org.pitest.mutationtest.engine.gregor.mutators.NegateConditionalsMutator
>> Generated 292 Killed 261 (89%)
> KILLED 256 SURVIVED 9 TIMED_OUT 5 NON_VIABLE 0 
> MEMORY_ERROR 0 NOT_STARTED 0 STARTED 0 RUN_ERROR 0 
> NO_COVERAGE 22 
--------------------------------------------------------------------------------
================================================================================
- Timings
================================================================================
> pre-scan for mutations : < 1 second
> scan classpath : < 1 second
> coverage and dependency analysis : 3 seconds
> build mutation tests : < 1 second
> run mutation analysis : 59 seconds
--------------------------------------------------------------------------------
> Total  : 1 minutes and 3 seconds
--------------------------------------------------------------------------------
================================================================================
- Statistics
================================================================================
>> Line Coverage: 892/985 (91%)
>> Generated 642 mutations Killed 517 (81%)
>> Mutations with no coverage 65. Test strength 90%
>> Ran 2113 tests (3.29 tests per mutation)

Pitest development is currently supported by GroupCDG.
Enhanced functionality available at https://pitest.groupcdg.com/
[[1;34mINFO[m] [1m------------------------------------------------------------------------[m
[[1;34mINFO[m] [1;32mBUILD SUCCESS[m
[[1;34mINFO[m] [1m------------------------------------------------------------------------[m
[[1;34mINFO[m] Total time:  01:04 min
[[1;34mINFO[m] Finished at: 2022-08-26T02:37:03+02:00
[[1;34mINFO[m] [1m------------------------------------------------------------------------[m
HEAD is now at b8f6463 java tuble rts
