HEAD is now at 180fd501 add minimal json rts
[[1;34mINFO[m] Scanning for projects...
[[1;34mINFO[m] 
[[1;34mINFO[m] [1m------------< [0;36mcom.eclipsesource.minimal-json:minimal-json[0;1m >-------------[m
[[1;34mINFO[m] [1mBuilding minimal-json 0.9.6-SNAPSHOT[m
[[1;34mINFO[m] [1m-------------------------------[ bundle ]-------------------------------[m
[[1;34mINFO[m] 
[[1;34mINFO[m] [1m--- [0;32mmaven-clean-plugin:2.5:clean[m [1m(default-clean)[m @ [36mminimal-json[0;1m ---[m
[[1;34mINFO[m] Deleting /home/thomas/Desktop/bachelor_thesis/bachelor_thesis/Tool/Benchmarks/projects/minimal-json/com.eclipsesource.json/target
[[1;34mINFO[m] 
[[1;34mINFO[m] [1m--- [0;32mmaven-resources-plugin:3.3.0:resources[m [1m(default-resources)[m @ [36mminimal-json[0;1m ---[m
[[1;34mINFO[m] skip non existing resourceDirectory /home/thomas/Desktop/bachelor_thesis/bachelor_thesis/Tool/Benchmarks/projects/minimal-json/com.eclipsesource.json/src/main/resources
[[1;34mINFO[m] 
[[1;34mINFO[m] [1m--- [0;32mmaven-compiler-plugin:3.2:compile[m [1m(default-compile)[m @ [36mminimal-json[0;1m ---[m
[[1;34mINFO[m] Changes detected - recompiling the module!
[[1;34mINFO[m] Compiling 15 source files to /home/thomas/Desktop/bachelor_thesis/bachelor_thesis/Tool/Benchmarks/projects/minimal-json/com.eclipsesource.json/target/classes
[[1;34mINFO[m] 
[[1;34mINFO[m] [1m--- [0;32mmaven-resources-plugin:3.3.0:testResources[m [1m(default-testResources)[m @ [36mminimal-json[0;1m ---[m
[[1;34mINFO[m] skip non existing resourceDirectory /home/thomas/Desktop/bachelor_thesis/bachelor_thesis/Tool/Benchmarks/projects/minimal-json/com.eclipsesource.json/src/test/resources
[[1;34mINFO[m] 
[[1;34mINFO[m] [1m--- [0;32mmaven-compiler-plugin:3.2:testCompile[m [1m(default-testCompile)[m @ [36mminimal-json[0;1m ---[m
[[1;34mINFO[m] Changes detected - recompiling the module!
[[1;34mINFO[m] Compiling 14 source files to /home/thomas/Desktop/bachelor_thesis/bachelor_thesis/Tool/Benchmarks/projects/minimal-json/com.eclipsesource.json/target/test-classes
[[1;34mINFO[m] 
[[1;34mINFO[m] [1m--- [0;32mmaven-surefire-plugin:3.0.0-M7:test[m [1m(default-test)[m @ [36mminimal-json[0;1m ---[m
[[1;34mINFO[m] Using auto detected provider org.apache.maven.surefire.junit4.JUnit4Provider
[[1;34mINFO[m] 
[[1;34mINFO[m] -------------------------------------------------------
[[1;34mINFO[m]  T E S T S
[[1;34mINFO[m] -------------------------------------------------------
[[1;34mINFO[m] Running com.eclipsesource.json.test.mocking.[1mMocking_Test[m
[[1;34mINFO[m] [1;32mTests run: [0;1;32m4[m, Failures: 0, Errors: 0, Skipped: 0, Time elapsed: 0.125 s - in com.eclipsesource.json.test.mocking.[1mMocking_Test[m
[[1;34mINFO[m] Running com.eclipsesource.json.[1mJsonValue_Test[m
[[1;33mWARNING[m] [1;33mTests [0;1mrun: [0;1m24[m, Failures: 0, Errors: 0, [1;33mSkipped: [0;1;33m1[m, Time elapsed: 0.035 s - in com.eclipsesource.json.[1mJsonValue_Test[m
[[1;34mINFO[m] Running com.eclipsesource.json.[1mJsonObject_Test[m
[[1;33mWARNING[m] [1;33mTests [0;1mrun: [0;1m135[m, Failures: 0, Errors: 0, [1;33mSkipped: [0;1;33m6[m, Time elapsed: 0.056 s - in com.eclipsesource.json.[1mJsonObject_Test[m
[[1;34mINFO[m] Running com.eclipsesource.json.[1mJsonWriter_Test[m
[[1;33mWARNING[m] [1;33mTests [0;1mrun: [0;1m19[m, Failures: 0, Errors: 0, [1;33mSkipped: [0;1;33m5[m, Time elapsed: 0.001 s - in com.eclipsesource.json.[1mJsonWriter_Test[m
[[1;34mINFO[m] Running com.eclipsesource.json.[1mJsonLiteral_Test[m
[[1;33mWARNING[m] [1;33mTests [0;1mrun: [0;1m17[m, Failures: 0, Errors: 0, [1;33mSkipped: [0;1;33m3[m, Time elapsed: 0.001 s - in com.eclipsesource.json.[1mJsonLiteral_Test[m
[[1;34mINFO[m] Running com.eclipsesource.json.[1mJson_Test[m
[[1;33mWARNING[m] [1;33mTests [0;1mrun: [0;1m32[m, Failures: 0, Errors: 0, [1;33mSkipped: [0;1;33m1[m, Time elapsed: 0.001 s - in com.eclipsesource.json.[1mJson_Test[m
[[1;34mINFO[m] Running com.eclipsesource.json.[1mWritingBuffer_Test[m
[[1;34mINFO[m] [1;32mTests run: [0;1;32m12[m, Failures: 0, Errors: 0, Skipped: 0, Time elapsed: 0 s - in com.eclipsesource.json.[1mWritingBuffer_Test[m
[[1;34mINFO[m] Running com.eclipsesource.json.[1mJsonArray_Test[m
[[1;33mWARNING[m] [1;33mTests [0;1mrun: [0;1m82[m, Failures: 0, Errors: 0, [1;33mSkipped: [0;1;33m12[m, Time elapsed: 0.008 s - in com.eclipsesource.json.[1mJsonArray_Test[m
[[1;34mINFO[m] Running com.eclipsesource.json.[1mJsonString_Test[m
[[1;34mINFO[m] [1;32mTests run: [0;1;32m13[m, Failures: 0, Errors: 0, Skipped: 0, Time elapsed: 0 s - in com.eclipsesource.json.[1mJsonString_Test[m
[[1;34mINFO[m] Running com.eclipsesource.json.[1mJsonParser_Test[m
[[1;33mWARNING[m] [1;33mTests [0;1mrun: [0;1m77[m, Failures: 0, Errors: 0, [1;33mSkipped: [0;1;33m6[m, Time elapsed: 0.052 s - in com.eclipsesource.json.[1mJsonParser_Test[m
[[1;34mINFO[m] Running com.eclipsesource.json.[1mParseException_Test[m
[[1;34mINFO[m] [1;32mTests run: [0;1;32m3[m, Failures: 0, Errors: 0, Skipped: 0, Time elapsed: 0 s - in com.eclipsesource.json.[1mParseException_Test[m
[[1;34mINFO[m] Running com.eclipsesource.json.[1mJsonNumber_Test[m
[[1;33mWARNING[m] [1;33mTests [0;1mrun: [0;1m24[m, Failures: 0, Errors: 0, [1;33mSkipped: [0;1;33m1[m, Time elapsed: 0.001 s - in com.eclipsesource.json.[1mJsonNumber_Test[m
[[1;34mINFO[m] Running com.eclipsesource.json.[1mPrettyPrint_Test[m
[[1;33mWARNING[m] [1;33mTests [0;1mrun: [0;1m15[m, Failures: 0, Errors: 0, [1;33mSkipped: [0;1;33m2[m, Time elapsed: 0.001 s - in com.eclipsesource.json.[1mPrettyPrint_Test[m
[[1;34mINFO[m] 
[[1;34mINFO[m] Results:
[[1;34mINFO[m] 
[[1;33mWARNING[m] [1;33mTests run: 457, Failures: 0, Errors: 0, Skipped: 37[m
[[1;34mINFO[m] 
[[1;34mINFO[m] 
[[1;34mINFO[m] [1m--- [0;32mmaven-bundle-plugin:1.4.0:bundle[m [1m(default-bundle)[m @ [36mminimal-json[0;1m ---[m
[[1;34mINFO[m] 
[[1;34mINFO[m] [1m--- [0;32mmaven-assembly-plugin:2.6:single[m [1m(make-assembly)[m @ [36mminimal-json[0;1m ---[m
[[1;34mINFO[m] Reading assembly descriptor: src/assembly/assembly.xml
[[1;33mWARNING[m] The assembly descriptor contains a filesystem-root relative reference, which is not cross platform compatible /
[[1;33mWARNING[m] The assembly descriptor contains a filesystem-root relative reference, which is not cross platform compatible /
[[1;34mINFO[m] Building jar: /home/thomas/Desktop/bachelor_thesis/bachelor_thesis/Tool/Benchmarks/projects/minimal-json/com.eclipsesource.json/target/minimal-json-0.9.6-SNAPSHOT-fat-tests.jar
[[1;34mINFO[m] 
[[1;34mINFO[m] [1m>>> [0;32mmaven-source-plugin:2.4:jar[m [1m(attach-sources)[0;1m > [0;1mgenerate-sources[m @ [36mminimal-json[0;1m >>>[m
[[1;34mINFO[m] 
[[1;34mINFO[m] [1m<<< [0;32mmaven-source-plugin:2.4:jar[m [1m(attach-sources)[0;1m < [0;1mgenerate-sources[m @ [36mminimal-json[0;1m <<<[m
[[1;34mINFO[m] 
[[1;34mINFO[m] 
[[1;34mINFO[m] [1m--- [0;32mmaven-source-plugin:2.4:jar[m [1m(attach-sources)[m @ [36mminimal-json[0;1m ---[m
[[1;34mINFO[m] Building jar: /home/thomas/Desktop/bachelor_thesis/bachelor_thesis/Tool/Benchmarks/projects/minimal-json/com.eclipsesource.json/target/minimal-json-0.9.6-SNAPSHOT-sources.jar
[[1;34mINFO[m] 
[[1;34mINFO[m] [1m--- [0;32mmaven-install-plugin:3.0.1:install[m [1m(default-install)[m @ [36mminimal-json[0;1m ---[m
[[1;34mINFO[m] Installing /home/thomas/Desktop/bachelor_thesis/bachelor_thesis/Tool/Benchmarks/projects/minimal-json/com.eclipsesource.json/pom.xml to /home/thomas/.m2/repository/com/eclipsesource/minimal-json/minimal-json/0.9.6-SNAPSHOT/minimal-json-0.9.6-SNAPSHOT.pom
[[1;34mINFO[m] Installing /home/thomas/Desktop/bachelor_thesis/bachelor_thesis/Tool/Benchmarks/projects/minimal-json/com.eclipsesource.json/target/minimal-json-0.9.6-SNAPSHOT.jar to /home/thomas/.m2/repository/com/eclipsesource/minimal-json/minimal-json/0.9.6-SNAPSHOT/minimal-json-0.9.6-SNAPSHOT.jar
[[1;34mINFO[m] Installing /home/thomas/Desktop/bachelor_thesis/bachelor_thesis/Tool/Benchmarks/projects/minimal-json/com.eclipsesource.json/target/minimal-json-0.9.6-SNAPSHOT-fat-tests.jar to /home/thomas/.m2/repository/com/eclipsesource/minimal-json/minimal-json/0.9.6-SNAPSHOT/minimal-json-0.9.6-SNAPSHOT-fat-tests.jar
[[1;34mINFO[m] Installing /home/thomas/Desktop/bachelor_thesis/bachelor_thesis/Tool/Benchmarks/projects/minimal-json/com.eclipsesource.json/target/minimal-json-0.9.6-SNAPSHOT-sources.jar to /home/thomas/.m2/repository/com/eclipsesource/minimal-json/minimal-json/0.9.6-SNAPSHOT/minimal-json-0.9.6-SNAPSHOT-sources.jar
[[1;34mINFO[m] 
[[1;34mINFO[m] [1m--- [0;32mmaven-bundle-plugin:1.4.0:install[m [1m(default-install)[m @ [36mminimal-json[0;1m ---[m
[[1;34mINFO[m] Parsing file:/home/thomas/.m2/repository/repository.xml
[[1;34mINFO[m] Installing com/eclipsesource/minimal-json/minimal-json/0.9.6-SNAPSHOT/minimal-json-0.9.6-SNAPSHOT.jar
[[1;34mINFO[m] Writing OBR metadata
[[1;34mINFO[m] [1m------------------------------------------------------------------------[m
[[1;34mINFO[m] [1;32mBUILD SUCCESS[m
[[1;34mINFO[m] [1m------------------------------------------------------------------------[m
[[1;34mINFO[m] Total time:  3.445 s
[[1;34mINFO[m] Finished at: 2022-08-26T21:01:50+02:00
[[1;34mINFO[m] [1m------------------------------------------------------------------------[m
[[1;34mINFO[m] Scanning for projects...
[[1;34mINFO[m] 
[[1;34mINFO[m] [1m------------< [0;36mcom.eclipsesource.minimal-json:minimal-json[0;1m >-------------[m
[[1;34mINFO[m] [1mBuilding minimal-json 0.9.6-SNAPSHOT[m
[[1;34mINFO[m] [1m-------------------------------[ bundle ]-------------------------------[m
[[1;34mINFO[m] 
[[1;34mINFO[m] [1m--- [0;32mmaven-assembly-plugin:2.6:single[m [1m(default-cli)[m @ [36mminimal-json[0;1m ---[m
[[1;34mINFO[m] Reading assembly descriptor: src/assembly/assembly.xml
[[1;33mWARNING[m] The assembly descriptor contains a filesystem-root relative reference, which is not cross platform compatible /
[[1;33mWARNING[m] The assembly descriptor contains a filesystem-root relative reference, which is not cross platform compatible /
[[1;33mWARNING[m] Cannot include project artifact: com.eclipsesource.minimal-json:minimal-json:bundle:0.9.6-SNAPSHOT; it doesn't have an associated file or directory.
[[1;34mINFO[m] Building jar: /home/thomas/Desktop/bachelor_thesis/bachelor_thesis/Tool/Benchmarks/projects/minimal-json/com.eclipsesource.json/target/minimal-json-0.9.6-SNAPSHOT-fat-tests.jar
[[1;34mINFO[m] [1m------------------------------------------------------------------------[m
[[1;34mINFO[m] [1;32mBUILD SUCCESS[m
[[1;34mINFO[m] [1m------------------------------------------------------------------------[m
[[1;34mINFO[m] Total time:  1.188 s
[[1;34mINFO[m] Finished at: 2022-08-26T21:01:52+02:00
[[1;34mINFO[m] [1m------------------------------------------------------------------------[m
WARNING: An illegal reflective access operation has occurred
WARNING: Illegal reflective access by com.google.inject.internal.cglib.core.$ReflectUtils$1 (file:/usr/share/maven/lib/guice.jar) to method java.lang.ClassLoader.defineClass(java.lang.String,byte[],int,int,java.security.ProtectionDomain)
WARNING: Please consider reporting this to the maintainers of com.google.inject.internal.cglib.core.$ReflectUtils$1
WARNING: Use --illegal-access=warn to enable warnings of further illegal reflective access operations
WARNING: All illegal access operations will be denied in a future release
[[1;34mINFO[m] Scanning for projects...
[[1;34mINFO[m] 
[[1;34mINFO[m] [1m------------< [0;36mcom.eclipsesource.minimal-json:minimal-json[0;1m >-------------[m
[[1;34mINFO[m] [1mBuilding minimal-json 0.9.6-SNAPSHOT[m
[[1;34mINFO[m] [1m-------------------------------[ bundle ]-------------------------------[m
[[1;34mINFO[m] 
[[1;34mINFO[m] [1m--- [0;32mpitest-maven:1.7.2:mutationCoverage[m [1m(default-cli)[m @ [36mminimal-json[0;1m ---[m
[[1;34mINFO[m] Found plugin : Default csv report plugin
[[1;34mINFO[m] Found plugin : Default xml report plugin
[[1;34mINFO[m] Found plugin : Default html report plugin
[[1;34mINFO[m] Found plugin : Static initializer code detector plugin
[[1;34mINFO[m] Found plugin : Excluded annotations plugin
[[1;34mINFO[m] Found plugin : Try with resources filter
[[1;34mINFO[m] Found plugin : Inlined finally block filter plugin
[[1;34mINFO[m] Found plugin : Implicit null check filter
[[1;34mINFO[m] Found plugin : Method reference null check filter
[[1;34mINFO[m] Found plugin : For each loop filter
[[1;34mINFO[m] Found plugin : Enum constructor filter
[[1;34mINFO[m] Found plugin : Record junk mutation filter
[[1;34mINFO[m] Found plugin : Logging calls filter
[[1;34mINFO[m] Found plugin : Infinite for loop filter
[[1;34mINFO[m] Found plugin : Long running iterator loop filter
[[1;34mINFO[m] Found plugin : For loop counter filter
[[1;34mINFO[m] Found plugin : Kotlin junk mutations filter
[[1;34mINFO[m] Found plugin : Max mutations per class limit
[[1;34mINFO[m] Found plugin : Equals shortcut equivalent mutant filter
[[1;34mINFO[m] Found plugin : Trivial return vals equivalence filter
[[1;34mINFO[m] Found plugin : Mutant export plugin
[[1;34mINFO[m] Found shared classpath plugin : Default mutation engine
[[1;34mINFO[m] Found shared classpath plugin : JUnit plugin
[[1;34mINFO[m] Found shared classpath plugin : TestNG plugin
[[1;34mINFO[m] Available mutators : EXPERIMENTAL_ARGUMENT_PROPAGATION,FALSE_RETURNS,TRUE_RETURNS,CONDITIONALS_BOUNDARY,CONSTRUCTOR_CALLS,EMPTY_RETURNS,INCREMENTS,INLINE_CONSTS,INVERT_NEGS,MATH,NEGATE_CONDITIONALS,NON_VOID_METHOD_CALLS,NULL_RETURNS,PRIMITIVE_RETURNS,REMOVE_CONDITIONALS_EQUAL_IF,REMOVE_CONDITIONALS_EQUAL_ELSE,REMOVE_CONDITIONALS_ORDER_IF,REMOVE_CONDITIONALS_ORDER_ELSE,RETURN_VALS,VOID_METHOD_CALLS,EXPERIMENTAL_BIG_INTEGER,EXPERIMENTAL_MEMBER_VARIABLE,EXPERIMENTAL_NAKED_RECEIVER,REMOVE_INCREMENTS,EXPERIMENTAL_RETURN_VALUES_MUTATOR,EXPERIMENTAL_SWITCH,EXPERIMENTAL_BIG_INTEGER,ABS,AOD1,AOD2,AOR1,AOR2,AOR3,AOR4,CRCR1,CRCR2,CRCR3,CRCR4,CRCR5,CRCR6,OBBN1,OBBN2,OBBN3,ROR1,ROR2,ROR3,ROR4,ROR5,UOI1,UOI2,UOI3,UOI4
[[1;34mINFO[m] Adding org.pitest:pitest to SUT classpath
[[1;34mINFO[m] Mutating from /home/thomas/Desktop/bachelor_thesis/bachelor_thesis/Tool/Benchmarks/projects/minimal-json/com.eclipsesource.json/target/classes
[[1;34mINFO[m] Defaulting target classes to match packages in build directory
[[1;34mINFO[m] Defaulting target tests to match packages in test build directory
9:01:54 PM PIT >> INFO : Verbose logging is disabled. If you encounter a problem, please enable it before reporting an issue.
9:01:54 PM PIT >> INFO : Incremental analysis reduced number of mutations by 0
9:01:54 PM PIT >> INFO : Created  21 mutation test units in pre scan
9:01:54 PM PIT >> INFO : Sending 82 test classes to minion
9:01:54 PM PIT >> INFO : Sent tests to minion
/-\|/-\|/-\|/-\|/-\|/-\|/-\|/-\|/-\|/-\|/-\|/-\|/-\|/-\|/-\|/-\|/-\|/-\|/-\|/-\|9:01:55 PM PIT >> INFO : MINION : WARNING: An illegal reflective access operation has occurred
9:01:55 PM PIT >> INFO : MINION : WARNING: Illegal reflective access by org.mockito.cglib.core.ReflectUtils$2 (file:/home/thomas/.m2/repository/org/mockito/mockito-core/1.10.19/mockito-core-1.10.19.jar) to method java.lang.ClassLoader.defineClass(java.lang.String,byte[],int,int,java.security.ProtectionDomain)
9:01:55 PM PIT >> INFO : MINION : WARNING: Please consider reporting this to the maintainers of org.mockito.cglib.core.ReflectUtils$2
9:01:55 PM PIT >> INFO : MINION : WARNING: Use --illegal-access=warn to enable warnings of further illegal reflective access operations
9:01:55 PM PIT >> INFO : MINION : WARNING: All illegal access operations will be denied in a future release
/-\|/-\|/-\|/-\|/-\|/-\|/-\|/-\|/-\|/-\|/-\|/-\|/-\|/-\|/-\|/-\|/-\|/-\|/-\|/-\|/-\|/-\|/-\|/-\|/-\|/-\|/-\|/-\|/-\|/-\|/-\|/-\|/-\|/-\|/-\|/-\|/-\|/-\|/-\|/-\|/-\|/-\|/-\|/-\|/-\|/-\|/-\|/-\|/-\|/-\|/-\|/-\|/-\|/-\|/-\|/-\|/-\|/-\|/-\|/-\|/-\|/-\|/-\|/-\|/-\|/-\|/-\|/-\|/-\|/-\|/-\|/-\|/-\|/-\|/-\|/-\|/-\|/-\|/-\|/-\|/-\|/-\|/-\|/-\|/-\|/-\|/-\|/-\|/-\|/-\|/-\|/-\|/-\|/-\|/9:01:55 PM PIT >> INFO : Calculated coverage in 1 seconds.
9:01:56 PM PIT >> INFO : Incremental analysis reduced number of mutations by 0
9:01:56 PM PIT >> INFO : Created  21 mutation test units
9:02:00 PM PIT >> WARNING : Minion exited abnormally due to TIMED_OUT
9:02:05 PM PIT >> WARNING : Minion exited abnormally due to TIMED_OUT
9:02:09 PM PIT >> WARNING : Minion exited abnormally due to TIMED_OUT
9:02:12 PM PIT >> WARNING : Minion exited abnormally due to TIMED_OUT
9:02:16 PM PIT >> WARNING : Minion exited abnormally due to TIMED_OUT
9:02:19 PM PIT >> WARNING : Minion exited abnormally due to TIMED_OUT
/-\|/-\9:02:30 PM PIT >> WARNING : Minion exited abnormally due to TIMED_OUT
9:02:33 PM PIT >> WARNING : Minion exited abnormally due to TIMED_OUT
|/-\|/-\|/-\|/9:02:40 PM PIT >> INFO : Completed in 45 seconds
================================================================================
- Mutators
================================================================================
> org.pitest.mutationtest.engine.gregor.mutators.ConditionalsBoundaryMutator
>> Generated 31 Killed 19 (61%)
> KILLED 19 SURVIVED 12 TIMED_OUT 0 NON_VIABLE 0 
> MEMORY_ERROR 0 NOT_STARTED 0 STARTED 0 RUN_ERROR 0 
> NO_COVERAGE 0 
--------------------------------------------------------------------------------
> org.pitest.mutationtest.engine.gregor.mutators.IncrementsMutator
>> Generated 4 Killed 4 (100%)
> KILLED 3 SURVIVED 0 TIMED_OUT 1 NON_VIABLE 0 
> MEMORY_ERROR 0 NOT_STARTED 0 STARTED 0 RUN_ERROR 0 
> NO_COVERAGE 0 
--------------------------------------------------------------------------------
> org.pitest.mutationtest.engine.gregor.mutators.returns.PrimitiveReturnsMutator
>> Generated 25 Killed 22 (88%)
> KILLED 22 SURVIVED 1 TIMED_OUT 0 NON_VIABLE 0 
> MEMORY_ERROR 0 NOT_STARTED 0 STARTED 0 RUN_ERROR 0 
> NO_COVERAGE 2 
--------------------------------------------------------------------------------
> org.pitest.mutationtest.engine.gregor.mutators.VoidMethodCallMutator
>> Generated 143 Killed 137 (96%)
> KILLED 133 SURVIVED 6 TIMED_OUT 4 NON_VIABLE 0 
> MEMORY_ERROR 0 NOT_STARTED 0 STARTED 0 RUN_ERROR 0 
> NO_COVERAGE 0 
--------------------------------------------------------------------------------
> org.pitest.mutationtest.engine.gregor.mutators.returns.BooleanTrueReturnValsMutator
>> Generated 50 Killed 42 (84%)
> KILLED 41 SURVIVED 5 TIMED_OUT 1 NON_VIABLE 0 
> MEMORY_ERROR 0 NOT_STARTED 0 STARTED 0 RUN_ERROR 0 
> NO_COVERAGE 3 
--------------------------------------------------------------------------------
> org.pitest.mutationtest.engine.gregor.mutators.returns.NullReturnValsMutator
>> Generated 90 Killed 86 (96%)
> KILLED 86 SURVIVED 4 TIMED_OUT 0 NON_VIABLE 0 
> MEMORY_ERROR 0 NOT_STARTED 0 STARTED 0 RUN_ERROR 0 
> NO_COVERAGE 0 
--------------------------------------------------------------------------------
> org.pitest.mutationtest.engine.gregor.mutators.MathMutator
>> Generated 58 Killed 50 (86%)
> KILLED 50 SURVIVED 8 TIMED_OUT 0 NON_VIABLE 0 
> MEMORY_ERROR 0 NOT_STARTED 0 STARTED 0 RUN_ERROR 0 
> NO_COVERAGE 0 
--------------------------------------------------------------------------------
> org.pitest.mutationtest.engine.gregor.mutators.returns.EmptyObjectReturnValsMutator
>> Generated 16 Killed 16 (100%)
> KILLED 16 SURVIVED 0 TIMED_OUT 0 NON_VIABLE 0 
> MEMORY_ERROR 0 NOT_STARTED 0 STARTED 0 RUN_ERROR 0 
> NO_COVERAGE 0 
--------------------------------------------------------------------------------
> org.pitest.mutationtest.engine.gregor.mutators.returns.BooleanFalseReturnValsMutator
>> Generated 31 Killed 27 (87%)
> KILLED 27 SURVIVED 2 TIMED_OUT 0 NON_VIABLE 0 
> MEMORY_ERROR 0 NOT_STARTED 0 STARTED 0 RUN_ERROR 0 
> NO_COVERAGE 2 
--------------------------------------------------------------------------------
> org.pitest.mutationtest.engine.gregor.mutators.NegateConditionalsMutator
>> Generated 163 Killed 161 (99%)
> KILLED 159 SURVIVED 2 TIMED_OUT 2 NON_VIABLE 0 
> MEMORY_ERROR 0 NOT_STARTED 0 STARTED 0 RUN_ERROR 0 
> NO_COVERAGE 0 
--------------------------------------------------------------------------------
================================================================================
- Timings
================================================================================
> pre-scan for mutations : < 1 second
> scan classpath : < 1 second
> coverage and dependency analysis : 1 seconds
> build mutation tests : < 1 second
> run mutation analysis : 43 seconds
--------------------------------------------------------------------------------
> Total  : 45 seconds
--------------------------------------------------------------------------------
================================================================================
- Statistics
================================================================================
>> Line Coverage: 877/904 (97%)
>> Generated 611 mutations Killed 564 (92%)
>> Mutations with no coverage 7. Test strength 93%
>> Ran 1609 tests (2.63 tests per mutation)

Pitest development is currently supported by GroupCDG.
Enhanced functionality available at https://pitest.groupcdg.com/
[[1;34mINFO[m] [1m------------------------------------------------------------------------[m
[[1;34mINFO[m] [1;32mBUILD SUCCESS[m
[[1;34mINFO[m] [1m------------------------------------------------------------------------[m
[[1;34mINFO[m] Total time:  46.513 s
[[1;34mINFO[m] Finished at: 2022-08-26T21:02:40+02:00
[[1;34mINFO[m] [1m------------------------------------------------------------------------[m
HEAD is now at 180fd501 add minimal json rts
