HEAD is now at 43c14cbe adding lambdaj
[[1;34mINFO[m] Scanning for projects...
[[1;33mWARNING[m] 
[[1;33mWARNING[m] Some problems were encountered while building the effective model for com.googlecode.lambdaj:lambdaj:jar:2.4.1-SNAPSHOT
[[1;33mWARNING[m] 'build.plugins.plugin.version' for org.apache.maven.plugins:maven-compiler-plugin is missing. @ line 139, column 15
[[1;33mWARNING[m] 'build.plugins.plugin.version' for org.apache.maven.plugins:maven-source-plugin is missing. @ line 147, column 15
[[1;33mWARNING[m] 'build.plugins.plugin.version' for org.apache.maven.plugins:maven-javadoc-plugin is missing. @ line 159, column 15
[[1;33mWARNING[m] 
[[1;33mWARNING[m] It is highly recommended to fix these problems because they threaten the stability of your build.
[[1;33mWARNING[m] 
[[1;33mWARNING[m] For this reason, future Maven versions might no longer support building such malformed projects.
[[1;33mWARNING[m] 
[[1;34mINFO[m] 
[[1;34mINFO[m] [1m-------------------< [0;36mcom.googlecode.lambdaj:lambdaj[0;1m >-------------------[m
[[1;34mINFO[m] [1mBuilding lambdaj 2.4.1-SNAPSHOT[m
[[1;34mINFO[m] [1m--------------------------------[ jar ]---------------------------------[m
[[1;34mINFO[m] 
[[1;34mINFO[m] [1m--- [0;32mmaven-clean-plugin:2.5:clean[m [1m(default-clean)[m @ [36mlambdaj[0;1m ---[m
[[1;34mINFO[m] Deleting /home/thomas/Desktop/bachelor_thesis/bachelor_thesis/Tool/Benchmarks/projects/lambdaj/target
[[1;34mINFO[m] 
[[1;34mINFO[m] [1m--- [0;32mjacoco-maven-plugin:0.8.6:prepare-agent[m [1m(default)[m @ [36mlambdaj[0;1m ---[m
[[1;34mINFO[m] argLine set to -javaagent:/home/thomas/.m2/repository/org/jacoco/org.jacoco.agent/0.8.6/org.jacoco.agent-0.8.6-runtime.jar=destfile=/home/thomas/Desktop/bachelor_thesis/bachelor_thesis/Tool/Benchmarks/projects/lambdaj/target/jacoco.exec
[[1;34mINFO[m] 
[[1;34mINFO[m] [1m--- [0;32mmaven-resources-plugin:2.6:resources[m [1m(default-resources)[m @ [36mlambdaj[0;1m ---[m
[[1;33mWARNING[m] Using platform encoding (UTF-8 actually) to copy filtered resources, i.e. build is platform dependent!
[[1;34mINFO[m] skip non existing resourceDirectory /home/thomas/Desktop/bachelor_thesis/bachelor_thesis/Tool/Benchmarks/projects/lambdaj/src/main/resources
[[1;34mINFO[m] 
[[1;34mINFO[m] [1m--- [0;32mmaven-compiler-plugin:3.1:compile[m [1m(default-compile)[m @ [36mlambdaj[0;1m ---[m
[[1;34mINFO[m] Changes detected - recompiling the module!
[[1;33mWARNING[m] File encoding has not been set, using platform encoding UTF-8, i.e. build is platform dependent!
[[1;34mINFO[m] Compiling 95 source files to /home/thomas/Desktop/bachelor_thesis/bachelor_thesis/Tool/Benchmarks/projects/lambdaj/target/classes
[[1;33mWARNING[m] /home/thomas/Desktop/bachelor_thesis/bachelor_thesis/Tool/Benchmarks/projects/lambdaj/src/main/java/ch/lambdaj/function/argument/ArgumentsFactory.java: Some input files use or override a deprecated API.
[[1;33mWARNING[m] /home/thomas/Desktop/bachelor_thesis/bachelor_thesis/Tool/Benchmarks/projects/lambdaj/src/main/java/ch/lambdaj/function/argument/ArgumentsFactory.java: Recompile with -Xlint:deprecation for details.
[[1;33mWARNING[m] /home/thomas/Desktop/bachelor_thesis/bachelor_thesis/Tool/Benchmarks/projects/lambdaj/src/main/java/ch/lambdaj/function/matcher/AndMatcher.java: Some input files use unchecked or unsafe operations.
[[1;33mWARNING[m] /home/thomas/Desktop/bachelor_thesis/bachelor_thesis/Tool/Benchmarks/projects/lambdaj/src/main/java/ch/lambdaj/function/matcher/AndMatcher.java: Recompile with -Xlint:unchecked for details.
[[1;34mINFO[m] 
[[1;34mINFO[m] [1m--- [0;32mmaven-resources-plugin:2.6:testResources[m [1m(default-testResources)[m @ [36mlambdaj[0;1m ---[m
[[1;33mWARNING[m] Using platform encoding (UTF-8 actually) to copy filtered resources, i.e. build is platform dependent!
[[1;34mINFO[m] Copying 1 resource
[[1;34mINFO[m] 
[[1;34mINFO[m] [1m--- [0;32mmaven-compiler-plugin:3.1:testCompile[m [1m(default-testCompile)[m @ [36mlambdaj[0;1m ---[m
[[1;34mINFO[m] Changes detected - recompiling the module!
[[1;33mWARNING[m] File encoding has not been set, using platform encoding UTF-8, i.e. build is platform dependent!
[[1;34mINFO[m] Compiling 61 source files to /home/thomas/Desktop/bachelor_thesis/bachelor_thesis/Tool/Benchmarks/projects/lambdaj/target/test-classes
[[1;33mWARNING[m] /home/thomas/Desktop/bachelor_thesis/bachelor_thesis/Tool/Benchmarks/projects/lambdaj/src/test/java/ch/lambdaj/function/argument/InvocationSequenceTest.java: Some input files use or override a deprecated API.
[[1;33mWARNING[m] /home/thomas/Desktop/bachelor_thesis/bachelor_thesis/Tool/Benchmarks/projects/lambdaj/src/test/java/ch/lambdaj/function/argument/InvocationSequenceTest.java: Recompile with -Xlint:deprecation for details.
[[1;33mWARNING[m] /home/thomas/Desktop/bachelor_thesis/bachelor_thesis/Tool/Benchmarks/projects/lambdaj/src/test/java/ch/lambdaj/function/closure/FaillingClosureTest.java: Some input files use unchecked or unsafe operations.
[[1;33mWARNING[m] /home/thomas/Desktop/bachelor_thesis/bachelor_thesis/Tool/Benchmarks/projects/lambdaj/src/test/java/ch/lambdaj/function/closure/FaillingClosureTest.java: Recompile with -Xlint:unchecked for details.
[[1;34mINFO[m] 
[[1;34mINFO[m] [1m--- [0;32mmaven-surefire-plugin:2.12.4:test[m [1m(default-test)[m @ [36mlambdaj[0;1m ---[m
[[1;34mINFO[m] Surefire report directory: /home/thomas/Desktop/bachelor_thesis/bachelor_thesis/Tool/Benchmarks/projects/lambdaj/target/surefire-reports

-------------------------------------------------------
 T E S T S
-------------------------------------------------------
Running ch.lambdaj.collection.LambdaCollectionTest
Mario Fusco
Biagio Beatrice
Celestino Bellone
Tests run: 8, Failures: 0, Errors: 0, Skipped: 1, Time elapsed: 0.183 sec
Running ch.lambdaj.collection.LambdaIteratorTest
Mario Fusco
Biagio Beatrice
Celestino Bellone
Tests run: 9, Failures: 0, Errors: 0, Skipped: 0, Time elapsed: 0 sec
Running ch.lambdaj.collection.LambdaListTest
Tests run: 17, Failures: 0, Errors: 0, Skipped: 3, Time elapsed: 0.027 sec
Running ch.lambdaj.collection.LambdaMapTest
Tests run: 7, Failures: 0, Errors: 0, Skipped: 2, Time elapsed: 0.006 sec
Running ch.lambdaj.collection.LambdaGroupTest
Tests run: 4, Failures: 0, Errors: 0, Skipped: 0, Time elapsed: 0.01 sec
Running ch.lambdaj.collection.LambdaCollectionsTest
Tests run: 25, Failures: 0, Errors: 0, Skipped: 0, Time elapsed: 0.038 sec
Running ch.lambdaj.ClosureSpecialCasesTest
called two-arg: [added later], Read this
called one-arg: [added later]
called two-arg: [initial, added later], Read this
called one-arg: [initial, added later]
Tests run: 6, Failures: 0, Errors: 0, Skipped: 0, Time elapsed: 0.02 sec
Running ch.lambdaj.proxy.nodefconstructor.ProxyNoDefaultConstructorTest
Tests run: 1, Failures: 0, Errors: 0, Skipped: 0, Time elapsed: 0.015 sec
Running ch.lambdaj.group.GroupByTest
[{children:[{children:[],countryName:France}],insuredName:Fex France},{children:[{children:[],countryName:Canada}],insuredName:Fex Canada}]
Tests run: 8, Failures: 0, Errors: 0, Skipped: 0, Time elapsed: 0.126 sec
Running ch.lambdaj.group.TypedGroupByTest
[{"age":"35","firstName":"Mario","persons":[{"age":35,"ageAsBigDecimal":35,"ageAsBigInteger":35,"bestFriend":null,"bigDecimalIncome":38.500000000000003108624468950438313186168670654296875,"birthDate":{"date":1,"day":2,"hours":0,"minutes":0,"month":0,"seconds":0,"time":126226800000,"timezoneOffset":-60,"year":74},"firstName":"Mario","float":1.100000023841858,"floatIncome":38.5,"fullName":"Mario Fusco","gender":"MALE","income":38.5,"lastName":"Fusco"}]},{"age":"29","firstName":"Luca","persons":[{"age":29,"ageAsBigDecimal":29,"ageAsBigInteger":29,"bestFriend":null,"bigDecimalIncome":31.900000000000002575717417130363173782825469970703125,"birthDate":{"date":1,"day":2,"hours":0,"minutes":0,"month":0,"seconds":0,"time":315529200000,"timezoneOffset":-60,"year":80},"firstName":"Luca","float":1.100000023841858,"floatIncome":31.900001525878906,"fullName":"Luca Marrocco","gender":"MALE","income":31.900000000000002,"lastName":"Marrocco"},{"age":29,"ageAsBigDecimal":29,"ageAsBigInteger":29,"bestFriend":null,"bigDecimalIncome":31.900000000000002575717417130363173782825469970703125,"birthDate":{"date":1,"day":2,"hours":0,"minutes":0,"month":0,"seconds":0,"time":315529200000,"timezoneOffset":-60,"year":80},"firstName":"Celestino","float":1.100000023841858,"floatIncome":31.900001525878906,"fullName":"Celestino Bellone","gender":"MALE","income":31.900000000000002,"lastName":"Bellone"}]},{"age":"39","firstName":"Biagio","persons":[{"age":39,"ageAsBigDecimal":39,"ageAsBigInteger":39,"bestFriend":null,"bigDecimalIncome":42.900000000000003463895836830488406121730804443359375,"birthDate":{"date":1,"day":4,"hours":0,"minutes":0,"month":0,"seconds":0,"time":-3600000,"timezoneOffset":-60,"year":70},"firstName":"Biagio","float":1.100000023841858,"floatIncome":42.900001525878906,"fullName":"Biagio Beatrice","gender":"MALE","income":42.900000000000006,"lastName":"Beatrice"}]}]
[{"age":"35","persons":[{"age":35,"ageAsBigDecimal":35,"ageAsBigInteger":35,"bestFriend":null,"bigDecimalIncome":38.500000000000003108624468950438313186168670654296875,"birthDate":{"date":1,"day":2,"hours":0,"minutes":0,"month":0,"seconds":0,"time":126226800000,"timezoneOffset":-60,"year":74},"firstName":"Mario","float":1.100000023841858,"floatIncome":38.5,"fullName":"Mario Fusco","gender":"MALE","income":38.5,"lastName":"Fusco"}]},{"age":"29","persons":[{"age":29,"ageAsBigDecimal":29,"ageAsBigInteger":29,"bestFriend":null,"bigDecimalIncome":31.900000000000002575717417130363173782825469970703125,"birthDate":{"date":1,"day":2,"hours":0,"minutes":0,"month":0,"seconds":0,"time":315529200000,"timezoneOffset":-60,"year":80},"firstName":"Luca","float":1.100000023841858,"floatIncome":31.900001525878906,"fullName":"Luca Marrocco","gender":"MALE","income":31.900000000000002,"lastName":"Marrocco"},{"age":29,"ageAsBigDecimal":29,"ageAsBigInteger":29,"bestFriend":null,"bigDecimalIncome":31.900000000000002575717417130363173782825469970703125,"birthDate":{"date":1,"day":2,"hours":0,"minutes":0,"month":0,"seconds":0,"time":315529200000,"timezoneOffset":-60,"year":80},"firstName":"Celestino","float":1.100000023841858,"floatIncome":31.900001525878906,"fullName":"Celestino Bellone","gender":"MALE","income":31.900000000000002,"lastName":"Bellone"}]},{"age":"39","persons":[{"age":39,"ageAsBigDecimal":39,"ageAsBigInteger":39,"bestFriend":null,"bigDecimalIncome":42.900000000000003463895836830488406121730804443359375,"birthDate":{"date":1,"day":4,"hours":0,"minutes":0,"month":0,"seconds":0,"time":-3600000,"timezoneOffset":-60,"year":70},"firstName":"Biagio","float":1.100000023841858,"floatIncome":42.900001525878906,"fullName":"Biagio Beatrice","gender":"MALE","income":42.900000000000006,"lastName":"Beatrice"}]}]
Tests run: 6, Failures: 0, Errors: 0, Skipped: 1, Time elapsed: 0.032 sec
Running ch.lambdaj.group.GroupsTest
Tests run: 5, Failures: 0, Errors: 0, Skipped: 0, Time elapsed: 0.003 sec
Running ch.lambdaj.util.iterator.IteratorFactoryTest
Tests run: 2, Failures: 0, Errors: 0, Skipped: 0, Time elapsed: 0.001 sec
Running ch.lambdaj.PrimitiveReferenceTest
Tests run: 3, Failures: 0, Errors: 0, Skipped: 1, Time elapsed: 0.046 sec
Running ch.lambdaj.ArgumentCornerCaseTest
Tests run: 1, Failures: 0, Errors: 0, Skipped: 0, Time elapsed: 0.013 sec
Running ch.lambdaj.SwitcherTest
Tests run: 4, Failures: 0, Errors: 0, Skipped: 0, Time elapsed: 0.009 sec
Running ch.lambdaj.demo.LambdaDemoTest
mostBoughtCarIterative = BMW 850
mostBoughtCar = BMW 850
Tests run: 12, Failures: 0, Errors: 0, Skipped: 1, Time elapsed: 0.233 sec
Running ch.lambdaj.demo.LambdaListDemoTest
mostBoughtCarIterative = BMW 850
mostBoughtCar = BMW 850
Tests run: 12, Failures: 0, Errors: 0, Skipped: 1, Time elapsed: 0.01 sec
Running ch.lambdaj.ClosureTest
mickey mouse
donald duck
uncle scrooge
Tests run: 24, Failures: 0, Errors: 0, Skipped: 1, Time elapsed: 0.034 sec
Running ch.lambdaj.function.argument.ArgumentsFactoryTest
Tests run: 3, Failures: 0, Errors: 0, Skipped: 0, Time elapsed: 0.047 sec
Running ch.lambdaj.function.argument.InvocationSequenceTest
Tests run: 2, Failures: 0, Errors: 0, Skipped: 1, Time elapsed: 0.001 sec
Running ch.lambdaj.function.argument.CreatingArgumentFromArrayTest
Tests run: 1, Failures: 0, Errors: 0, Skipped: 0, Time elapsed: 0.074 sec
Running ch.lambdaj.function.matcher.HasNestedPropertyWithValueTest
Tests run: 1, Failures: 0, Errors: 0, Skipped: 0, Time elapsed: 0.001 sec
Running ch.lambdaj.function.matcher.HasArgumentWithValueTest
Tests run: 1, Failures: 0, Errors: 0, Skipped: 0, Time elapsed: 0 sec
Running ch.lambdaj.function.aggregate.MaxTest
Tests run: 2, Failures: 0, Errors: 0, Skipped: 0, Time elapsed: 0.001 sec
Running ch.lambdaj.function.aggregate.MinTest
Tests run: 2, Failures: 0, Errors: 0, Skipped: 0, Time elapsed: 0 sec
Running ch.lambdaj.function.aggregate.ConcatTest
Tests run: 4, Failures: 0, Errors: 0, Skipped: 1, Time elapsed: 0 sec
Running ch.lambdaj.function.aggregate.AggregateTest
Tests run: 1, Failures: 0, Errors: 0, Skipped: 0, Time elapsed: 0.002 sec
Running ch.lambdaj.function.aggregate.SumTest
Tests run: 5, Failures: 0, Errors: 0, Skipped: 1, Time elapsed: 0.001 sec
Running ch.lambdaj.function.closure.FaillingClosureTest
Tests run: 1, Failures: 0, Errors: 0, Skipped: 0, Time elapsed: 0.003 sec
Running ch.lambdaj.function.closure.FileParserImplicitClosureTest
Nel mezzo del cammin di nostra vita
mi ritrovai per una selva oscura
chï¿½ la diritta via era smarrita.

Ahi quanto a dir qual era ï¿½ cosa dura
esta selva selvaggia e aspra e forte
che nel pensier rinova la paura!

Tant'ï¿½ amara che poco ï¿½ piï¿½ morte;
ma per trattar del ben ch'i' vi trovai,
dirï¿½ de l'altre cose ch'i' v'ho scorte.
Tests run: 3, Failures: 0, Errors: 0, Skipped: 0, Time elapsed: 0.01 sec
Running ch.lambdaj.function.closure.FileParserClosureTest
Nel mezzo del cammin di nostra vita
mi ritrovai per una selva oscura
chï¿½ la diritta via era smarrita.

Ahi quanto a dir qual era ï¿½ cosa dura
esta selva selvaggia e aspra e forte
che nel pensier rinova la paura!

Tant'ï¿½ amara che poco ï¿½ piï¿½ morte;
ma per trattar del ben ch'i' vi trovai,
dirï¿½ de l'altre cose ch'i' v'ho scorte.
Tests run: 3, Failures: 0, Errors: 0, Skipped: 0, Time elapsed: 0.008 sec
Running ch.lambdaj.ClosureVoidMethodInvocationTest
Tests run: 1, Failures: 0, Errors: 0, Skipped: 0, Time elapsed: 0.004 sec
Running ch.lambdaj.ConstructorBugTest
Tests run: 1, Failures: 0, Errors: 0, Skipped: 0, Time elapsed: 0.002 sec
Running ch.lambdaj.DelayedClosureTest
BEGIN -- Hello ! -- COMMIT
Tests run: 2, Failures: 0, Errors: 0, Skipped: 0, Time elapsed: 0.004 sec
Running ch.lambdaj.LambdaTest
WARNING: An illegal reflective access operation has occurred
WARNING: Illegal reflective access by ch.lambdaj.proxy.ClassImposterizer (file:/home/thomas/Desktop/bachelor_thesis/bachelor_thesis/Tool/Benchmarks/projects/lambdaj/target/classes/) to constructor java.math.BigDecimal(java.math.BigInteger,long,int,int)
WARNING: Please consider reporting this to the maintainers of ch.lambdaj.proxy.ClassImposterizer
WARNING: Use --illegal-access=warn to enable warnings of further illegal reflective access operations
WARNING: All illegal access operations will be denied in a future release
Tests run: 78, Failures: 0, Errors: 0, Skipped: 1, Time elapsed: 0.078 sec

Results :

Tests run: 265, Failures: 0, Errors: 0, Skipped: 15

[[1;34mINFO[m] 
[[1;34mINFO[m] [1m--- [0;32mjacoco-maven-plugin:0.8.6:report[m [1m(report)[m @ [36mlambdaj[0;1m ---[m
[[1;34mINFO[m] Loading execution data file /home/thomas/Desktop/bachelor_thesis/bachelor_thesis/Tool/Benchmarks/projects/lambdaj/target/jacoco.exec
[[1;34mINFO[m] Analyzed bundle 'lambdaj' with 113 classes
[[1;34mINFO[m] 
[[1;34mINFO[m] [1m--- [0;32mmaven-jar-plugin:2.4:jar[m [1m(default-jar)[m @ [36mlambdaj[0;1m ---[m
[[1;34mINFO[m] Building jar: /home/thomas/Desktop/bachelor_thesis/bachelor_thesis/Tool/Benchmarks/projects/lambdaj/target/lambdaj-2.4.1-SNAPSHOT.jar
[[1;34mINFO[m] 
[[1;34mINFO[m] [1m--- [0;32mmaven-assembly-plugin:2.6:single[m [1m(make-assembly)[m @ [36mlambdaj[0;1m ---[m
[[1;34mINFO[m] Reading assembly descriptor: src/assembly/assembly.xml
[[1;33mWARNING[m] The assembly descriptor contains a filesystem-root relative reference, which is not cross platform compatible /
[[1;33mWARNING[m] The assembly descriptor contains a filesystem-root relative reference, which is not cross platform compatible /
[[1;34mINFO[m] Building jar: /home/thomas/Desktop/bachelor_thesis/bachelor_thesis/Tool/Benchmarks/projects/lambdaj/target/lambdaj-2.4.1-SNAPSHOT-fat-tests.jar
[[1;34mINFO[m] 
[[1;34mINFO[m] [1m>>> [0;32mmaven-source-plugin:3.2.1:jar[m [1m(attach-sources)[0;1m > [0;1mgenerate-sources[m @ [36mlambdaj[0;1m >>>[m
[[1;34mINFO[m] 
[[1;34mINFO[m] [1m--- [0;32mjacoco-maven-plugin:0.8.6:prepare-agent[m [1m(default)[m @ [36mlambdaj[0;1m ---[m
[[1;34mINFO[m] argLine set to -javaagent:/home/thomas/.m2/repository/org/jacoco/org.jacoco.agent/0.8.6/org.jacoco.agent-0.8.6-runtime.jar=destfile=/home/thomas/Desktop/bachelor_thesis/bachelor_thesis/Tool/Benchmarks/projects/lambdaj/target/jacoco.exec
[[1;34mINFO[m] 
[[1;34mINFO[m] [1m<<< [0;32mmaven-source-plugin:3.2.1:jar[m [1m(attach-sources)[0;1m < [0;1mgenerate-sources[m @ [36mlambdaj[0;1m <<<[m
[[1;34mINFO[m] 
[[1;34mINFO[m] 
[[1;34mINFO[m] [1m--- [0;32mmaven-source-plugin:3.2.1:jar[m [1m(attach-sources)[m @ [36mlambdaj[0;1m ---[m
[[1;34mINFO[m] Building jar: /home/thomas/Desktop/bachelor_thesis/bachelor_thesis/Tool/Benchmarks/projects/lambdaj/target/lambdaj-2.4.1-SNAPSHOT-sources.jar
[[1;34mINFO[m] 
[[1;34mINFO[m] [1m--- [0;32mmaven-javadoc-plugin:3.4.1:jar[m [1m(attach-javadocs)[m @ [36mlambdaj[0;1m ---[m
[[1;33mWARNING[m] Source files encoding has not been set, using platform encoding UTF-8, i.e. build is platform dependent!
[[1;34mINFO[m] No previous run data found, generating javadoc.
[[1;34mINFO[m] 
Loading source files for package ch.lambdaj.collection...
Loading source files for package ch.lambdaj.proxy...
Loading source files for package ch.lambdaj.group...
Loading source files for package ch.lambdaj.util...
Loading source files for package ch.lambdaj.util.iterator...
Loading source files for package ch.lambdaj.function.argument...
Loading source files for package ch.lambdaj.function.matcher...
Loading source files for package ch.lambdaj.function.compare...
Loading source files for package ch.lambdaj.function.aggregate...
Loading source files for package ch.lambdaj.function.closure...
Loading source files for package ch.lambdaj.function.convert...
Loading source files for package ch.lambdaj...
Constructing Javadoc information...
Standard Doclet version 11.0.16
Building tree for all the packages and classes...
Generating /home/thomas/Desktop/bachelor_thesis/bachelor_thesis/Tool/Benchmarks/projects/lambdaj/target/apidocs/ch/lambdaj/Lambda.html...
Generating /home/thomas/Desktop/bachelor_thesis/bachelor_thesis/Tool/Benchmarks/projects/lambdaj/target/apidocs/ch/lambdaj/collection/LambdaCollection.html...
Generating /home/thomas/Desktop/bachelor_thesis/bachelor_thesis/Tool/Benchmarks/projects/lambdaj/target/apidocs/ch/lambdaj/collection/LambdaCollections.html...
Generating /home/thomas/Desktop/bachelor_thesis/bachelor_thesis/Tool/Benchmarks/projects/lambdaj/target/apidocs/ch/lambdaj/collection/LambdaGroup.html...
Generating /home/thomas/Desktop/bachelor_thesis/bachelor_thesis/Tool/Benchmarks/projects/lambdaj/target/apidocs/ch/lambdaj/collection/LambdaIterable.html...
Generating /home/thomas/Desktop/bachelor_thesis/bachelor_thesis/Tool/Benchmarks/projects/lambdaj/target/apidocs/ch/lambdaj/collection/LambdaIterator.html...
Generating /home/thomas/Desktop/bachelor_thesis/bachelor_thesis/Tool/Benchmarks/projects/lambdaj/target/apidocs/ch/lambdaj/collection/LambdaList.html...
Generating /home/thomas/Desktop/bachelor_thesis/bachelor_thesis/Tool/Benchmarks/projects/lambdaj/target/apidocs/ch/lambdaj/collection/LambdaMap.html...
Generating /home/thomas/Desktop/bachelor_thesis/bachelor_thesis/Tool/Benchmarks/projects/lambdaj/target/apidocs/ch/lambdaj/collection/LambdaSet.html...
Generating /home/thomas/Desktop/bachelor_thesis/bachelor_thesis/Tool/Benchmarks/projects/lambdaj/target/apidocs/ch/lambdaj/function/aggregate/Aggregator.html...
Generating /home/thomas/Desktop/bachelor_thesis/bachelor_thesis/Tool/Benchmarks/projects/lambdaj/target/apidocs/ch/lambdaj/function/aggregate/Avg.html...
Generating /home/thomas/Desktop/bachelor_thesis/bachelor_thesis/Tool/Benchmarks/projects/lambdaj/target/apidocs/ch/lambdaj/function/aggregate/Chooser.html...
Generating /home/thomas/Desktop/bachelor_thesis/bachelor_thesis/Tool/Benchmarks/projects/lambdaj/target/apidocs/ch/lambdaj/function/aggregate/ChooserOnArgument.html...
Generating /home/thomas/Desktop/bachelor_thesis/bachelor_thesis/Tool/Benchmarks/projects/lambdaj/target/apidocs/ch/lambdaj/function/aggregate/Concat.html...
Generating /home/thomas/Desktop/bachelor_thesis/bachelor_thesis/Tool/Benchmarks/projects/lambdaj/target/apidocs/ch/lambdaj/function/aggregate/InitializedPairAggregator.html...
Generating /home/thomas/Desktop/bachelor_thesis/bachelor_thesis/Tool/Benchmarks/projects/lambdaj/target/apidocs/ch/lambdaj/function/aggregate/Max.html...
Generating /home/thomas/Desktop/bachelor_thesis/bachelor_thesis/Tool/Benchmarks/projects/lambdaj/target/apidocs/ch/lambdaj/function/aggregate/MaxOnArgument.html...
Generating /home/thomas/Desktop/bachelor_thesis/bachelor_thesis/Tool/Benchmarks/projects/lambdaj/target/apidocs/ch/lambdaj/function/aggregate/Min.html...
Generating /home/thomas/Desktop/bachelor_thesis/bachelor_thesis/Tool/Benchmarks/projects/lambdaj/target/apidocs/ch/lambdaj/function/aggregate/MinOnArgument.html...
Generating /home/thomas/Desktop/bachelor_thesis/bachelor_thesis/Tool/Benchmarks/projects/lambdaj/target/apidocs/ch/lambdaj/function/aggregate/PairAggregator.html...
Generating /home/thomas/Desktop/bachelor_thesis/bachelor_thesis/Tool/Benchmarks/projects/lambdaj/target/apidocs/ch/lambdaj/function/aggregate/ProxyAggregator.html...
Generating /home/thomas/Desktop/bachelor_thesis/bachelor_thesis/Tool/Benchmarks/projects/lambdaj/target/apidocs/ch/lambdaj/function/aggregate/Sum.html...
Generating /home/thomas/Desktop/bachelor_thesis/bachelor_thesis/Tool/Benchmarks/projects/lambdaj/target/apidocs/ch/lambdaj/function/aggregate/SumDouble.html...
Generating /home/thomas/Desktop/bachelor_thesis/bachelor_thesis/Tool/Benchmarks/projects/lambdaj/target/apidocs/ch/lambdaj/function/aggregate/SumInteger.html...
Generating /home/thomas/Desktop/bachelor_thesis/bachelor_thesis/Tool/Benchmarks/projects/lambdaj/target/apidocs/ch/lambdaj/function/aggregate/SumLong.html...
Generating /home/thomas/Desktop/bachelor_thesis/bachelor_thesis/Tool/Benchmarks/projects/lambdaj/target/apidocs/ch/lambdaj/function/argument/Argument.html...
Generating /home/thomas/Desktop/bachelor_thesis/bachelor_thesis/Tool/Benchmarks/projects/lambdaj/target/apidocs/ch/lambdaj/function/argument/ArgumentConversionException.html...
Generating /home/thomas/Desktop/bachelor_thesis/bachelor_thesis/Tool/Benchmarks/projects/lambdaj/target/apidocs/ch/lambdaj/function/argument/ArgumentsFactory.html...
Generating /home/thomas/Desktop/bachelor_thesis/bachelor_thesis/Tool/Benchmarks/projects/lambdaj/target/apidocs/ch/lambdaj/function/argument/FinalClassArgumentCreator.html...
Generating /home/thomas/Desktop/bachelor_thesis/bachelor_thesis/Tool/Benchmarks/projects/lambdaj/target/apidocs/ch/lambdaj/function/argument/Invoker.html...
Generating /home/thomas/Desktop/bachelor_thesis/bachelor_thesis/Tool/Benchmarks/projects/lambdaj/target/apidocs/ch/lambdaj/function/closure/Closure.html...
Generating /home/thomas/Desktop/bachelor_thesis/bachelor_thesis/Tool/Benchmarks/projects/lambdaj/target/apidocs/ch/lambdaj/function/closure/Closure0.html...
Generating /home/thomas/Desktop/bachelor_thesis/bachelor_thesis/Tool/Benchmarks/projects/lambdaj/target/apidocs/ch/lambdaj/function/closure/Closure1.html...
Generating /home/thomas/Desktop/bachelor_thesis/bachelor_thesis/Tool/Benchmarks/projects/lambdaj/target/apidocs/ch/lambdaj/function/closure/Closure2.html...
Generating /home/thomas/Desktop/bachelor_thesis/bachelor_thesis/Tool/Benchmarks/projects/lambdaj/target/apidocs/ch/lambdaj/function/closure/Closure3.html...
Generating /home/thomas/Desktop/bachelor_thesis/bachelor_thesis/Tool/Benchmarks/projects/lambdaj/target/apidocs/ch/lambdaj/function/closure/Closure4.html...
Generating /home/thomas/Desktop/bachelor_thesis/bachelor_thesis/Tool/Benchmarks/projects/lambdaj/target/apidocs/ch/lambdaj/function/closure/ClosureResult.html...
Generating /home/thomas/Desktop/bachelor_thesis/bachelor_thesis/Tool/Benchmarks/projects/lambdaj/target/apidocs/ch/lambdaj/function/closure/ClosuresFactory.html...
Generating /home/thomas/Desktop/bachelor_thesis/bachelor_thesis/Tool/Benchmarks/projects/lambdaj/target/apidocs/ch/lambdaj/function/closure/DelayedClosure.html...
Generating /home/thomas/Desktop/bachelor_thesis/bachelor_thesis/Tool/Benchmarks/projects/lambdaj/target/apidocs/ch/lambdaj/function/closure/Switcher.html...
Generating /home/thomas/Desktop/bachelor_thesis/bachelor_thesis/Tool/Benchmarks/projects/lambdaj/target/apidocs/ch/lambdaj/function/closure/WrongClosureInvocationException.html...
Generating /home/thomas/Desktop/bachelor_thesis/bachelor_thesis/Tool/Benchmarks/projects/lambdaj/target/apidocs/ch/lambdaj/function/compare/ArgumentComparator.html...
Generating /home/thomas/Desktop/bachelor_thesis/bachelor_thesis/Tool/Benchmarks/projects/lambdaj/target/apidocs/ch/lambdaj/function/compare/ComparatorUtil.html...
Generating /home/thomas/Desktop/bachelor_thesis/bachelor_thesis/Tool/Benchmarks/projects/lambdaj/target/apidocs/ch/lambdaj/function/compare/PropertyComparator.html...
Generating /home/thomas/Desktop/bachelor_thesis/bachelor_thesis/Tool/Benchmarks/projects/lambdaj/target/apidocs/ch/lambdaj/function/convert/AliasedArgumentConverter.html...
Generating /home/thomas/Desktop/bachelor_thesis/bachelor_thesis/Tool/Benchmarks/projects/lambdaj/target/apidocs/ch/lambdaj/function/convert/ArgumentConverter.html...
Generating /home/thomas/Desktop/bachelor_thesis/bachelor_thesis/Tool/Benchmarks/projects/lambdaj/target/apidocs/ch/lambdaj/function/convert/ConstructorArgumentConverter.html...
Generating /home/thomas/Desktop/bachelor_thesis/bachelor_thesis/Tool/Benchmarks/projects/lambdaj/target/apidocs/ch/lambdaj/function/convert/Converter.html...
Generating /home/thomas/Desktop/bachelor_thesis/bachelor_thesis/Tool/Benchmarks/projects/lambdaj/target/apidocs/ch/lambdaj/function/convert/ConverterIterator.html...
Generating /home/thomas/Desktop/bachelor_thesis/bachelor_thesis/Tool/Benchmarks/projects/lambdaj/target/apidocs/ch/lambdaj/function/convert/DefaultStringConverter.html...
Generating /home/thomas/Desktop/bachelor_thesis/bachelor_thesis/Tool/Benchmarks/projects/lambdaj/target/apidocs/ch/lambdaj/function/convert/ProjectConverter.html...
Generating /home/thomas/Desktop/bachelor_thesis/bachelor_thesis/Tool/Benchmarks/projects/lambdaj/target/apidocs/ch/lambdaj/function/convert/PropertyExtractor.html...
Generating /home/thomas/Desktop/bachelor_thesis/bachelor_thesis/Tool/Benchmarks/projects/lambdaj/target/apidocs/ch/lambdaj/function/convert/StringConverter.html...
Generating /home/thomas/Desktop/bachelor_thesis/bachelor_thesis/Tool/Benchmarks/projects/lambdaj/target/apidocs/ch/lambdaj/function/convert/StringLengthConverter.html...
Generating /home/thomas/Desktop/bachelor_thesis/bachelor_thesis/Tool/Benchmarks/projects/lambdaj/target/apidocs/ch/lambdaj/function/convert/StringPropertyExtractor.html...
Generating /home/thomas/Desktop/bachelor_thesis/bachelor_thesis/Tool/Benchmarks/projects/lambdaj/target/apidocs/ch/lambdaj/function/matcher/AndMatcher.html...
Generating /home/thomas/Desktop/bachelor_thesis/bachelor_thesis/Tool/Benchmarks/projects/lambdaj/target/apidocs/ch/lambdaj/function/matcher/HasArgumentWithValue.html...
Generating /home/thomas/Desktop/bachelor_thesis/bachelor_thesis/Tool/Benchmarks/projects/lambdaj/target/apidocs/ch/lambdaj/function/matcher/HasNestedPropertyWithValue.html...
Generating /home/thomas/Desktop/bachelor_thesis/bachelor_thesis/Tool/Benchmarks/projects/lambdaj/target/apidocs/ch/lambdaj/function/matcher/LambdaJMatcher.html...
Generating /home/thomas/Desktop/bachelor_thesis/bachelor_thesis/Tool/Benchmarks/projects/lambdaj/target/apidocs/ch/lambdaj/function/matcher/OrMatcher.html...
Generating /home/thomas/Desktop/bachelor_thesis/bachelor_thesis/Tool/Benchmarks/projects/lambdaj/target/apidocs/ch/lambdaj/function/matcher/Predicate.html...
Generating /home/thomas/Desktop/bachelor_thesis/bachelor_thesis/Tool/Benchmarks/projects/lambdaj/target/apidocs/ch/lambdaj/group/ArgumentGroupCondition.html...
Generating /home/thomas/Desktop/bachelor_thesis/bachelor_thesis/Tool/Benchmarks/projects/lambdaj/target/apidocs/ch/lambdaj/group/Group.html...
Generating /home/thomas/Desktop/bachelor_thesis/bachelor_thesis/Tool/Benchmarks/projects/lambdaj/target/apidocs/ch/lambdaj/group/GroupCondition.html...
Generating /home/thomas/Desktop/bachelor_thesis/bachelor_thesis/Tool/Benchmarks/projects/lambdaj/target/apidocs/ch/lambdaj/group/GroupConditions.html...
Generating /home/thomas/Desktop/bachelor_thesis/bachelor_thesis/Tool/Benchmarks/projects/lambdaj/target/apidocs/ch/lambdaj/group/GroupItem.html...
Generating /home/thomas/Desktop/bachelor_thesis/bachelor_thesis/Tool/Benchmarks/projects/lambdaj/target/apidocs/ch/lambdaj/group/Groups.html...
Generating /home/thomas/Desktop/bachelor_thesis/bachelor_thesis/Tool/Benchmarks/projects/lambdaj/target/apidocs/ch/lambdaj/group/StringGroupCondition.html...
Generating /home/thomas/Desktop/bachelor_thesis/bachelor_thesis/Tool/Benchmarks/projects/lambdaj/target/apidocs/ch/lambdaj/proxy/InvocationInterceptor.html...
Generating /home/thomas/Desktop/bachelor_thesis/bachelor_thesis/Tool/Benchmarks/projects/lambdaj/target/apidocs/ch/lambdaj/proxy/ProxyIterator.html...
Generating /home/thomas/Desktop/bachelor_thesis/bachelor_thesis/Tool/Benchmarks/projects/lambdaj/target/apidocs/ch/lambdaj/proxy/ProxyUtil.html...
Generating /home/thomas/Desktop/bachelor_thesis/bachelor_thesis/Tool/Benchmarks/projects/lambdaj/target/apidocs/ch/lambdaj/proxy/UnproxableClassException.html...
Generating /home/thomas/Desktop/bachelor_thesis/bachelor_thesis/Tool/Benchmarks/projects/lambdaj/target/apidocs/ch/lambdaj/util/IntrospectionException.html...
Generating /home/thomas/Desktop/bachelor_thesis/bachelor_thesis/Tool/Benchmarks/projects/lambdaj/target/apidocs/ch/lambdaj/util/IntrospectionUtil.html...
Generating /home/thomas/Desktop/bachelor_thesis/bachelor_thesis/Tool/Benchmarks/projects/lambdaj/target/apidocs/ch/lambdaj/util/NotUniqueItemException.html...
Generating /home/thomas/Desktop/bachelor_thesis/bachelor_thesis/Tool/Benchmarks/projects/lambdaj/target/apidocs/ch/lambdaj/util/iterator/IteratorFactory.html...
Generating /home/thomas/Desktop/bachelor_thesis/bachelor_thesis/Tool/Benchmarks/projects/lambdaj/target/apidocs/ch/lambdaj/util/iterator/MatchingIterator.html...
Generating /home/thomas/Desktop/bachelor_thesis/bachelor_thesis/Tool/Benchmarks/projects/lambdaj/target/apidocs/ch/lambdaj/util/iterator/ResettableIterator.html...
Generating /home/thomas/Desktop/bachelor_thesis/bachelor_thesis/Tool/Benchmarks/projects/lambdaj/target/apidocs/ch/lambdaj/util/iterator/ResettableIteratorOnArray.html...
Generating /home/thomas/Desktop/bachelor_thesis/bachelor_thesis/Tool/Benchmarks/projects/lambdaj/target/apidocs/ch/lambdaj/util/iterator/ResettableIteratorOnIterable.html...
Generating /home/thomas/Desktop/bachelor_thesis/bachelor_thesis/Tool/Benchmarks/projects/lambdaj/target/apidocs/ch/lambdaj/util/iterator/ResettableIteratorOnIterator.html...
Generating /home/thomas/Desktop/bachelor_thesis/bachelor_thesis/Tool/Benchmarks/projects/lambdaj/target/apidocs/ch/lambdaj/package-summary.html...
Generating /home/thomas/Desktop/bachelor_thesis/bachelor_thesis/Tool/Benchmarks/projects/lambdaj/target/apidocs/ch/lambdaj/package-tree.html...
Generating /home/thomas/Desktop/bachelor_thesis/bachelor_thesis/Tool/Benchmarks/projects/lambdaj/target/apidocs/ch/lambdaj/collection/package-summary.html...
Generating /home/thomas/Desktop/bachelor_thesis/bachelor_thesis/Tool/Benchmarks/projects/lambdaj/target/apidocs/ch/lambdaj/collection/package-tree.html...
Generating /home/thomas/Desktop/bachelor_thesis/bachelor_thesis/Tool/Benchmarks/projects/lambdaj/target/apidocs/ch/lambdaj/function/aggregate/package-summary.html...
Generating /home/thomas/Desktop/bachelor_thesis/bachelor_thesis/Tool/Benchmarks/projects/lambdaj/target/apidocs/ch/lambdaj/function/aggregate/package-tree.html...
Generating /home/thomas/Desktop/bachelor_thesis/bachelor_thesis/Tool/Benchmarks/projects/lambdaj/target/apidocs/ch/lambdaj/function/argument/package-summary.html...
Generating /home/thomas/Desktop/bachelor_thesis/bachelor_thesis/Tool/Benchmarks/projects/lambdaj/target/apidocs/ch/lambdaj/function/argument/package-tree.html...
Generating /home/thomas/Desktop/bachelor_thesis/bachelor_thesis/Tool/Benchmarks/projects/lambdaj/target/apidocs/ch/lambdaj/function/closure/package-summary.html...
Generating /home/thomas/Desktop/bachelor_thesis/bachelor_thesis/Tool/Benchmarks/projects/lambdaj/target/apidocs/ch/lambdaj/function/closure/package-tree.html...
Generating /home/thomas/Desktop/bachelor_thesis/bachelor_thesis/Tool/Benchmarks/projects/lambdaj/target/apidocs/ch/lambdaj/function/compare/package-summary.html...
Generating /home/thomas/Desktop/bachelor_thesis/bachelor_thesis/Tool/Benchmarks/projects/lambdaj/target/apidocs/ch/lambdaj/function/compare/package-tree.html...
Generating /home/thomas/Desktop/bachelor_thesis/bachelor_thesis/Tool/Benchmarks/projects/lambdaj/target/apidocs/ch/lambdaj/function/convert/package-summary.html...
Generating /home/thomas/Desktop/bachelor_thesis/bachelor_thesis/Tool/Benchmarks/projects/lambdaj/target/apidocs/ch/lambdaj/function/convert/package-tree.html...
Generating /home/thomas/Desktop/bachelor_thesis/bachelor_thesis/Tool/Benchmarks/projects/lambdaj/target/apidocs/ch/lambdaj/function/matcher/package-summary.html...
Generating /home/thomas/Desktop/bachelor_thesis/bachelor_thesis/Tool/Benchmarks/projects/lambdaj/target/apidocs/ch/lambdaj/function/matcher/package-tree.html...
Generating /home/thomas/Desktop/bachelor_thesis/bachelor_thesis/Tool/Benchmarks/projects/lambdaj/target/apidocs/ch/lambdaj/group/package-summary.html...
Generating /home/thomas/Desktop/bachelor_thesis/bachelor_thesis/Tool/Benchmarks/projects/lambdaj/target/apidocs/ch/lambdaj/group/package-tree.html...
Generating /home/thomas/Desktop/bachelor_thesis/bachelor_thesis/Tool/Benchmarks/projects/lambdaj/target/apidocs/ch/lambdaj/proxy/package-summary.html...
Generating /home/thomas/Desktop/bachelor_thesis/bachelor_thesis/Tool/Benchmarks/projects/lambdaj/target/apidocs/ch/lambdaj/proxy/package-tree.html...
Generating /home/thomas/Desktop/bachelor_thesis/bachelor_thesis/Tool/Benchmarks/projects/lambdaj/target/apidocs/ch/lambdaj/util/package-summary.html...
Generating /home/thomas/Desktop/bachelor_thesis/bachelor_thesis/Tool/Benchmarks/projects/lambdaj/target/apidocs/ch/lambdaj/util/package-tree.html...
Generating /home/thomas/Desktop/bachelor_thesis/bachelor_thesis/Tool/Benchmarks/projects/lambdaj/target/apidocs/ch/lambdaj/util/iterator/package-summary.html...
Generating /home/thomas/Desktop/bachelor_thesis/bachelor_thesis/Tool/Benchmarks/projects/lambdaj/target/apidocs/ch/lambdaj/util/iterator/package-tree.html...
Generating /home/thomas/Desktop/bachelor_thesis/bachelor_thesis/Tool/Benchmarks/projects/lambdaj/target/apidocs/constant-values.html...
Generating /home/thomas/Desktop/bachelor_thesis/bachelor_thesis/Tool/Benchmarks/projects/lambdaj/target/apidocs/serialized-form.html...
Generating /home/thomas/Desktop/bachelor_thesis/bachelor_thesis/Tool/Benchmarks/projects/lambdaj/target/apidocs/ch/lambdaj/collection/class-use/LambdaCollections.html...
Generating /home/thomas/Desktop/bachelor_thesis/bachelor_thesis/Tool/Benchmarks/projects/lambdaj/target/apidocs/ch/lambdaj/collection/class-use/LambdaMap.html...
Generating /home/thomas/Desktop/bachelor_thesis/bachelor_thesis/Tool/Benchmarks/projects/lambdaj/target/apidocs/ch/lambdaj/collection/class-use/LambdaIterator.html...
Generating /home/thomas/Desktop/bachelor_thesis/bachelor_thesis/Tool/Benchmarks/projects/lambdaj/target/apidocs/ch/lambdaj/collection/class-use/LambdaList.html...
Generating /home/thomas/Desktop/bachelor_thesis/bachelor_thesis/Tool/Benchmarks/projects/lambdaj/target/apidocs/ch/lambdaj/collection/class-use/LambdaGroup.html...
Generating /home/thomas/Desktop/bachelor_thesis/bachelor_thesis/Tool/Benchmarks/projects/lambdaj/target/apidocs/ch/lambdaj/collection/class-use/LambdaIterable.html...
Generating /home/thomas/Desktop/bachelor_thesis/bachelor_thesis/Tool/Benchmarks/projects/lambdaj/target/apidocs/ch/lambdaj/collection/class-use/LambdaSet.html...
Generating /home/thomas/Desktop/bachelor_thesis/bachelor_thesis/Tool/Benchmarks/projects/lambdaj/target/apidocs/ch/lambdaj/collection/class-use/LambdaCollection.html...
Generating /home/thomas/Desktop/bachelor_thesis/bachelor_thesis/Tool/Benchmarks/projects/lambdaj/target/apidocs/ch/lambdaj/proxy/class-use/ProxyIterator.html...
Generating /home/thomas/Desktop/bachelor_thesis/bachelor_thesis/Tool/Benchmarks/projects/lambdaj/target/apidocs/ch/lambdaj/proxy/class-use/InvocationInterceptor.html...
Generating /home/thomas/Desktop/bachelor_thesis/bachelor_thesis/Tool/Benchmarks/projects/lambdaj/target/apidocs/ch/lambdaj/proxy/class-use/UnproxableClassException.html...
Generating /home/thomas/Desktop/bachelor_thesis/bachelor_thesis/Tool/Benchmarks/projects/lambdaj/target/apidocs/ch/lambdaj/proxy/class-use/ProxyUtil.html...
Generating /home/thomas/Desktop/bachelor_thesis/bachelor_thesis/Tool/Benchmarks/projects/lambdaj/target/apidocs/ch/lambdaj/group/class-use/GroupCondition.html...
Generating /home/thomas/Desktop/bachelor_thesis/bachelor_thesis/Tool/Benchmarks/projects/lambdaj/target/apidocs/ch/lambdaj/group/class-use/GroupItem.html...
Generating /home/thomas/Desktop/bachelor_thesis/bachelor_thesis/Tool/Benchmarks/projects/lambdaj/target/apidocs/ch/lambdaj/group/class-use/Group.html...
Generating /home/thomas/Desktop/bachelor_thesis/bachelor_thesis/Tool/Benchmarks/projects/lambdaj/target/apidocs/ch/lambdaj/group/class-use/Groups.html...
Generating /home/thomas/Desktop/bachelor_thesis/bachelor_thesis/Tool/Benchmarks/projects/lambdaj/target/apidocs/ch/lambdaj/group/class-use/GroupConditions.html...
Generating /home/thomas/Desktop/bachelor_thesis/bachelor_thesis/Tool/Benchmarks/projects/lambdaj/target/apidocs/ch/lambdaj/group/class-use/StringGroupCondition.html...
Generating /home/thomas/Desktop/bachelor_thesis/bachelor_thesis/Tool/Benchmarks/projects/lambdaj/target/apidocs/ch/lambdaj/group/class-use/ArgumentGroupCondition.html...
Generating /home/thomas/Desktop/bachelor_thesis/bachelor_thesis/Tool/Benchmarks/projects/lambdaj/target/apidocs/ch/lambdaj/util/class-use/IntrospectionUtil.html...
Generating /home/thomas/Desktop/bachelor_thesis/bachelor_thesis/Tool/Benchmarks/projects/lambdaj/target/apidocs/ch/lambdaj/util/class-use/IntrospectionException.html...
Generating /home/thomas/Desktop/bachelor_thesis/bachelor_thesis/Tool/Benchmarks/projects/lambdaj/target/apidocs/ch/lambdaj/util/class-use/NotUniqueItemException.html...
Generating /home/thomas/Desktop/bachelor_thesis/bachelor_thesis/Tool/Benchmarks/projects/lambdaj/target/apidocs/ch/lambdaj/util/iterator/class-use/ResettableIteratorOnIterable.html...
Generating /home/thomas/Desktop/bachelor_thesis/bachelor_thesis/Tool/Benchmarks/projects/lambdaj/target/apidocs/ch/lambdaj/util/iterator/class-use/ResettableIteratorOnIterator.html...
Generating /home/thomas/Desktop/bachelor_thesis/bachelor_thesis/Tool/Benchmarks/projects/lambdaj/target/apidocs/ch/lambdaj/util/iterator/class-use/MatchingIterator.html...
Generating /home/thomas/Desktop/bachelor_thesis/bachelor_thesis/Tool/Benchmarks/projects/lambdaj/target/apidocs/ch/lambdaj/util/iterator/class-use/ResettableIteratorOnArray.html...
Generating /home/thomas/Desktop/bachelor_thesis/bachelor_thesis/Tool/Benchmarks/projects/lambdaj/target/apidocs/ch/lambdaj/util/iterator/class-use/ResettableIterator.html...
Generating /home/thomas/Desktop/bachelor_thesis/bachelor_thesis/Tool/Benchmarks/projects/lambdaj/target/apidocs/ch/lambdaj/util/iterator/class-use/IteratorFactory.html...
Generating /home/thomas/Desktop/bachelor_thesis/bachelor_thesis/Tool/Benchmarks/projects/lambdaj/target/apidocs/ch/lambdaj/function/argument/class-use/Argument.html...
Generating /home/thomas/Desktop/bachelor_thesis/bachelor_thesis/Tool/Benchmarks/projects/lambdaj/target/apidocs/ch/lambdaj/function/argument/class-use/ArgumentsFactory.html...
Generating /home/thomas/Desktop/bachelor_thesis/bachelor_thesis/Tool/Benchmarks/projects/lambdaj/target/apidocs/ch/lambdaj/function/argument/class-use/ArgumentConversionException.html...
Generating /home/thomas/Desktop/bachelor_thesis/bachelor_thesis/Tool/Benchmarks/projects/lambdaj/target/apidocs/ch/lambdaj/function/argument/class-use/FinalClassArgumentCreator.html...
Generating /home/thomas/Desktop/bachelor_thesis/bachelor_thesis/Tool/Benchmarks/projects/lambdaj/target/apidocs/ch/lambdaj/function/argument/class-use/Invoker.html...
Generating /home/thomas/Desktop/bachelor_thesis/bachelor_thesis/Tool/Benchmarks/projects/lambdaj/target/apidocs/ch/lambdaj/function/matcher/class-use/Predicate.html...
Generating /home/thomas/Desktop/bachelor_thesis/bachelor_thesis/Tool/Benchmarks/projects/lambdaj/target/apidocs/ch/lambdaj/function/matcher/class-use/HasNestedPropertyWithValue.html...
Generating /home/thomas/Desktop/bachelor_thesis/bachelor_thesis/Tool/Benchmarks/projects/lambdaj/target/apidocs/ch/lambdaj/function/matcher/class-use/OrMatcher.html...
Generating /home/thomas/Desktop/bachelor_thesis/bachelor_thesis/Tool/Benchmarks/projects/lambdaj/target/apidocs/ch/lambdaj/function/matcher/class-use/LambdaJMatcher.html...
Generating /home/thomas/Desktop/bachelor_thesis/bachelor_thesis/Tool/Benchmarks/projects/lambdaj/target/apidocs/ch/lambdaj/function/matcher/class-use/HasArgumentWithValue.html...
Generating /home/thomas/Desktop/bachelor_thesis/bachelor_thesis/Tool/Benchmarks/projects/lambdaj/target/apidocs/ch/lambdaj/function/matcher/class-use/AndMatcher.html...
Generating /home/thomas/Desktop/bachelor_thesis/bachelor_thesis/Tool/Benchmarks/projects/lambdaj/target/apidocs/ch/lambdaj/function/compare/class-use/PropertyComparator.html...
Generating /home/thomas/Desktop/bachelor_thesis/bachelor_thesis/Tool/Benchmarks/projects/lambdaj/target/apidocs/ch/lambdaj/function/compare/class-use/ComparatorUtil.html...
Generating /home/thomas/Desktop/bachelor_thesis/bachelor_thesis/Tool/Benchmarks/projects/lambdaj/target/apidocs/ch/lambdaj/function/compare/class-use/ArgumentComparator.html...
Generating /home/thomas/Desktop/bachelor_thesis/bachelor_thesis/Tool/Benchmarks/projects/lambdaj/target/apidocs/ch/lambdaj/function/aggregate/class-use/MinOnArgument.html...
Generating /home/thomas/Desktop/bachelor_thesis/bachelor_thesis/Tool/Benchmarks/projects/lambdaj/target/apidocs/ch/lambdaj/function/aggregate/class-use/Concat.html...
Generating /home/thomas/Desktop/bachelor_thesis/bachelor_thesis/Tool/Benchmarks/projects/lambdaj/target/apidocs/ch/lambdaj/function/aggregate/class-use/ProxyAggregator.html...
Generating /home/thomas/Desktop/bachelor_thesis/bachelor_thesis/Tool/Benchmarks/projects/lambdaj/target/apidocs/ch/lambdaj/function/aggregate/class-use/Chooser.html...
Generating /home/thomas/Desktop/bachelor_thesis/bachelor_thesis/Tool/Benchmarks/projects/lambdaj/target/apidocs/ch/lambdaj/function/aggregate/class-use/PairAggregator.html...
Generating /home/thomas/Desktop/bachelor_thesis/bachelor_thesis/Tool/Benchmarks/projects/lambdaj/target/apidocs/ch/lambdaj/function/aggregate/class-use/Sum.html...
Generating /home/thomas/Desktop/bachelor_thesis/bachelor_thesis/Tool/Benchmarks/projects/lambdaj/target/apidocs/ch/lambdaj/function/aggregate/class-use/MaxOnArgument.html...
Generating /home/thomas/Desktop/bachelor_thesis/bachelor_thesis/Tool/Benchmarks/projects/lambdaj/target/apidocs/ch/lambdaj/function/aggregate/class-use/Avg.html...
Generating /home/thomas/Desktop/bachelor_thesis/bachelor_thesis/Tool/Benchmarks/projects/lambdaj/target/apidocs/ch/lambdaj/function/aggregate/class-use/SumInteger.html...
Generating /home/thomas/Desktop/bachelor_thesis/bachelor_thesis/Tool/Benchmarks/projects/lambdaj/target/apidocs/ch/lambdaj/function/aggregate/class-use/Max.html...
Generating /home/thomas/Desktop/bachelor_thesis/bachelor_thesis/Tool/Benchmarks/projects/lambdaj/target/apidocs/ch/lambdaj/function/aggregate/class-use/InitializedPairAggregator.html...
Generating /home/thomas/Desktop/bachelor_thesis/bachelor_thesis/Tool/Benchmarks/projects/lambdaj/target/apidocs/ch/lambdaj/function/aggregate/class-use/ChooserOnArgument.html...
Generating /home/thomas/Desktop/bachelor_thesis/bachelor_thesis/Tool/Benchmarks/projects/lambdaj/target/apidocs/ch/lambdaj/function/aggregate/class-use/Aggregator.html...
Generating /home/thomas/Desktop/bachelor_thesis/bachelor_thesis/Tool/Benchmarks/projects/lambdaj/target/apidocs/ch/lambdaj/function/aggregate/class-use/Min.html...
Generating /home/thomas/Desktop/bachelor_thesis/bachelor_thesis/Tool/Benchmarks/projects/lambdaj/target/apidocs/ch/lambdaj/function/aggregate/class-use/SumDouble.html...
Generating /home/thomas/Desktop/bachelor_thesis/bachelor_thesis/Tool/Benchmarks/projects/lambdaj/target/apidocs/ch/lambdaj/function/aggregate/class-use/SumLong.html...
Generating /home/thomas/Desktop/bachelor_thesis/bachelor_thesis/Tool/Benchmarks/projects/lambdaj/target/apidocs/ch/lambdaj/function/closure/class-use/WrongClosureInvocationException.html...
Generating /home/thomas/Desktop/bachelor_thesis/bachelor_thesis/Tool/Benchmarks/projects/lambdaj/target/apidocs/ch/lambdaj/function/closure/class-use/DelayedClosure.html...
Generating /home/thomas/Desktop/bachelor_thesis/bachelor_thesis/Tool/Benchmarks/projects/lambdaj/target/apidocs/ch/lambdaj/function/closure/class-use/Closure4.html...
Generating /home/thomas/Desktop/bachelor_thesis/bachelor_thesis/Tool/Benchmarks/projects/lambdaj/target/apidocs/ch/lambdaj/function/closure/class-use/Closure1.html...
Generating /home/thomas/Desktop/bachelor_thesis/bachelor_thesis/Tool/Benchmarks/projects/lambdaj/target/apidocs/ch/lambdaj/function/closure/class-use/Switcher.html...
Generating /home/thomas/Desktop/bachelor_thesis/bachelor_thesis/Tool/Benchmarks/projects/lambdaj/target/apidocs/ch/lambdaj/function/closure/class-use/Closure.html...
Generating /home/thomas/Desktop/bachelor_thesis/bachelor_thesis/Tool/Benchmarks/projects/lambdaj/target/apidocs/ch/lambdaj/function/closure/class-use/ClosuresFactory.html...
Generating /home/thomas/Desktop/bachelor_thesis/bachelor_thesis/Tool/Benchmarks/projects/lambdaj/target/apidocs/ch/lambdaj/function/closure/class-use/Closure3.html...
Generating /home/thomas/Desktop/bachelor_thesis/bachelor_thesis/Tool/Benchmarks/projects/lambdaj/target/apidocs/ch/lambdaj/function/closure/class-use/Closure0.html...
Generating /home/thomas/Desktop/bachelor_thesis/bachelor_thesis/Tool/Benchmarks/projects/lambdaj/target/apidocs/ch/lambdaj/function/closure/class-use/Closure2.html...
Generating /home/thomas/Desktop/bachelor_thesis/bachelor_thesis/Tool/Benchmarks/projects/lambdaj/target/apidocs/ch/lambdaj/function/closure/class-use/ClosureResult.html...
Generating /home/thomas/Desktop/bachelor_thesis/bachelor_thesis/Tool/Benchmarks/projects/lambdaj/target/apidocs/ch/lambdaj/function/convert/class-use/Converter.html...
Generating /home/thomas/Desktop/bachelor_thesis/bachelor_thesis/Tool/Benchmarks/projects/lambdaj/target/apidocs/ch/lambdaj/function/convert/class-use/PropertyExtractor.html...
Generating /home/thomas/Desktop/bachelor_thesis/bachelor_thesis/Tool/Benchmarks/projects/lambdaj/target/apidocs/ch/lambdaj/function/convert/class-use/DefaultStringConverter.html...
Generating /home/thomas/Desktop/bachelor_thesis/bachelor_thesis/Tool/Benchmarks/projects/lambdaj/target/apidocs/ch/lambdaj/function/convert/class-use/ConstructorArgumentConverter.html...
Generating /home/thomas/Desktop/bachelor_thesis/bachelor_thesis/Tool/Benchmarks/projects/lambdaj/target/apidocs/ch/lambdaj/function/convert/class-use/StringLengthConverter.html...
Generating /home/thomas/Desktop/bachelor_thesis/bachelor_thesis/Tool/Benchmarks/projects/lambdaj/target/apidocs/ch/lambdaj/function/convert/class-use/ConverterIterator.html...
Generating /home/thomas/Desktop/bachelor_thesis/bachelor_thesis/Tool/Benchmarks/projects/lambdaj/target/apidocs/ch/lambdaj/function/convert/class-use/StringPropertyExtractor.html...
Generating /home/thomas/Desktop/bachelor_thesis/bachelor_thesis/Tool/Benchmarks/projects/lambdaj/target/apidocs/ch/lambdaj/function/convert/class-use/StringConverter.html...
Generating /home/thomas/Desktop/bachelor_thesis/bachelor_thesis/Tool/Benchmarks/projects/lambdaj/target/apidocs/ch/lambdaj/function/convert/class-use/ArgumentConverter.html...
Generating /home/thomas/Desktop/bachelor_thesis/bachelor_thesis/Tool/Benchmarks/projects/lambdaj/target/apidocs/ch/lambdaj/function/convert/class-use/ProjectConverter.html...
Generating /home/thomas/Desktop/bachelor_thesis/bachelor_thesis/Tool/Benchmarks/projects/lambdaj/target/apidocs/ch/lambdaj/function/convert/class-use/AliasedArgumentConverter.html...
Generating /home/thomas/Desktop/bachelor_thesis/bachelor_thesis/Tool/Benchmarks/projects/lambdaj/target/apidocs/ch/lambdaj/class-use/Lambda.html...
Generating /home/thomas/Desktop/bachelor_thesis/bachelor_thesis/Tool/Benchmarks/projects/lambdaj/target/apidocs/ch/lambdaj/package-use.html...
Generating /home/thomas/Desktop/bachelor_thesis/bachelor_thesis/Tool/Benchmarks/projects/lambdaj/target/apidocs/ch/lambdaj/collection/package-use.html...
Generating /home/thomas/Desktop/bachelor_thesis/bachelor_thesis/Tool/Benchmarks/projects/lambdaj/target/apidocs/ch/lambdaj/function/aggregate/package-use.html...
Generating /home/thomas/Desktop/bachelor_thesis/bachelor_thesis/Tool/Benchmarks/projects/lambdaj/target/apidocs/ch/lambdaj/function/argument/package-use.html...
Generating /home/thomas/Desktop/bachelor_thesis/bachelor_thesis/Tool/Benchmarks/projects/lambdaj/target/apidocs/ch/lambdaj/function/closure/package-use.html...
Generating /home/thomas/Desktop/bachelor_thesis/bachelor_thesis/Tool/Benchmarks/projects/lambdaj/target/apidocs/ch/lambdaj/function/compare/package-use.html...
Generating /home/thomas/Desktop/bachelor_thesis/bachelor_thesis/Tool/Benchmarks/projects/lambdaj/target/apidocs/ch/lambdaj/function/convert/package-use.html...
Generating /home/thomas/Desktop/bachelor_thesis/bachelor_thesis/Tool/Benchmarks/projects/lambdaj/target/apidocs/ch/lambdaj/function/matcher/package-use.html...
Generating /home/thomas/Desktop/bachelor_thesis/bachelor_thesis/Tool/Benchmarks/projects/lambdaj/target/apidocs/ch/lambdaj/group/package-use.html...
Generating /home/thomas/Desktop/bachelor_thesis/bachelor_thesis/Tool/Benchmarks/projects/lambdaj/target/apidocs/ch/lambdaj/proxy/package-use.html...
Generating /home/thomas/Desktop/bachelor_thesis/bachelor_thesis/Tool/Benchmarks/projects/lambdaj/target/apidocs/ch/lambdaj/util/package-use.html...
Generating /home/thomas/Desktop/bachelor_thesis/bachelor_thesis/Tool/Benchmarks/projects/lambdaj/target/apidocs/ch/lambdaj/util/iterator/package-use.html...
Building index for all the packages and classes...
Generating /home/thomas/Desktop/bachelor_thesis/bachelor_thesis/Tool/Benchmarks/projects/lambdaj/target/apidocs/overview-tree.html...
Generating /home/thomas/Desktop/bachelor_thesis/bachelor_thesis/Tool/Benchmarks/projects/lambdaj/target/apidocs/index-all.html...
Building index for all classes...
Generating /home/thomas/Desktop/bachelor_thesis/bachelor_thesis/Tool/Benchmarks/projects/lambdaj/target/apidocs/allclasses-index.html...
Generating /home/thomas/Desktop/bachelor_thesis/bachelor_thesis/Tool/Benchmarks/projects/lambdaj/target/apidocs/allpackages-index.html...
Generating /home/thomas/Desktop/bachelor_thesis/bachelor_thesis/Tool/Benchmarks/projects/lambdaj/target/apidocs/deprecated-list.html...
Building index for all classes...
Generating /home/thomas/Desktop/bachelor_thesis/bachelor_thesis/Tool/Benchmarks/projects/lambdaj/target/apidocs/allclasses.html...
Generating /home/thomas/Desktop/bachelor_thesis/bachelor_thesis/Tool/Benchmarks/projects/lambdaj/target/apidocs/allclasses.html...
Generating /home/thomas/Desktop/bachelor_thesis/bachelor_thesis/Tool/Benchmarks/projects/lambdaj/target/apidocs/index.html...
Generating /home/thomas/Desktop/bachelor_thesis/bachelor_thesis/Tool/Benchmarks/projects/lambdaj/target/apidocs/overview-summary.html...
Generating /home/thomas/Desktop/bachelor_thesis/bachelor_thesis/Tool/Benchmarks/projects/lambdaj/target/apidocs/help-doc.html...
100 warnings
[[1;33mWARNING[m] Javadoc Warnings
[[1;33mWARNING[m] javadoc: warning - The code being documented uses modules but the packages defined in https://docs.oracle.com/javase/8/docs/api/ are in the unnamed module.
[[1;33mWARNING[m] javadoc: warning - The code being documented uses modules but the packages defined in https://docs.oracle.com/javase/8/docs/api/ are in the unnamed module.
[[1;33mWARNING[m] javadoc: warning - The code being documented uses modules but the packages defined in https://docs.oracle.com/javase/8/docs/api/ are in the unnamed module.
[[1;33mWARNING[m] javadoc: warning - The code being documented uses modules but the packages defined in https://docs.oracle.com/javase/8/docs/api/ are in the unnamed module.
[[1;33mWARNING[m] javadoc: warning - The code being documented uses modules but the packages defined in https://docs.oracle.com/javase/8/docs/api/ are in the unnamed module.
[[1;33mWARNING[m] javadoc: warning - The code being documented uses modules but the packages defined in https://docs.oracle.com/javase/8/docs/api/ are in the unnamed module.
[[1;33mWARNING[m] javadoc: warning - The code being documented uses modules but the packages defined in https://docs.oracle.com/javase/8/docs/api/ are in the unnamed module.
[[1;33mWARNING[m] javadoc: warning - The code being documented uses modules but the packages defined in https://docs.oracle.com/javase/8/docs/api/ are in the unnamed module.
[[1;33mWARNING[m] javadoc: warning - The code being documented uses modules but the packages defined in https://docs.oracle.com/javase/8/docs/api/ are in the unnamed module.
[[1;33mWARNING[m] javadoc: warning - The code being documented uses modules but the packages defined in https://docs.oracle.com/javase/8/docs/api/ are in the unnamed module.
[[1;33mWARNING[m] javadoc: warning - The code being documented uses modules but the packages defined in https://docs.oracle.com/javase/8/docs/api/ are in the unnamed module.
[[1;33mWARNING[m] javadoc: warning - The code being documented uses modules but the packages defined in https://docs.oracle.com/javase/8/docs/api/ are in the unnamed module.
[[1;33mWARNING[m] javadoc: warning - The code being documented uses modules but the packages defined in https://docs.oracle.com/javase/8/docs/api/ are in the unnamed module.
[[1;33mWARNING[m] javadoc: warning - The code being documented uses modules but the packages defined in https://docs.oracle.com/javase/8/docs/api/ are in the unnamed module.
[[1;33mWARNING[m] javadoc: warning - The code being documented uses modules but the packages defined in https://docs.oracle.com/javase/8/docs/api/ are in the unnamed module.
[[1;33mWARNING[m] javadoc: warning - The code being documented uses modules but the packages defined in https://docs.oracle.com/javase/8/docs/api/ are in the unnamed module.
[[1;33mWARNING[m] javadoc: warning - The code being documented uses modules but the packages defined in https://docs.oracle.com/javase/8/docs/api/ are in the unnamed module.
[[1;33mWARNING[m] javadoc: warning - The code being documented uses modules but the packages defined in https://docs.oracle.com/javase/8/docs/api/ are in the unnamed module.
[[1;33mWARNING[m] javadoc: warning - The code being documented uses modules but the packages defined in https://docs.oracle.com/javase/8/docs/api/ are in the unnamed module.
[[1;33mWARNING[m] javadoc: warning - The code being documented uses modules but the packages defined in https://docs.oracle.com/javase/8/docs/api/ are in the unnamed module.
[[1;33mWARNING[m] javadoc: warning - The code being documented uses modules but the packages defined in https://docs.oracle.com/javase/8/docs/api/ are in the unnamed module.
[[1;33mWARNING[m] javadoc: warning - The code being documented uses modules but the packages defined in https://docs.oracle.com/javase/8/docs/api/ are in the unnamed module.
[[1;33mWARNING[m] javadoc: warning - The code being documented uses modules but the packages defined in https://docs.oracle.com/javase/8/docs/api/ are in the unnamed module.
[[1;33mWARNING[m] javadoc: warning - The code being documented uses modules but the packages defined in https://docs.oracle.com/javase/8/docs/api/ are in the unnamed module.
[[1;33mWARNING[m] javadoc: warning - The code being documented uses modules but the packages defined in https://docs.oracle.com/javase/8/docs/api/ are in the unnamed module.
[[1;33mWARNING[m] javadoc: warning - The code being documented uses modules but the packages defined in https://docs.oracle.com/javase/8/docs/api/ are in the unnamed module.
[[1;33mWARNING[m] javadoc: warning - The code being documented uses modules but the packages defined in https://docs.oracle.com/javase/8/docs/api/ are in the unnamed module.
[[1;33mWARNING[m] javadoc: warning - The code being documented uses modules but the packages defined in https://docs.oracle.com/javase/8/docs/api/ are in the unnamed module.
[[1;33mWARNING[m] javadoc: warning - The code being documented uses modules but the packages defined in https://docs.oracle.com/javase/8/docs/api/ are in the unnamed module.
[[1;33mWARNING[m] javadoc: warning - The code being documented uses modules but the packages defined in https://docs.oracle.com/javase/8/docs/api/ are in the unnamed module.
[[1;33mWARNING[m] javadoc: warning - The code being documented uses modules but the packages defined in https://docs.oracle.com/javase/8/docs/api/ are in the unnamed module.
[[1;33mWARNING[m] javadoc: warning - The code being documented uses modules but the packages defined in https://docs.oracle.com/javase/8/docs/api/ are in the unnamed module.
[[1;33mWARNING[m] javadoc: warning - The code being documented uses modules but the packages defined in https://docs.oracle.com/javase/8/docs/api/ are in the unnamed module.
[[1;33mWARNING[m] javadoc: warning - The code being documented uses modules but the packages defined in https://docs.oracle.com/javase/8/docs/api/ are in the unnamed module.
[[1;33mWARNING[m] javadoc: warning - The code being documented uses modules but the packages defined in https://docs.oracle.com/javase/8/docs/api/ are in the unnamed module.
[[1;33mWARNING[m] javadoc: warning - The code being documented uses modules but the packages defined in https://docs.oracle.com/javase/8/docs/api/ are in the unnamed module.
[[1;33mWARNING[m] javadoc: warning - The code being documented uses modules but the packages defined in https://docs.oracle.com/javase/8/docs/api/ are in the unnamed module.
[[1;33mWARNING[m] javadoc: warning - The code being documented uses modules but the packages defined in https://docs.oracle.com/javase/8/docs/api/ are in the unnamed module.
[[1;33mWARNING[m] javadoc: warning - The code being documented uses modules but the packages defined in https://docs.oracle.com/javase/8/docs/api/ are in the unnamed module.
[[1;33mWARNING[m] javadoc: warning - The code being documented uses modules but the packages defined in https://docs.oracle.com/javase/8/docs/api/ are in the unnamed module.
[[1;33mWARNING[m] javadoc: warning - The code being documented uses modules but the packages defined in https://docs.oracle.com/javase/8/docs/api/ are in the unnamed module.
[[1;33mWARNING[m] javadoc: warning - The code being documented uses modules but the packages defined in https://docs.oracle.com/javase/8/docs/api/ are in the unnamed module.
[[1;33mWARNING[m] javadoc: warning - The code being documented uses modules but the packages defined in https://docs.oracle.com/javase/8/docs/api/ are in the unnamed module.
[[1;33mWARNING[m] javadoc: warning - The code being documented uses modules but the packages defined in https://docs.oracle.com/javase/8/docs/api/ are in the unnamed module.
[[1;33mWARNING[m] javadoc: warning - The code being documented uses modules but the packages defined in https://docs.oracle.com/javase/8/docs/api/ are in the unnamed module.
[[1;33mWARNING[m] javadoc: warning - The code being documented uses modules but the packages defined in https://docs.oracle.com/javase/8/docs/api/ are in the unnamed module.
[[1;33mWARNING[m] javadoc: warning - The code being documented uses modules but the packages defined in https://docs.oracle.com/javase/8/docs/api/ are in the unnamed module.
[[1;33mWARNING[m] javadoc: warning - The code being documented uses modules but the packages defined in https://docs.oracle.com/javase/8/docs/api/ are in the unnamed module.
[[1;33mWARNING[m] javadoc: warning - The code being documented uses modules but the packages defined in https://docs.oracle.com/javase/8/docs/api/ are in the unnamed module.
[[1;33mWARNING[m] javadoc: warning - The code being documented uses modules but the packages defined in https://docs.oracle.com/javase/8/docs/api/ are in the unnamed module.
[[1;33mWARNING[m] javadoc: warning - The code being documented uses modules but the packages defined in https://docs.oracle.com/javase/8/docs/api/ are in the unnamed module.
[[1;33mWARNING[m] javadoc: warning - The code being documented uses modules but the packages defined in https://docs.oracle.com/javase/8/docs/api/ are in the unnamed module.
[[1;33mWARNING[m] javadoc: warning - The code being documented uses modules but the packages defined in https://docs.oracle.com/javase/8/docs/api/ are in the unnamed module.
[[1;33mWARNING[m] javadoc: warning - The code being documented uses modules but the packages defined in https://docs.oracle.com/javase/8/docs/api/ are in the unnamed module.
[[1;33mWARNING[m] javadoc: warning - The code being documented uses modules but the packages defined in https://docs.oracle.com/javase/8/docs/api/ are in the unnamed module.
[[1;33mWARNING[m] javadoc: warning - The code being documented uses modules but the packages defined in https://docs.oracle.com/javase/8/docs/api/ are in the unnamed module.
[[1;33mWARNING[m] javadoc: warning - The code being documented uses modules but the packages defined in https://docs.oracle.com/javase/8/docs/api/ are in the unnamed module.
[[1;33mWARNING[m] javadoc: warning - The code being documented uses modules but the packages defined in https://docs.oracle.com/javase/8/docs/api/ are in the unnamed module.
[[1;33mWARNING[m] javadoc: warning - The code being documented uses modules but the packages defined in https://docs.oracle.com/javase/8/docs/api/ are in the unnamed module.
[[1;33mWARNING[m] javadoc: warning - The code being documented uses modules but the packages defined in https://docs.oracle.com/javase/8/docs/api/ are in the unnamed module.
[[1;33mWARNING[m] javadoc: warning - The code being documented uses modules but the packages defined in https://docs.oracle.com/javase/8/docs/api/ are in the unnamed module.
[[1;33mWARNING[m] javadoc: warning - The code being documented uses modules but the packages defined in https://docs.oracle.com/javase/8/docs/api/ are in the unnamed module.
[[1;33mWARNING[m] javadoc: warning - The code being documented uses modules but the packages defined in https://docs.oracle.com/javase/8/docs/api/ are in the unnamed module.
[[1;33mWARNING[m] javadoc: warning - The code being documented uses modules but the packages defined in https://docs.oracle.com/javase/8/docs/api/ are in the unnamed module.
[[1;33mWARNING[m] javadoc: warning - The code being documented uses modules but the packages defined in https://docs.oracle.com/javase/8/docs/api/ are in the unnamed module.
[[1;33mWARNING[m] javadoc: warning - The code being documented uses modules but the packages defined in https://docs.oracle.com/javase/8/docs/api/ are in the unnamed module.
[[1;33mWARNING[m] javadoc: warning - The code being documented uses modules but the packages defined in https://docs.oracle.com/javase/8/docs/api/ are in the unnamed module.
[[1;33mWARNING[m] javadoc: warning - The code being documented uses modules but the packages defined in https://docs.oracle.com/javase/8/docs/api/ are in the unnamed module.
[[1;33mWARNING[m] javadoc: warning - The code being documented uses modules but the packages defined in https://docs.oracle.com/javase/8/docs/api/ are in the unnamed module.
[[1;33mWARNING[m] javadoc: warning - The code being documented uses modules but the packages defined in https://docs.oracle.com/javase/8/docs/api/ are in the unnamed module.
[[1;33mWARNING[m] javadoc: warning - The code being documented uses modules but the packages defined in https://docs.oracle.com/javase/8/docs/api/ are in the unnamed module.
[[1;33mWARNING[m] javadoc: warning - The code being documented uses modules but the packages defined in https://docs.oracle.com/javase/8/docs/api/ are in the unnamed module.
[[1;33mWARNING[m] javadoc: warning - The code being documented uses modules but the packages defined in https://docs.oracle.com/javase/8/docs/api/ are in the unnamed module.
[[1;33mWARNING[m] javadoc: warning - The code being documented uses modules but the packages defined in https://docs.oracle.com/javase/8/docs/api/ are in the unnamed module.
[[1;33mWARNING[m] javadoc: warning - The code being documented uses modules but the packages defined in https://docs.oracle.com/javase/8/docs/api/ are in the unnamed module.
[[1;33mWARNING[m] javadoc: warning - The code being documented uses modules but the packages defined in https://docs.oracle.com/javase/8/docs/api/ are in the unnamed module.
[[1;33mWARNING[m] javadoc: warning - The code being documented uses modules but the packages defined in https://docs.oracle.com/javase/8/docs/api/ are in the unnamed module.
[[1;33mWARNING[m] javadoc: warning - The code being documented uses modules but the packages defined in https://docs.oracle.com/javase/8/docs/api/ are in the unnamed module.
[[1;33mWARNING[m] javadoc: warning - The code being documented uses modules but the packages defined in https://docs.oracle.com/javase/8/docs/api/ are in the unnamed module.
[[1;33mWARNING[m] javadoc: warning - The code being documented uses modules but the packages defined in https://docs.oracle.com/javase/8/docs/api/ are in the unnamed module.
[[1;33mWARNING[m] javadoc: warning - The code being documented uses modules but the packages defined in https://docs.oracle.com/javase/8/docs/api/ are in the unnamed module.
[[1;33mWARNING[m] javadoc: warning - The code being documented uses modules but the packages defined in https://docs.oracle.com/javase/8/docs/api/ are in the unnamed module.
[[1;33mWARNING[m] javadoc: warning - The code being documented uses modules but the packages defined in https://docs.oracle.com/javase/8/docs/api/ are in the unnamed module.
[[1;33mWARNING[m] javadoc: warning - The code being documented uses modules but the packages defined in https://docs.oracle.com/javase/8/docs/api/ are in the unnamed module.
[[1;33mWARNING[m] javadoc: warning - The code being documented uses modules but the packages defined in https://docs.oracle.com/javase/8/docs/api/ are in the unnamed module.
[[1;33mWARNING[m] javadoc: warning - The code being documented uses modules but the packages defined in https://docs.oracle.com/javase/8/docs/api/ are in the unnamed module.
[[1;33mWARNING[m] javadoc: warning - The code being documented uses modules but the packages defined in https://docs.oracle.com/javase/8/docs/api/ are in the unnamed module.
[[1;33mWARNING[m] javadoc: warning - The code being documented uses modules but the packages defined in https://docs.oracle.com/javase/8/docs/api/ are in the unnamed module.
[[1;33mWARNING[m] javadoc: warning - The code being documented uses modules but the packages defined in https://docs.oracle.com/javase/8/docs/api/ are in the unnamed module.
[[1;33mWARNING[m] javadoc: warning - The code being documented uses modules but the packages defined in https://docs.oracle.com/javase/8/docs/api/ are in the unnamed module.
[[1;33mWARNING[m] javadoc: warning - The code being documented uses modules but the packages defined in https://docs.oracle.com/javase/8/docs/api/ are in the unnamed module.
[[1;33mWARNING[m] javadoc: warning - The code being documented uses modules but the packages defined in https://docs.oracle.com/javase/8/docs/api/ are in the unnamed module.
[[1;33mWARNING[m] javadoc: warning - The code being documented uses modules but the packages defined in https://docs.oracle.com/javase/8/docs/api/ are in the unnamed module.
[[1;33mWARNING[m] javadoc: warning - The code being documented uses modules but the packages defined in https://docs.oracle.com/javase/8/docs/api/ are in the unnamed module.
[[1;33mWARNING[m] javadoc: warning - The code being documented uses modules but the packages defined in https://docs.oracle.com/javase/8/docs/api/ are in the unnamed module.
[[1;33mWARNING[m] javadoc: warning - The code being documented uses modules but the packages defined in https://docs.oracle.com/javase/8/docs/api/ are in the unnamed module.
[[1;33mWARNING[m] javadoc: warning - The code being documented uses modules but the packages defined in https://docs.oracle.com/javase/8/docs/api/ are in the unnamed module.
[[1;33mWARNING[m] javadoc: warning - The code being documented uses modules but the packages defined in https://docs.oracle.com/javase/8/docs/api/ are in the unnamed module.
[[1;33mWARNING[m] javadoc: warning - The code being documented uses modules but the packages defined in https://docs.oracle.com/javase/8/docs/api/ are in the unnamed module.
[[1;33mWARNING[m] javadoc: warning - The code being documented uses modules but the packages defined in https://docs.oracle.com/javase/8/docs/api/ are in the unnamed module.
[[1;34mINFO[m] Building jar: /home/thomas/Desktop/bachelor_thesis/bachelor_thesis/Tool/Benchmarks/projects/lambdaj/target/lambdaj-2.4.1-SNAPSHOT-javadoc.jar
[[1;34mINFO[m] 
[[1;34mINFO[m] [1m--- [0;32mmaven-install-plugin:2.4:install[m [1m(default-install)[m @ [36mlambdaj[0;1m ---[m
[[1;34mINFO[m] Installing /home/thomas/Desktop/bachelor_thesis/bachelor_thesis/Tool/Benchmarks/projects/lambdaj/target/lambdaj-2.4.1-SNAPSHOT.jar to /home/thomas/.m2/repository/com/googlecode/lambdaj/lambdaj/2.4.1-SNAPSHOT/lambdaj-2.4.1-SNAPSHOT.jar
[[1;34mINFO[m] Installing /home/thomas/Desktop/bachelor_thesis/bachelor_thesis/Tool/Benchmarks/projects/lambdaj/pom.xml to /home/thomas/.m2/repository/com/googlecode/lambdaj/lambdaj/2.4.1-SNAPSHOT/lambdaj-2.4.1-SNAPSHOT.pom
[[1;34mINFO[m] Installing /home/thomas/Desktop/bachelor_thesis/bachelor_thesis/Tool/Benchmarks/projects/lambdaj/target/lambdaj-2.4.1-SNAPSHOT-fat-tests.jar to /home/thomas/.m2/repository/com/googlecode/lambdaj/lambdaj/2.4.1-SNAPSHOT/lambdaj-2.4.1-SNAPSHOT-fat-tests.jar
[[1;34mINFO[m] Installing /home/thomas/Desktop/bachelor_thesis/bachelor_thesis/Tool/Benchmarks/projects/lambdaj/target/lambdaj-2.4.1-SNAPSHOT-sources.jar to /home/thomas/.m2/repository/com/googlecode/lambdaj/lambdaj/2.4.1-SNAPSHOT/lambdaj-2.4.1-SNAPSHOT-sources.jar
[[1;34mINFO[m] Installing /home/thomas/Desktop/bachelor_thesis/bachelor_thesis/Tool/Benchmarks/projects/lambdaj/target/lambdaj-2.4.1-SNAPSHOT-javadoc.jar to /home/thomas/.m2/repository/com/googlecode/lambdaj/lambdaj/2.4.1-SNAPSHOT/lambdaj-2.4.1-SNAPSHOT-javadoc.jar
[[1;34mINFO[m] [1m------------------------------------------------------------------------[m
[[1;34mINFO[m] [1;32mBUILD SUCCESS[m
[[1;34mINFO[m] [1m------------------------------------------------------------------------[m
[[1;34mINFO[m] Total time:  8.891 s
[[1;34mINFO[m] Finished at: 2022-09-03T20:29:20+02:00
[[1;34mINFO[m] [1m------------------------------------------------------------------------[m
[[1;34mINFO[m] Scanning for projects...
[[1;33mWARNING[m] 
[[1;33mWARNING[m] Some problems were encountered while building the effective model for com.googlecode.lambdaj:lambdaj:jar:2.4.1-SNAPSHOT
[[1;33mWARNING[m] 'build.plugins.plugin.version' for org.apache.maven.plugins:maven-compiler-plugin is missing. @ line 139, column 15
[[1;33mWARNING[m] 'build.plugins.plugin.version' for org.apache.maven.plugins:maven-source-plugin is missing. @ line 147, column 15
[[1;33mWARNING[m] 'build.plugins.plugin.version' for org.apache.maven.plugins:maven-javadoc-plugin is missing. @ line 159, column 15
[[1;33mWARNING[m] 
[[1;33mWARNING[m] It is highly recommended to fix these problems because they threaten the stability of your build.
[[1;33mWARNING[m] 
[[1;33mWARNING[m] For this reason, future Maven versions might no longer support building such malformed projects.
[[1;33mWARNING[m] 
[[1;34mINFO[m] 
[[1;34mINFO[m] [1m-------------------< [0;36mcom.googlecode.lambdaj:lambdaj[0;1m >-------------------[m
[[1;34mINFO[m] [1mBuilding lambdaj 2.4.1-SNAPSHOT[m
[[1;34mINFO[m] [1m--------------------------------[ jar ]---------------------------------[m
[[1;34mINFO[m] 
[[1;34mINFO[m] [1m--- [0;32mmaven-assembly-plugin:2.6:single[m [1m(default-cli)[m @ [36mlambdaj[0;1m ---[m
[[1;34mINFO[m] Reading assembly descriptor: src/assembly/assembly.xml
[[1;33mWARNING[m] The assembly descriptor contains a filesystem-root relative reference, which is not cross platform compatible /
[[1;33mWARNING[m] The assembly descriptor contains a filesystem-root relative reference, which is not cross platform compatible /
[[1;33mWARNING[m] Cannot include project artifact: com.googlecode.lambdaj:lambdaj:jar:2.4.1-SNAPSHOT; it doesn't have an associated file or directory.
[[1;34mINFO[m] Building jar: /home/thomas/Desktop/bachelor_thesis/bachelor_thesis/Tool/Benchmarks/projects/lambdaj/target/lambdaj-2.4.1-SNAPSHOT-fat-tests.jar
[[1;34mINFO[m] [1m------------------------------------------------------------------------[m
[[1;34mINFO[m] [1;32mBUILD SUCCESS[m
[[1;34mINFO[m] [1m------------------------------------------------------------------------[m
[[1;34mINFO[m] Total time:  1.354 s
[[1;34mINFO[m] Finished at: 2022-09-03T20:29:22+02:00
[[1;34mINFO[m] [1m------------------------------------------------------------------------[m
WARNING: An illegal reflective access operation has occurred
WARNING: Illegal reflective access by com.google.inject.internal.cglib.core.$ReflectUtils$1 (file:/usr/share/maven/lib/guice.jar) to method java.lang.ClassLoader.defineClass(java.lang.String,byte[],int,int,java.security.ProtectionDomain)
WARNING: Please consider reporting this to the maintainers of com.google.inject.internal.cglib.core.$ReflectUtils$1
WARNING: Use --illegal-access=warn to enable warnings of further illegal reflective access operations
WARNING: All illegal access operations will be denied in a future release
[[1;34mINFO[m] Scanning for projects...
[[1;33mWARNING[m] 
[[1;33mWARNING[m] Some problems were encountered while building the effective model for com.googlecode.lambdaj:lambdaj:jar:2.4.1-SNAPSHOT
[[1;33mWARNING[m] 'build.plugins.plugin.version' for org.apache.maven.plugins:maven-compiler-plugin is missing. @ line 139, column 15
[[1;33mWARNING[m] 'build.plugins.plugin.version' for org.apache.maven.plugins:maven-source-plugin is missing. @ line 147, column 15
[[1;33mWARNING[m] 'build.plugins.plugin.version' for org.apache.maven.plugins:maven-javadoc-plugin is missing. @ line 159, column 15
[[1;33mWARNING[m] 
[[1;33mWARNING[m] It is highly recommended to fix these problems because they threaten the stability of your build.
[[1;33mWARNING[m] 
[[1;33mWARNING[m] For this reason, future Maven versions might no longer support building such malformed projects.
[[1;33mWARNING[m] 
[[1;34mINFO[m] 
[[1;34mINFO[m] [1m-------------------< [0;36mcom.googlecode.lambdaj:lambdaj[0;1m >-------------------[m
[[1;34mINFO[m] [1mBuilding lambdaj 2.4.1-SNAPSHOT[m
[[1;34mINFO[m] [1m--------------------------------[ jar ]---------------------------------[m
[[1;34mINFO[m] 
[[1;34mINFO[m] [1m--- [0;32mpitest-maven:1.7.2:mutationCoverage[m [1m(default-cli)[m @ [36mlambdaj[0;1m ---[m
[[1;34mINFO[m] Found plugin : Default csv report plugin
[[1;34mINFO[m] Found plugin : Default xml report plugin
[[1;34mINFO[m] Found plugin : Default html report plugin
[[1;34mINFO[m] Found plugin : Static initializer code detector plugin
[[1;34mINFO[m] Found plugin : Excluded annotations plugin
[[1;34mINFO[m] Found plugin : Try with resources filter
[[1;34mINFO[m] Found plugin : Inlined finally block filter plugin
[[1;34mINFO[m] Found plugin : Implicit null check filter
[[1;34mINFO[m] Found plugin : Method reference null check filter
[[1;34mINFO[m] Found plugin : For each loop filter
[[1;34mINFO[m] Found plugin : Enum constructor filter
[[1;34mINFO[m] Found plugin : Record junk mutation filter
[[1;34mINFO[m] Found plugin : Logging calls filter
[[1;34mINFO[m] Found plugin : Infinite for loop filter
[[1;34mINFO[m] Found plugin : Long running iterator loop filter
[[1;34mINFO[m] Found plugin : For loop counter filter
[[1;34mINFO[m] Found plugin : Kotlin junk mutations filter
[[1;34mINFO[m] Found plugin : Max mutations per class limit
[[1;34mINFO[m] Found plugin : Equals shortcut equivalent mutant filter
[[1;34mINFO[m] Found plugin : Trivial return vals equivalence filter
[[1;34mINFO[m] Found plugin : Mutant export plugin
[[1;34mINFO[m] Found shared classpath plugin : Default mutation engine
[[1;34mINFO[m] Found shared classpath plugin : JUnit plugin
[[1;34mINFO[m] Found shared classpath plugin : TestNG plugin
[[1;34mINFO[m] Available mutators : EXPERIMENTAL_ARGUMENT_PROPAGATION,FALSE_RETURNS,TRUE_RETURNS,CONDITIONALS_BOUNDARY,CONSTRUCTOR_CALLS,EMPTY_RETURNS,INCREMENTS,INLINE_CONSTS,INVERT_NEGS,MATH,NEGATE_CONDITIONALS,NON_VOID_METHOD_CALLS,NULL_RETURNS,PRIMITIVE_RETURNS,REMOVE_CONDITIONALS_EQUAL_IF,REMOVE_CONDITIONALS_EQUAL_ELSE,REMOVE_CONDITIONALS_ORDER_IF,REMOVE_CONDITIONALS_ORDER_ELSE,RETURN_VALS,VOID_METHOD_CALLS,EXPERIMENTAL_BIG_INTEGER,EXPERIMENTAL_MEMBER_VARIABLE,EXPERIMENTAL_NAKED_RECEIVER,REMOVE_INCREMENTS,EXPERIMENTAL_RETURN_VALUES_MUTATOR,EXPERIMENTAL_SWITCH,EXPERIMENTAL_BIG_INTEGER,ABS,AOD1,AOD2,AOR1,AOR2,AOR3,AOR4,CRCR1,CRCR2,CRCR3,CRCR4,CRCR5,CRCR6,OBBN1,OBBN2,OBBN3,ROR1,ROR2,ROR3,ROR4,ROR5,UOI1,UOI2,UOI3,UOI4
[[1;34mINFO[m] Adding org.pitest:pitest to SUT classpath
[[1;34mINFO[m] Mutating from /home/thomas/Desktop/bachelor_thesis/bachelor_thesis/Tool/Benchmarks/projects/lambdaj/target/classes
[[1;34mINFO[m] Defaulting target classes to match packages in build directory
[[1;34mINFO[m] Defaulting target tests to match packages in test build directory
8:29:24 PM PIT >> INFO : Verbose logging is disabled. If you encounter a problem, please enable it before reporting an issue.
8:29:24 PM PIT >> INFO : Incremental analysis reduced number of mutations by 0
8:29:24 PM PIT >> INFO : Created  102 mutation test units in pre scan
8:29:24 PM PIT >> INFO : Sending 223 test classes to minion
8:29:24 PM PIT >> INFO : Sent tests to minion
8:29:25 PM PIT >> INFO : MINION : WARNING: An illegal reflective access operation has occurred
8:29:25 PM PIT >> INFO : MINION : WARNING: Illegal reflective access by net.sf.cglib.core.ReflectUtils$2 (file:/home/thomas/.m2/repository/cglib/cglib-nodep/2.2.2/cglib-nodep-2.2.2.jar) to method java.lang.ClassLoader.defineClass(java.lang.String,byte[],int,int,java.security.ProtectionDomain)
8:29:25 PM PIT >> INFO : MINION : WARNING: Please consider reporting this to the maintainers of net.sf.cglib.core.ReflectUtils$2
8:29:25 PM PIT >> INFO : MINION : WARNING: Use --illegal-access=warn to enable warnings of further illegal reflective access operations
8:29:25 PM PIT >> INFO : MINION : WARNING: All illegal access operations will be denied in a future release
/-\|/-\|/-\|/-\|/-\|/-\|/-\|/-\|/-\|/-\|/-\|/-\|/-\|/-\|/-\|/-\|/-\|/-\|/-\|/-\|/-\|/-\|/-\|/-\|/-\|/-\|/-\|/-\|/-\|/-\|/-\|/-\|/-\|/-\|/-\|/-\|/-\|/-\|/-\|/-\|/-\|/-\|/-\|/-\|/-\|/-\|/-\|/-\|/-\|/-\|/-\|/-\|/-\|/-\|/-\|/-\|/-\|/-\|/-\|/-\|/-\|/-\|/-\|/-\|/8:29:26 PM PIT >> INFO : MINION : Sep 03, 2022 8:29:26 PM net.sf.json.JSONObject _fromBean
8:29:26 PM PIT >> INFO : MINION : WARNING: Property 'failingLastName' of class ch.lambdaj.mock.Person has no read method. SKIPPED
8:29:26 PM PIT >> INFO : MINION : Sep 03, 2022 8:29:26 PM net.sf.json.JSONObject _fromBean
8:29:26 PM PIT >> INFO : MINION : WARNING: Property 'failingLastName' of class ch.lambdaj.mock.Person has no read method. SKIPPED
8:29:26 PM PIT >> INFO : MINION : Sep 03, 2022 8:29:26 PM net.sf.json.JSONObject _fromBean
8:29:26 PM PIT >> INFO : MINION : WARNING: Property 'failingLastName' of class ch.lambdaj.mock.Person has no read method. SKIPPED
8:29:26 PM PIT >> INFO : MINION : Sep 03, 2022 8:29:26 PM net.sf.json.JSONObject _fromBean
8:29:26 PM PIT >> INFO : MINION : WARNING: Property 'failingLastName' of class ch.lambdaj.mock.Person has no read method. SKIPPED
8:29:26 PM PIT >> INFO : MINION : Sep 03, 2022 8:29:26 PM net.sf.json.JSONObject _fromBean
8:29:26 PM PIT >> INFO : MINION : WARNING: Property 'failingLastName' of class ch.lambdaj.mock.Person has no read method. SKIPPED
8:29:26 PM PIT >> INFO : MINION : Sep 03, 2022 8:29:26 PM net.sf.json.JSONObject _fromBean
8:29:26 PM PIT >> INFO : MINION : WARNING: Property 'failingLastName' of class ch.lambdaj.mock.Person has no read method. SKIPPED
8:29:26 PM PIT >> INFO : MINION : Sep 03, 2022 8:29:26 PM net.sf.json.JSONObject _fromBean
8:29:26 PM PIT >> INFO : MINION : WARNING: Property 'failingLastName' of class ch.lambdaj.mock.Person has no read method. SKIPPED
8:29:26 PM PIT >> INFO : MINION : Sep 03, 2022 8:29:26 PM net.sf.json.JSONObject _fromBean
8:29:26 PM PIT >> INFO : MINION : WARNING: Property 'failingLastName' of class ch.lambdaj.mock.Person has no read method. SKIPPED
-\|/-\|/-8:29:26 PM PIT >> INFO : Calculated coverage in 1 seconds.
8:29:26 PM PIT >> INFO : Incremental analysis reduced number of mutations by 0
8:29:26 PM PIT >> INFO : Created  102 mutation test units
/-8:29:36 PM PIT >> WARNING : Minion exited abnormally due to TIMED_OUT
8:29:40 PM PIT >> WARNING : Minion exited abnormally due to TIMED_OUT
\|/-\|/-\|/-\|/-\|/-\|/-\|/-\|/-\|/-\|/-\|/-\|/-\|/-\|/-\|/-\|/-\|/-\|/-\|/-\|/-\|/-\|/-\|/-\|/-\|/-8:30:34 PM PIT >> INFO : Completed in 70 seconds
================================================================================
- Mutators
================================================================================
> org.pitest.mutationtest.engine.gregor.mutators.ConditionalsBoundaryMutator
>> Generated 20 Killed 13 (65%)
> KILLED 13 SURVIVED 6 TIMED_OUT 0 NON_VIABLE 0 
> MEMORY_ERROR 0 NOT_STARTED 0 STARTED 0 RUN_ERROR 0 
> NO_COVERAGE 1 
--------------------------------------------------------------------------------
> org.pitest.mutationtest.engine.gregor.mutators.IncrementsMutator
>> Generated 12 Killed 12 (100%)
> KILLED 12 SURVIVED 0 TIMED_OUT 0 NON_VIABLE 0 
> MEMORY_ERROR 0 NOT_STARTED 0 STARTED 0 RUN_ERROR 0 
> NO_COVERAGE 0 
--------------------------------------------------------------------------------
> org.pitest.mutationtest.engine.gregor.mutators.returns.PrimitiveReturnsMutator
>> Generated 27 Killed 18 (67%)
> KILLED 18 SURVIVED 6 TIMED_OUT 0 NON_VIABLE 0 
> MEMORY_ERROR 0 NOT_STARTED 0 STARTED 0 RUN_ERROR 0 
> NO_COVERAGE 3 
--------------------------------------------------------------------------------
> org.pitest.mutationtest.engine.gregor.mutators.VoidMethodCallMutator
>> Generated 139 Killed 79 (57%)
> KILLED 79 SURVIVED 47 TIMED_OUT 0 NON_VIABLE 0 
> MEMORY_ERROR 0 NOT_STARTED 0 STARTED 0 RUN_ERROR 0 
> NO_COVERAGE 13 
--------------------------------------------------------------------------------
> org.pitest.mutationtest.engine.gregor.mutators.returns.BooleanTrueReturnValsMutator
>> Generated 66 Killed 49 (74%)
> KILLED 49 SURVIVED 14 TIMED_OUT 0 NON_VIABLE 0 
> MEMORY_ERROR 0 NOT_STARTED 0 STARTED 0 RUN_ERROR 0 
> NO_COVERAGE 3 
--------------------------------------------------------------------------------
> org.pitest.mutationtest.engine.gregor.mutators.InvertNegsMutator
>> Generated 2 Killed 2 (100%)
> KILLED 2 SURVIVED 0 TIMED_OUT 0 NON_VIABLE 0 
> MEMORY_ERROR 0 NOT_STARTED 0 STARTED 0 RUN_ERROR 0 
> NO_COVERAGE 0 
--------------------------------------------------------------------------------
> org.pitest.mutationtest.engine.gregor.mutators.returns.NullReturnValsMutator
>> Generated 448 Killed 385 (86%)
> KILLED 385 SURVIVED 28 TIMED_OUT 0 NON_VIABLE 0 
> MEMORY_ERROR 0 NOT_STARTED 0 STARTED 0 RUN_ERROR 0 
> NO_COVERAGE 35 
--------------------------------------------------------------------------------
> org.pitest.mutationtest.engine.gregor.mutators.MathMutator
>> Generated 36 Killed 19 (53%)
> KILLED 19 SURVIVED 15 TIMED_OUT 0 NON_VIABLE 0 
> MEMORY_ERROR 0 NOT_STARTED 0 STARTED 0 RUN_ERROR 0 
> NO_COVERAGE 2 
--------------------------------------------------------------------------------
> org.pitest.mutationtest.engine.gregor.mutators.returns.EmptyObjectReturnValsMutator
>> Generated 109 Killed 81 (74%)
> KILLED 81 SURVIVED 11 TIMED_OUT 0 NON_VIABLE 0 
> MEMORY_ERROR 0 NOT_STARTED 0 STARTED 0 RUN_ERROR 0 
> NO_COVERAGE 17 
--------------------------------------------------------------------------------
> org.pitest.mutationtest.engine.gregor.mutators.returns.BooleanFalseReturnValsMutator
>> Generated 39 Killed 31 (79%)
> KILLED 30 SURVIVED 6 TIMED_OUT 1 NON_VIABLE 0 
> MEMORY_ERROR 0 NOT_STARTED 0 STARTED 0 RUN_ERROR 0 
> NO_COVERAGE 2 
--------------------------------------------------------------------------------
> org.pitest.mutationtest.engine.gregor.mutators.NegateConditionalsMutator
>> Generated 386 Killed 340 (88%)
> KILLED 339 SURVIVED 25 TIMED_OUT 1 NON_VIABLE 0 
> MEMORY_ERROR 0 NOT_STARTED 0 STARTED 0 RUN_ERROR 0 
> NO_COVERAGE 21 
--------------------------------------------------------------------------------
================================================================================
- Timings
================================================================================
> pre-scan for mutations : < 1 second
> scan classpath : < 1 second
> coverage and dependency analysis : 1 seconds
> build mutation tests : < 1 second
> run mutation analysis : 1 minutes and 7 seconds
--------------------------------------------------------------------------------
> Total  : 1 minutes and 9 seconds
--------------------------------------------------------------------------------
================================================================================
- Statistics
================================================================================
>> Line Coverage: 1600/1683 (95%)
>> Generated 1284 mutations Killed 1029 (80%)
>> Mutations with no coverage 97. Test strength 87%
>> Ran 4799 tests (3.74 tests per mutation)

Pitest development is currently supported by GroupCDG.
Enhanced functionality available at https://pitest.groupcdg.com/
[[1;34mINFO[m] [1m------------------------------------------------------------------------[m
[[1;34mINFO[m] [1;32mBUILD SUCCESS[m
[[1;34mINFO[m] [1m------------------------------------------------------------------------[m
[[1;34mINFO[m] Total time:  01:11 min
[[1;34mINFO[m] Finished at: 2022-09-03T20:30:34+02:00
[[1;34mINFO[m] [1m------------------------------------------------------------------------[m
HEAD is now at 43c14cbe adding lambdaj
HEAD is now at 43c14cbe adding lambdaj
[[1;34mINFO[m] Scanning for projects...
[[1;33mWARNING[m] 
[[1;33mWARNING[m] Some problems were encountered while building the effective model for com.googlecode.lambdaj:lambdaj:jar:2.4.1-SNAPSHOT
[[1;33mWARNING[m] 'build.plugins.plugin.version' for org.apache.maven.plugins:maven-compiler-plugin is missing. @ line 139, column 15
[[1;33mWARNING[m] 'build.plugins.plugin.version' for org.apache.maven.plugins:maven-source-plugin is missing. @ line 147, column 15
[[1;33mWARNING[m] 'build.plugins.plugin.version' for org.apache.maven.plugins:maven-javadoc-plugin is missing. @ line 159, column 15
[[1;33mWARNING[m] 
[[1;33mWARNING[m] It is highly recommended to fix these problems because they threaten the stability of your build.
[[1;33mWARNING[m] 
[[1;33mWARNING[m] For this reason, future Maven versions might no longer support building such malformed projects.
[[1;33mWARNING[m] 
[[1;34mINFO[m] 
[[1;34mINFO[m] [1m-------------------< [0;36mcom.googlecode.lambdaj:lambdaj[0;1m >-------------------[m
[[1;34mINFO[m] [1mBuilding lambdaj 2.4.1-SNAPSHOT[m
[[1;34mINFO[m] [1m--------------------------------[ jar ]---------------------------------[m
[[1;34mINFO[m] 
[[1;34mINFO[m] [1m--- [0;32mmaven-clean-plugin:2.5:clean[m [1m(default-clean)[m @ [36mlambdaj[0;1m ---[m
[[1;34mINFO[m] Deleting /home/thomas/Desktop/bachelor_thesis/bachelor_thesis/Tool/Benchmarks/projects/lambdaj/target
[[1;34mINFO[m] 
[[1;34mINFO[m] [1m--- [0;32mjacoco-maven-plugin:0.8.6:prepare-agent[m [1m(default)[m @ [36mlambdaj[0;1m ---[m
[[1;34mINFO[m] argLine set to -javaagent:/home/thomas/.m2/repository/org/jacoco/org.jacoco.agent/0.8.6/org.jacoco.agent-0.8.6-runtime.jar=destfile=/home/thomas/Desktop/bachelor_thesis/bachelor_thesis/Tool/Benchmarks/projects/lambdaj/target/jacoco.exec
[[1;34mINFO[m] 
[[1;34mINFO[m] [1m--- [0;32mmaven-resources-plugin:2.6:resources[m [1m(default-resources)[m @ [36mlambdaj[0;1m ---[m
[[1;33mWARNING[m] Using platform encoding (UTF-8 actually) to copy filtered resources, i.e. build is platform dependent!
[[1;34mINFO[m] skip non existing resourceDirectory /home/thomas/Desktop/bachelor_thesis/bachelor_thesis/Tool/Benchmarks/projects/lambdaj/src/main/resources
[[1;34mINFO[m] 
[[1;34mINFO[m] [1m--- [0;32mmaven-compiler-plugin:3.1:compile[m [1m(default-compile)[m @ [36mlambdaj[0;1m ---[m
[[1;34mINFO[m] Changes detected - recompiling the module!
[[1;33mWARNING[m] File encoding has not been set, using platform encoding UTF-8, i.e. build is platform dependent!
[[1;34mINFO[m] Compiling 95 source files to /home/thomas/Desktop/bachelor_thesis/bachelor_thesis/Tool/Benchmarks/projects/lambdaj/target/classes
[[1;33mWARNING[m] /home/thomas/Desktop/bachelor_thesis/bachelor_thesis/Tool/Benchmarks/projects/lambdaj/src/main/java/ch/lambdaj/function/argument/ArgumentsFactory.java: Some input files use or override a deprecated API.
[[1;33mWARNING[m] /home/thomas/Desktop/bachelor_thesis/bachelor_thesis/Tool/Benchmarks/projects/lambdaj/src/main/java/ch/lambdaj/function/argument/ArgumentsFactory.java: Recompile with -Xlint:deprecation for details.
[[1;33mWARNING[m] /home/thomas/Desktop/bachelor_thesis/bachelor_thesis/Tool/Benchmarks/projects/lambdaj/src/main/java/ch/lambdaj/function/matcher/AndMatcher.java: Some input files use unchecked or unsafe operations.
[[1;33mWARNING[m] /home/thomas/Desktop/bachelor_thesis/bachelor_thesis/Tool/Benchmarks/projects/lambdaj/src/main/java/ch/lambdaj/function/matcher/AndMatcher.java: Recompile with -Xlint:unchecked for details.
[[1;34mINFO[m] 
[[1;34mINFO[m] [1m--- [0;32mmaven-resources-plugin:2.6:testResources[m [1m(default-testResources)[m @ [36mlambdaj[0;1m ---[m
[[1;33mWARNING[m] Using platform encoding (UTF-8 actually) to copy filtered resources, i.e. build is platform dependent!
[[1;34mINFO[m] Copying 1 resource
[[1;34mINFO[m] 
[[1;34mINFO[m] [1m--- [0;32mmaven-compiler-plugin:3.1:testCompile[m [1m(default-testCompile)[m @ [36mlambdaj[0;1m ---[m
[[1;34mINFO[m] Changes detected - recompiling the module!
[[1;33mWARNING[m] File encoding has not been set, using platform encoding UTF-8, i.e. build is platform dependent!
[[1;34mINFO[m] Compiling 61 source files to /home/thomas/Desktop/bachelor_thesis/bachelor_thesis/Tool/Benchmarks/projects/lambdaj/target/test-classes
[[1;33mWARNING[m] /home/thomas/Desktop/bachelor_thesis/bachelor_thesis/Tool/Benchmarks/projects/lambdaj/src/test/java/ch/lambdaj/function/argument/InvocationSequenceTest.java: Some input files use or override a deprecated API.
[[1;33mWARNING[m] /home/thomas/Desktop/bachelor_thesis/bachelor_thesis/Tool/Benchmarks/projects/lambdaj/src/test/java/ch/lambdaj/function/argument/InvocationSequenceTest.java: Recompile with -Xlint:deprecation for details.
[[1;33mWARNING[m] /home/thomas/Desktop/bachelor_thesis/bachelor_thesis/Tool/Benchmarks/projects/lambdaj/src/test/java/ch/lambdaj/function/closure/FaillingClosureTest.java: Some input files use unchecked or unsafe operations.
[[1;33mWARNING[m] /home/thomas/Desktop/bachelor_thesis/bachelor_thesis/Tool/Benchmarks/projects/lambdaj/src/test/java/ch/lambdaj/function/closure/FaillingClosureTest.java: Recompile with -Xlint:unchecked for details.
[[1;34mINFO[m] 
[[1;34mINFO[m] [1m--- [0;32mmaven-surefire-plugin:2.12.4:test[m [1m(default-test)[m @ [36mlambdaj[0;1m ---[m
[[1;34mINFO[m] Surefire report directory: /home/thomas/Desktop/bachelor_thesis/bachelor_thesis/Tool/Benchmarks/projects/lambdaj/target/surefire-reports

-------------------------------------------------------
 T E S T S
-------------------------------------------------------
Running ch.lambdaj.collection.LambdaCollectionTest
Mario Fusco
Biagio Beatrice
Celestino Bellone
Tests run: 8, Failures: 0, Errors: 0, Skipped: 0, Time elapsed: 0.175 sec
Running ch.lambdaj.collection.LambdaIteratorTest
Mario Fusco
Biagio Beatrice
Celestino Bellone
Tests run: 9, Failures: 0, Errors: 0, Skipped: 0, Time elapsed: 0.001 sec
Running ch.lambdaj.collection.LambdaListTest
Tests run: 17, Failures: 0, Errors: 0, Skipped: 0, Time elapsed: 0.025 sec
Running ch.lambdaj.collection.LambdaMapTest
Tests run: 7, Failures: 0, Errors: 0, Skipped: 0, Time elapsed: 0.005 sec
Running ch.lambdaj.collection.LambdaGroupTest
Tests run: 4, Failures: 0, Errors: 0, Skipped: 0, Time elapsed: 0.006 sec
Running ch.lambdaj.collection.LambdaCollectionsTest
Tests run: 25, Failures: 0, Errors: 0, Skipped: 0, Time elapsed: 0.041 sec
Running ch.lambdaj.ClosureSpecialCasesTest
called two-arg: [added later], Read this
called one-arg: [added later]
called two-arg: [initial, added later], Read this
called one-arg: [initial, added later]
Tests run: 6, Failures: 0, Errors: 0, Skipped: 0, Time elapsed: 0.029 sec
Running ch.lambdaj.proxy.nodefconstructor.ProxyNoDefaultConstructorTest
Tests run: 1, Failures: 0, Errors: 0, Skipped: 0, Time elapsed: 0.016 sec
Running ch.lambdaj.group.GroupByTest
[{children:[{children:[],countryName:France}],insuredName:Fex France},{children:[{children:[],countryName:Canada}],insuredName:Fex Canada}]
Tests run: 8, Failures: 0, Errors: 0, Skipped: 0, Time elapsed: 0.176 sec
Running ch.lambdaj.group.TypedGroupByTest
[{"age":"35","firstName":"Mario","persons":[{"age":35,"ageAsBigDecimal":35,"ageAsBigInteger":35,"bestFriend":null,"bigDecimalIncome":38.500000000000003108624468950438313186168670654296875,"birthDate":{"date":1,"day":2,"hours":0,"minutes":0,"month":0,"seconds":0,"time":126226800000,"timezoneOffset":-60,"year":74},"firstName":"Mario","float":1.100000023841858,"floatIncome":38.5,"fullName":"Mario Fusco","gender":"MALE","income":38.5,"lastName":"Fusco"}]},{"age":"29","firstName":"Luca","persons":[{"age":29,"ageAsBigDecimal":29,"ageAsBigInteger":29,"bestFriend":null,"bigDecimalIncome":31.900000000000002575717417130363173782825469970703125,"birthDate":{"date":1,"day":2,"hours":0,"minutes":0,"month":0,"seconds":0,"time":315529200000,"timezoneOffset":-60,"year":80},"firstName":"Luca","float":1.100000023841858,"floatIncome":31.900001525878906,"fullName":"Luca Marrocco","gender":"MALE","income":31.900000000000002,"lastName":"Marrocco"},{"age":29,"ageAsBigDecimal":29,"ageAsBigInteger":29,"bestFriend":null,"bigDecimalIncome":31.900000000000002575717417130363173782825469970703125,"birthDate":{"date":1,"day":2,"hours":0,"minutes":0,"month":0,"seconds":0,"time":315529200000,"timezoneOffset":-60,"year":80},"firstName":"Celestino","float":1.100000023841858,"floatIncome":31.900001525878906,"fullName":"Celestino Bellone","gender":"MALE","income":31.900000000000002,"lastName":"Bellone"}]},{"age":"39","firstName":"Biagio","persons":[{"age":39,"ageAsBigDecimal":39,"ageAsBigInteger":39,"bestFriend":null,"bigDecimalIncome":42.900000000000003463895836830488406121730804443359375,"birthDate":{"date":1,"day":4,"hours":0,"minutes":0,"month":0,"seconds":0,"time":-3600000,"timezoneOffset":-60,"year":70},"firstName":"Biagio","float":1.100000023841858,"floatIncome":42.900001525878906,"fullName":"Biagio Beatrice","gender":"MALE","income":42.900000000000006,"lastName":"Beatrice"}]}]
[{"age":"35","persons":[{"age":35,"ageAsBigDecimal":35,"ageAsBigInteger":35,"bestFriend":null,"bigDecimalIncome":38.500000000000003108624468950438313186168670654296875,"birthDate":{"date":1,"day":2,"hours":0,"minutes":0,"month":0,"seconds":0,"time":126226800000,"timezoneOffset":-60,"year":74},"firstName":"Mario","float":1.100000023841858,"floatIncome":38.5,"fullName":"Mario Fusco","gender":"MALE","income":38.5,"lastName":"Fusco"}]},{"age":"29","persons":[{"age":29,"ageAsBigDecimal":29,"ageAsBigInteger":29,"bestFriend":null,"bigDecimalIncome":31.900000000000002575717417130363173782825469970703125,"birthDate":{"date":1,"day":2,"hours":0,"minutes":0,"month":0,"seconds":0,"time":315529200000,"timezoneOffset":-60,"year":80},"firstName":"Luca","float":1.100000023841858,"floatIncome":31.900001525878906,"fullName":"Luca Marrocco","gender":"MALE","income":31.900000000000002,"lastName":"Marrocco"},{"age":29,"ageAsBigDecimal":29,"ageAsBigInteger":29,"bestFriend":null,"bigDecimalIncome":31.900000000000002575717417130363173782825469970703125,"birthDate":{"date":1,"day":2,"hours":0,"minutes":0,"month":0,"seconds":0,"time":315529200000,"timezoneOffset":-60,"year":80},"firstName":"Celestino","float":1.100000023841858,"floatIncome":31.900001525878906,"fullName":"Celestino Bellone","gender":"MALE","income":31.900000000000002,"lastName":"Bellone"}]},{"age":"39","persons":[{"age":39,"ageAsBigDecimal":39,"ageAsBigInteger":39,"bestFriend":null,"bigDecimalIncome":42.900000000000003463895836830488406121730804443359375,"birthDate":{"date":1,"day":4,"hours":0,"minutes":0,"month":0,"seconds":0,"time":-3600000,"timezoneOffset":-60,"year":70},"firstName":"Biagio","float":1.100000023841858,"floatIncome":42.900001525878906,"fullName":"Biagio Beatrice","gender":"MALE","income":42.900000000000006,"lastName":"Beatrice"}]}]
Tests run: 6, Failures: 0, Errors: 0, Skipped: 0, Time elapsed: 0.044 sec
Running ch.lambdaj.group.GroupsTest
Tests run: 5, Failures: 0, Errors: 0, Skipped: 0, Time elapsed: 0.003 sec
Running ch.lambdaj.util.iterator.IteratorFactoryTest
Tests run: 2, Failures: 0, Errors: 0, Skipped: 0, Time elapsed: 0.001 sec
Running ch.lambdaj.PrimitiveReferenceTest
Tests run: 3, Failures: 0, Errors: 0, Skipped: 0, Time elapsed: 0.071 sec
Running ch.lambdaj.ArgumentCornerCaseTest
Tests run: 1, Failures: 0, Errors: 0, Skipped: 0, Time elapsed: 0.012 sec
Running ch.lambdaj.SwitcherTest
Tests run: 4, Failures: 0, Errors: 0, Skipped: 0, Time elapsed: 0.009 sec
Running ch.lambdaj.demo.LambdaDemoTest
mostBoughtCarIterative = Saleen S7
mostBoughtCar = Volkswagen Golf
Tests run: 12, Failures: 0, Errors: 0, Skipped: 0, Time elapsed: 0.287 sec
Running ch.lambdaj.demo.LambdaListDemoTest
mostBoughtCarIterative = Saleen S7
mostBoughtCar = Volkswagen Golf
Tests run: 12, Failures: 0, Errors: 0, Skipped: 0, Time elapsed: 0.01 sec
Running ch.lambdaj.ClosureTest
mickey mouse
donald duck
uncle scrooge
Tests run: 24, Failures: 0, Errors: 0, Skipped: 0, Time elapsed: 0.028 sec
Running ch.lambdaj.function.argument.ArgumentsFactoryTest
Tests run: 3, Failures: 0, Errors: 0, Skipped: 0, Time elapsed: 0.046 sec
Running ch.lambdaj.function.argument.InvocationSequenceTest
Tests run: 2, Failures: 0, Errors: 0, Skipped: 0, Time elapsed: 0.002 sec
Running ch.lambdaj.function.argument.CreatingArgumentFromArrayTest
Tests run: 1, Failures: 0, Errors: 0, Skipped: 0, Time elapsed: 0.078 sec
Running ch.lambdaj.function.matcher.HasNestedPropertyWithValueTest
Tests run: 1, Failures: 0, Errors: 0, Skipped: 0, Time elapsed: 0.001 sec
Running ch.lambdaj.function.matcher.HasArgumentWithValueTest
Tests run: 1, Failures: 0, Errors: 0, Skipped: 0, Time elapsed: 0 sec
Running ch.lambdaj.function.aggregate.MaxTest
Tests run: 2, Failures: 0, Errors: 0, Skipped: 0, Time elapsed: 0.001 sec
Running ch.lambdaj.function.aggregate.MinTest
Tests run: 2, Failures: 0, Errors: 0, Skipped: 0, Time elapsed: 0 sec
Running ch.lambdaj.function.aggregate.ConcatTest
Tests run: 4, Failures: 0, Errors: 0, Skipped: 0, Time elapsed: 0.001 sec
Running ch.lambdaj.function.aggregate.AggregateTest
Tests run: 1, Failures: 0, Errors: 0, Skipped: 0, Time elapsed: 0.001 sec
Running ch.lambdaj.function.aggregate.SumTest
Tests run: 5, Failures: 0, Errors: 0, Skipped: 0, Time elapsed: 0.001 sec
Running ch.lambdaj.function.closure.FaillingClosureTest
Tests run: 1, Failures: 0, Errors: 0, Skipped: 0, Time elapsed: 0.004 sec
Running ch.lambdaj.function.closure.FileParserImplicitClosureTest
Nel mezzo del cammin di nostra vita
mi ritrovai per una selva oscura
chï¿½ la diritta via era smarrita.

Ahi quanto a dir qual era ï¿½ cosa dura
esta selva selvaggia e aspra e forte
che nel pensier rinova la paura!

Tant'ï¿½ amara che poco ï¿½ piï¿½ morte;
ma per trattar del ben ch'i' vi trovai,
dirï¿½ de l'altre cose ch'i' v'ho scorte.
Tests run: 3, Failures: 0, Errors: 0, Skipped: 0, Time elapsed: 0.009 sec
Running ch.lambdaj.function.closure.FileParserClosureTest
Nel mezzo del cammin di nostra vita
mi ritrovai per una selva oscura
chï¿½ la diritta via era smarrita.

Ahi quanto a dir qual era ï¿½ cosa dura
esta selva selvaggia e aspra e forte
che nel pensier rinova la paura!

Tant'ï¿½ amara che poco ï¿½ piï¿½ morte;
ma per trattar del ben ch'i' vi trovai,
dirï¿½ de l'altre cose ch'i' v'ho scorte.
Tests run: 3, Failures: 0, Errors: 0, Skipped: 0, Time elapsed: 0.007 sec
Running ch.lambdaj.ClosureVoidMethodInvocationTest
Tests run: 1, Failures: 0, Errors: 0, Skipped: 0, Time elapsed: 0.004 sec
Running ch.lambdaj.ConstructorBugTest
Tests run: 1, Failures: 0, Errors: 0, Skipped: 0, Time elapsed: 0.003 sec
Running ch.lambdaj.DelayedClosureTest
BEGIN -- Hello ! -- COMMIT
Tests run: 2, Failures: 0, Errors: 0, Skipped: 0, Time elapsed: 0.004 sec
Running ch.lambdaj.LambdaTest
WARNING: An illegal reflective access operation has occurred
WARNING: Illegal reflective access by ch.lambdaj.proxy.ClassImposterizer (file:/home/thomas/Desktop/bachelor_thesis/bachelor_thesis/Tool/Benchmarks/projects/lambdaj/target/classes/) to constructor java.math.BigDecimal(java.math.BigInteger,long,int,int)
WARNING: Please consider reporting this to the maintainers of ch.lambdaj.proxy.ClassImposterizer
WARNING: Use --illegal-access=warn to enable warnings of further illegal reflective access operations
WARNING: All illegal access operations will be denied in a future release
Tests run: 78, Failures: 0, Errors: 0, Skipped: 0, Time elapsed: 0.082 sec

Results :

Tests run: 265, Failures: 0, Errors: 0, Skipped: 0

[[1;34mINFO[m] 
[[1;34mINFO[m] [1m--- [0;32mjacoco-maven-plugin:0.8.6:report[m [1m(report)[m @ [36mlambdaj[0;1m ---[m
[[1;34mINFO[m] Loading execution data file /home/thomas/Desktop/bachelor_thesis/bachelor_thesis/Tool/Benchmarks/projects/lambdaj/target/jacoco.exec
[[1;34mINFO[m] Analyzed bundle 'lambdaj' with 113 classes
[[1;34mINFO[m] 
[[1;34mINFO[m] [1m--- [0;32mmaven-jar-plugin:2.4:jar[m [1m(default-jar)[m @ [36mlambdaj[0;1m ---[m
[[1;34mINFO[m] Building jar: /home/thomas/Desktop/bachelor_thesis/bachelor_thesis/Tool/Benchmarks/projects/lambdaj/target/lambdaj-2.4.1-SNAPSHOT.jar
[[1;34mINFO[m] 
[[1;34mINFO[m] [1m--- [0;32mmaven-assembly-plugin:2.6:single[m [1m(make-assembly)[m @ [36mlambdaj[0;1m ---[m
[[1;34mINFO[m] Reading assembly descriptor: src/assembly/assembly.xml
[[1;33mWARNING[m] The assembly descriptor contains a filesystem-root relative reference, which is not cross platform compatible /
[[1;33mWARNING[m] The assembly descriptor contains a filesystem-root relative reference, which is not cross platform compatible /
[[1;34mINFO[m] Building jar: /home/thomas/Desktop/bachelor_thesis/bachelor_thesis/Tool/Benchmarks/projects/lambdaj/target/lambdaj-2.4.1-SNAPSHOT-fat-tests.jar
[[1;34mINFO[m] 
[[1;34mINFO[m] [1m>>> [0;32mmaven-source-plugin:3.2.1:jar[m [1m(attach-sources)[0;1m > [0;1mgenerate-sources[m @ [36mlambdaj[0;1m >>>[m
[[1;34mINFO[m] 
[[1;34mINFO[m] [1m--- [0;32mjacoco-maven-plugin:0.8.6:prepare-agent[m [1m(default)[m @ [36mlambdaj[0;1m ---[m
[[1;34mINFO[m] argLine set to -javaagent:/home/thomas/.m2/repository/org/jacoco/org.jacoco.agent/0.8.6/org.jacoco.agent-0.8.6-runtime.jar=destfile=/home/thomas/Desktop/bachelor_thesis/bachelor_thesis/Tool/Benchmarks/projects/lambdaj/target/jacoco.exec
[[1;34mINFO[m] 
[[1;34mINFO[m] [1m<<< [0;32mmaven-source-plugin:3.2.1:jar[m [1m(attach-sources)[0;1m < [0;1mgenerate-sources[m @ [36mlambdaj[0;1m <<<[m
[[1;34mINFO[m] 
[[1;34mINFO[m] 
[[1;34mINFO[m] [1m--- [0;32mmaven-source-plugin:3.2.1:jar[m [1m(attach-sources)[m @ [36mlambdaj[0;1m ---[m
[[1;34mINFO[m] Building jar: /home/thomas/Desktop/bachelor_thesis/bachelor_thesis/Tool/Benchmarks/projects/lambdaj/target/lambdaj-2.4.1-SNAPSHOT-sources.jar
[[1;34mINFO[m] 
[[1;34mINFO[m] [1m--- [0;32mmaven-javadoc-plugin:3.4.1:jar[m [1m(attach-javadocs)[m @ [36mlambdaj[0;1m ---[m
[[1;33mWARNING[m] Source files encoding has not been set, using platform encoding UTF-8, i.e. build is platform dependent!
[[1;34mINFO[m] No previous run data found, generating javadoc.
[[1;34mINFO[m] 
Loading source files for package ch.lambdaj.collection...
Loading source files for package ch.lambdaj.proxy...
Loading source files for package ch.lambdaj.group...
Loading source files for package ch.lambdaj.util...
Loading source files for package ch.lambdaj.util.iterator...
Loading source files for package ch.lambdaj.function.argument...
Loading source files for package ch.lambdaj.function.matcher...
Loading source files for package ch.lambdaj.function.compare...
Loading source files for package ch.lambdaj.function.aggregate...
Loading source files for package ch.lambdaj.function.closure...
Loading source files for package ch.lambdaj.function.convert...
Loading source files for package ch.lambdaj...
Constructing Javadoc information...
Standard Doclet version 11.0.16
Building tree for all the packages and classes...
Generating /home/thomas/Desktop/bachelor_thesis/bachelor_thesis/Tool/Benchmarks/projects/lambdaj/target/apidocs/ch/lambdaj/Lambda.html...
Generating /home/thomas/Desktop/bachelor_thesis/bachelor_thesis/Tool/Benchmarks/projects/lambdaj/target/apidocs/ch/lambdaj/collection/LambdaCollection.html...
Generating /home/thomas/Desktop/bachelor_thesis/bachelor_thesis/Tool/Benchmarks/projects/lambdaj/target/apidocs/ch/lambdaj/collection/LambdaCollections.html...
Generating /home/thomas/Desktop/bachelor_thesis/bachelor_thesis/Tool/Benchmarks/projects/lambdaj/target/apidocs/ch/lambdaj/collection/LambdaGroup.html...
Generating /home/thomas/Desktop/bachelor_thesis/bachelor_thesis/Tool/Benchmarks/projects/lambdaj/target/apidocs/ch/lambdaj/collection/LambdaIterable.html...
Generating /home/thomas/Desktop/bachelor_thesis/bachelor_thesis/Tool/Benchmarks/projects/lambdaj/target/apidocs/ch/lambdaj/collection/LambdaIterator.html...
Generating /home/thomas/Desktop/bachelor_thesis/bachelor_thesis/Tool/Benchmarks/projects/lambdaj/target/apidocs/ch/lambdaj/collection/LambdaList.html...
Generating /home/thomas/Desktop/bachelor_thesis/bachelor_thesis/Tool/Benchmarks/projects/lambdaj/target/apidocs/ch/lambdaj/collection/LambdaMap.html...
Generating /home/thomas/Desktop/bachelor_thesis/bachelor_thesis/Tool/Benchmarks/projects/lambdaj/target/apidocs/ch/lambdaj/collection/LambdaSet.html...
Generating /home/thomas/Desktop/bachelor_thesis/bachelor_thesis/Tool/Benchmarks/projects/lambdaj/target/apidocs/ch/lambdaj/function/aggregate/Aggregator.html...
Generating /home/thomas/Desktop/bachelor_thesis/bachelor_thesis/Tool/Benchmarks/projects/lambdaj/target/apidocs/ch/lambdaj/function/aggregate/Avg.html...
Generating /home/thomas/Desktop/bachelor_thesis/bachelor_thesis/Tool/Benchmarks/projects/lambdaj/target/apidocs/ch/lambdaj/function/aggregate/Chooser.html...
Generating /home/thomas/Desktop/bachelor_thesis/bachelor_thesis/Tool/Benchmarks/projects/lambdaj/target/apidocs/ch/lambdaj/function/aggregate/ChooserOnArgument.html...
Generating /home/thomas/Desktop/bachelor_thesis/bachelor_thesis/Tool/Benchmarks/projects/lambdaj/target/apidocs/ch/lambdaj/function/aggregate/Concat.html...
Generating /home/thomas/Desktop/bachelor_thesis/bachelor_thesis/Tool/Benchmarks/projects/lambdaj/target/apidocs/ch/lambdaj/function/aggregate/InitializedPairAggregator.html...
Generating /home/thomas/Desktop/bachelor_thesis/bachelor_thesis/Tool/Benchmarks/projects/lambdaj/target/apidocs/ch/lambdaj/function/aggregate/Max.html...
Generating /home/thomas/Desktop/bachelor_thesis/bachelor_thesis/Tool/Benchmarks/projects/lambdaj/target/apidocs/ch/lambdaj/function/aggregate/MaxOnArgument.html...
Generating /home/thomas/Desktop/bachelor_thesis/bachelor_thesis/Tool/Benchmarks/projects/lambdaj/target/apidocs/ch/lambdaj/function/aggregate/Min.html...
Generating /home/thomas/Desktop/bachelor_thesis/bachelor_thesis/Tool/Benchmarks/projects/lambdaj/target/apidocs/ch/lambdaj/function/aggregate/MinOnArgument.html...
Generating /home/thomas/Desktop/bachelor_thesis/bachelor_thesis/Tool/Benchmarks/projects/lambdaj/target/apidocs/ch/lambdaj/function/aggregate/PairAggregator.html...
Generating /home/thomas/Desktop/bachelor_thesis/bachelor_thesis/Tool/Benchmarks/projects/lambdaj/target/apidocs/ch/lambdaj/function/aggregate/ProxyAggregator.html...
Generating /home/thomas/Desktop/bachelor_thesis/bachelor_thesis/Tool/Benchmarks/projects/lambdaj/target/apidocs/ch/lambdaj/function/aggregate/Sum.html...
Generating /home/thomas/Desktop/bachelor_thesis/bachelor_thesis/Tool/Benchmarks/projects/lambdaj/target/apidocs/ch/lambdaj/function/aggregate/SumDouble.html...
Generating /home/thomas/Desktop/bachelor_thesis/bachelor_thesis/Tool/Benchmarks/projects/lambdaj/target/apidocs/ch/lambdaj/function/aggregate/SumInteger.html...
Generating /home/thomas/Desktop/bachelor_thesis/bachelor_thesis/Tool/Benchmarks/projects/lambdaj/target/apidocs/ch/lambdaj/function/aggregate/SumLong.html...
Generating /home/thomas/Desktop/bachelor_thesis/bachelor_thesis/Tool/Benchmarks/projects/lambdaj/target/apidocs/ch/lambdaj/function/argument/Argument.html...
Generating /home/thomas/Desktop/bachelor_thesis/bachelor_thesis/Tool/Benchmarks/projects/lambdaj/target/apidocs/ch/lambdaj/function/argument/ArgumentConversionException.html...
Generating /home/thomas/Desktop/bachelor_thesis/bachelor_thesis/Tool/Benchmarks/projects/lambdaj/target/apidocs/ch/lambdaj/function/argument/ArgumentsFactory.html...
Generating /home/thomas/Desktop/bachelor_thesis/bachelor_thesis/Tool/Benchmarks/projects/lambdaj/target/apidocs/ch/lambdaj/function/argument/FinalClassArgumentCreator.html...
Generating /home/thomas/Desktop/bachelor_thesis/bachelor_thesis/Tool/Benchmarks/projects/lambdaj/target/apidocs/ch/lambdaj/function/argument/Invoker.html...
Generating /home/thomas/Desktop/bachelor_thesis/bachelor_thesis/Tool/Benchmarks/projects/lambdaj/target/apidocs/ch/lambdaj/function/closure/Closure.html...
Generating /home/thomas/Desktop/bachelor_thesis/bachelor_thesis/Tool/Benchmarks/projects/lambdaj/target/apidocs/ch/lambdaj/function/closure/Closure0.html...
Generating /home/thomas/Desktop/bachelor_thesis/bachelor_thesis/Tool/Benchmarks/projects/lambdaj/target/apidocs/ch/lambdaj/function/closure/Closure1.html...
Generating /home/thomas/Desktop/bachelor_thesis/bachelor_thesis/Tool/Benchmarks/projects/lambdaj/target/apidocs/ch/lambdaj/function/closure/Closure2.html...
Generating /home/thomas/Desktop/bachelor_thesis/bachelor_thesis/Tool/Benchmarks/projects/lambdaj/target/apidocs/ch/lambdaj/function/closure/Closure3.html...
Generating /home/thomas/Desktop/bachelor_thesis/bachelor_thesis/Tool/Benchmarks/projects/lambdaj/target/apidocs/ch/lambdaj/function/closure/Closure4.html...
Generating /home/thomas/Desktop/bachelor_thesis/bachelor_thesis/Tool/Benchmarks/projects/lambdaj/target/apidocs/ch/lambdaj/function/closure/ClosureResult.html...
Generating /home/thomas/Desktop/bachelor_thesis/bachelor_thesis/Tool/Benchmarks/projects/lambdaj/target/apidocs/ch/lambdaj/function/closure/ClosuresFactory.html...
Generating /home/thomas/Desktop/bachelor_thesis/bachelor_thesis/Tool/Benchmarks/projects/lambdaj/target/apidocs/ch/lambdaj/function/closure/DelayedClosure.html...
Generating /home/thomas/Desktop/bachelor_thesis/bachelor_thesis/Tool/Benchmarks/projects/lambdaj/target/apidocs/ch/lambdaj/function/closure/Switcher.html...
Generating /home/thomas/Desktop/bachelor_thesis/bachelor_thesis/Tool/Benchmarks/projects/lambdaj/target/apidocs/ch/lambdaj/function/closure/WrongClosureInvocationException.html...
Generating /home/thomas/Desktop/bachelor_thesis/bachelor_thesis/Tool/Benchmarks/projects/lambdaj/target/apidocs/ch/lambdaj/function/compare/ArgumentComparator.html...
Generating /home/thomas/Desktop/bachelor_thesis/bachelor_thesis/Tool/Benchmarks/projects/lambdaj/target/apidocs/ch/lambdaj/function/compare/ComparatorUtil.html...
Generating /home/thomas/Desktop/bachelor_thesis/bachelor_thesis/Tool/Benchmarks/projects/lambdaj/target/apidocs/ch/lambdaj/function/compare/PropertyComparator.html...
Generating /home/thomas/Desktop/bachelor_thesis/bachelor_thesis/Tool/Benchmarks/projects/lambdaj/target/apidocs/ch/lambdaj/function/convert/AliasedArgumentConverter.html...
Generating /home/thomas/Desktop/bachelor_thesis/bachelor_thesis/Tool/Benchmarks/projects/lambdaj/target/apidocs/ch/lambdaj/function/convert/ArgumentConverter.html...
Generating /home/thomas/Desktop/bachelor_thesis/bachelor_thesis/Tool/Benchmarks/projects/lambdaj/target/apidocs/ch/lambdaj/function/convert/ConstructorArgumentConverter.html...
Generating /home/thomas/Desktop/bachelor_thesis/bachelor_thesis/Tool/Benchmarks/projects/lambdaj/target/apidocs/ch/lambdaj/function/convert/Converter.html...
Generating /home/thomas/Desktop/bachelor_thesis/bachelor_thesis/Tool/Benchmarks/projects/lambdaj/target/apidocs/ch/lambdaj/function/convert/ConverterIterator.html...
Generating /home/thomas/Desktop/bachelor_thesis/bachelor_thesis/Tool/Benchmarks/projects/lambdaj/target/apidocs/ch/lambdaj/function/convert/DefaultStringConverter.html...
Generating /home/thomas/Desktop/bachelor_thesis/bachelor_thesis/Tool/Benchmarks/projects/lambdaj/target/apidocs/ch/lambdaj/function/convert/ProjectConverter.html...
Generating /home/thomas/Desktop/bachelor_thesis/bachelor_thesis/Tool/Benchmarks/projects/lambdaj/target/apidocs/ch/lambdaj/function/convert/PropertyExtractor.html...
Generating /home/thomas/Desktop/bachelor_thesis/bachelor_thesis/Tool/Benchmarks/projects/lambdaj/target/apidocs/ch/lambdaj/function/convert/StringConverter.html...
Generating /home/thomas/Desktop/bachelor_thesis/bachelor_thesis/Tool/Benchmarks/projects/lambdaj/target/apidocs/ch/lambdaj/function/convert/StringLengthConverter.html...
Generating /home/thomas/Desktop/bachelor_thesis/bachelor_thesis/Tool/Benchmarks/projects/lambdaj/target/apidocs/ch/lambdaj/function/convert/StringPropertyExtractor.html...
Generating /home/thomas/Desktop/bachelor_thesis/bachelor_thesis/Tool/Benchmarks/projects/lambdaj/target/apidocs/ch/lambdaj/function/matcher/AndMatcher.html...
Generating /home/thomas/Desktop/bachelor_thesis/bachelor_thesis/Tool/Benchmarks/projects/lambdaj/target/apidocs/ch/lambdaj/function/matcher/HasArgumentWithValue.html...
Generating /home/thomas/Desktop/bachelor_thesis/bachelor_thesis/Tool/Benchmarks/projects/lambdaj/target/apidocs/ch/lambdaj/function/matcher/HasNestedPropertyWithValue.html...
Generating /home/thomas/Desktop/bachelor_thesis/bachelor_thesis/Tool/Benchmarks/projects/lambdaj/target/apidocs/ch/lambdaj/function/matcher/LambdaJMatcher.html...
Generating /home/thomas/Desktop/bachelor_thesis/bachelor_thesis/Tool/Benchmarks/projects/lambdaj/target/apidocs/ch/lambdaj/function/matcher/OrMatcher.html...
Generating /home/thomas/Desktop/bachelor_thesis/bachelor_thesis/Tool/Benchmarks/projects/lambdaj/target/apidocs/ch/lambdaj/function/matcher/Predicate.html...
Generating /home/thomas/Desktop/bachelor_thesis/bachelor_thesis/Tool/Benchmarks/projects/lambdaj/target/apidocs/ch/lambdaj/group/ArgumentGroupCondition.html...
Generating /home/thomas/Desktop/bachelor_thesis/bachelor_thesis/Tool/Benchmarks/projects/lambdaj/target/apidocs/ch/lambdaj/group/Group.html...
Generating /home/thomas/Desktop/bachelor_thesis/bachelor_thesis/Tool/Benchmarks/projects/lambdaj/target/apidocs/ch/lambdaj/group/GroupCondition.html...
Generating /home/thomas/Desktop/bachelor_thesis/bachelor_thesis/Tool/Benchmarks/projects/lambdaj/target/apidocs/ch/lambdaj/group/GroupConditions.html...
Generating /home/thomas/Desktop/bachelor_thesis/bachelor_thesis/Tool/Benchmarks/projects/lambdaj/target/apidocs/ch/lambdaj/group/GroupItem.html...
Generating /home/thomas/Desktop/bachelor_thesis/bachelor_thesis/Tool/Benchmarks/projects/lambdaj/target/apidocs/ch/lambdaj/group/Groups.html...
Generating /home/thomas/Desktop/bachelor_thesis/bachelor_thesis/Tool/Benchmarks/projects/lambdaj/target/apidocs/ch/lambdaj/group/StringGroupCondition.html...
Generating /home/thomas/Desktop/bachelor_thesis/bachelor_thesis/Tool/Benchmarks/projects/lambdaj/target/apidocs/ch/lambdaj/proxy/InvocationInterceptor.html...
Generating /home/thomas/Desktop/bachelor_thesis/bachelor_thesis/Tool/Benchmarks/projects/lambdaj/target/apidocs/ch/lambdaj/proxy/ProxyIterator.html...
Generating /home/thomas/Desktop/bachelor_thesis/bachelor_thesis/Tool/Benchmarks/projects/lambdaj/target/apidocs/ch/lambdaj/proxy/ProxyUtil.html...
Generating /home/thomas/Desktop/bachelor_thesis/bachelor_thesis/Tool/Benchmarks/projects/lambdaj/target/apidocs/ch/lambdaj/proxy/UnproxableClassException.html...
Generating /home/thomas/Desktop/bachelor_thesis/bachelor_thesis/Tool/Benchmarks/projects/lambdaj/target/apidocs/ch/lambdaj/util/IntrospectionException.html...
Generating /home/thomas/Desktop/bachelor_thesis/bachelor_thesis/Tool/Benchmarks/projects/lambdaj/target/apidocs/ch/lambdaj/util/IntrospectionUtil.html...
Generating /home/thomas/Desktop/bachelor_thesis/bachelor_thesis/Tool/Benchmarks/projects/lambdaj/target/apidocs/ch/lambdaj/util/NotUniqueItemException.html...
Generating /home/thomas/Desktop/bachelor_thesis/bachelor_thesis/Tool/Benchmarks/projects/lambdaj/target/apidocs/ch/lambdaj/util/iterator/IteratorFactory.html...
Generating /home/thomas/Desktop/bachelor_thesis/bachelor_thesis/Tool/Benchmarks/projects/lambdaj/target/apidocs/ch/lambdaj/util/iterator/MatchingIterator.html...
Generating /home/thomas/Desktop/bachelor_thesis/bachelor_thesis/Tool/Benchmarks/projects/lambdaj/target/apidocs/ch/lambdaj/util/iterator/ResettableIterator.html...
Generating /home/thomas/Desktop/bachelor_thesis/bachelor_thesis/Tool/Benchmarks/projects/lambdaj/target/apidocs/ch/lambdaj/util/iterator/ResettableIteratorOnArray.html...
Generating /home/thomas/Desktop/bachelor_thesis/bachelor_thesis/Tool/Benchmarks/projects/lambdaj/target/apidocs/ch/lambdaj/util/iterator/ResettableIteratorOnIterable.html...
Generating /home/thomas/Desktop/bachelor_thesis/bachelor_thesis/Tool/Benchmarks/projects/lambdaj/target/apidocs/ch/lambdaj/util/iterator/ResettableIteratorOnIterator.html...
Generating /home/thomas/Desktop/bachelor_thesis/bachelor_thesis/Tool/Benchmarks/projects/lambdaj/target/apidocs/ch/lambdaj/package-summary.html...
Generating /home/thomas/Desktop/bachelor_thesis/bachelor_thesis/Tool/Benchmarks/projects/lambdaj/target/apidocs/ch/lambdaj/package-tree.html...
Generating /home/thomas/Desktop/bachelor_thesis/bachelor_thesis/Tool/Benchmarks/projects/lambdaj/target/apidocs/ch/lambdaj/collection/package-summary.html...
Generating /home/thomas/Desktop/bachelor_thesis/bachelor_thesis/Tool/Benchmarks/projects/lambdaj/target/apidocs/ch/lambdaj/collection/package-tree.html...
Generating /home/thomas/Desktop/bachelor_thesis/bachelor_thesis/Tool/Benchmarks/projects/lambdaj/target/apidocs/ch/lambdaj/function/aggregate/package-summary.html...
Generating /home/thomas/Desktop/bachelor_thesis/bachelor_thesis/Tool/Benchmarks/projects/lambdaj/target/apidocs/ch/lambdaj/function/aggregate/package-tree.html...
Generating /home/thomas/Desktop/bachelor_thesis/bachelor_thesis/Tool/Benchmarks/projects/lambdaj/target/apidocs/ch/lambdaj/function/argument/package-summary.html...
Generating /home/thomas/Desktop/bachelor_thesis/bachelor_thesis/Tool/Benchmarks/projects/lambdaj/target/apidocs/ch/lambdaj/function/argument/package-tree.html...
Generating /home/thomas/Desktop/bachelor_thesis/bachelor_thesis/Tool/Benchmarks/projects/lambdaj/target/apidocs/ch/lambdaj/function/closure/package-summary.html...
Generating /home/thomas/Desktop/bachelor_thesis/bachelor_thesis/Tool/Benchmarks/projects/lambdaj/target/apidocs/ch/lambdaj/function/closure/package-tree.html...
Generating /home/thomas/Desktop/bachelor_thesis/bachelor_thesis/Tool/Benchmarks/projects/lambdaj/target/apidocs/ch/lambdaj/function/compare/package-summary.html...
Generating /home/thomas/Desktop/bachelor_thesis/bachelor_thesis/Tool/Benchmarks/projects/lambdaj/target/apidocs/ch/lambdaj/function/compare/package-tree.html...
Generating /home/thomas/Desktop/bachelor_thesis/bachelor_thesis/Tool/Benchmarks/projects/lambdaj/target/apidocs/ch/lambdaj/function/convert/package-summary.html...
Generating /home/thomas/Desktop/bachelor_thesis/bachelor_thesis/Tool/Benchmarks/projects/lambdaj/target/apidocs/ch/lambdaj/function/convert/package-tree.html...
Generating /home/thomas/Desktop/bachelor_thesis/bachelor_thesis/Tool/Benchmarks/projects/lambdaj/target/apidocs/ch/lambdaj/function/matcher/package-summary.html...
Generating /home/thomas/Desktop/bachelor_thesis/bachelor_thesis/Tool/Benchmarks/projects/lambdaj/target/apidocs/ch/lambdaj/function/matcher/package-tree.html...
Generating /home/thomas/Desktop/bachelor_thesis/bachelor_thesis/Tool/Benchmarks/projects/lambdaj/target/apidocs/ch/lambdaj/group/package-summary.html...
Generating /home/thomas/Desktop/bachelor_thesis/bachelor_thesis/Tool/Benchmarks/projects/lambdaj/target/apidocs/ch/lambdaj/group/package-tree.html...
Generating /home/thomas/Desktop/bachelor_thesis/bachelor_thesis/Tool/Benchmarks/projects/lambdaj/target/apidocs/ch/lambdaj/proxy/package-summary.html...
Generating /home/thomas/Desktop/bachelor_thesis/bachelor_thesis/Tool/Benchmarks/projects/lambdaj/target/apidocs/ch/lambdaj/proxy/package-tree.html...
Generating /home/thomas/Desktop/bachelor_thesis/bachelor_thesis/Tool/Benchmarks/projects/lambdaj/target/apidocs/ch/lambdaj/util/package-summary.html...
Generating /home/thomas/Desktop/bachelor_thesis/bachelor_thesis/Tool/Benchmarks/projects/lambdaj/target/apidocs/ch/lambdaj/util/package-tree.html...
Generating /home/thomas/Desktop/bachelor_thesis/bachelor_thesis/Tool/Benchmarks/projects/lambdaj/target/apidocs/ch/lambdaj/util/iterator/package-summary.html...
Generating /home/thomas/Desktop/bachelor_thesis/bachelor_thesis/Tool/Benchmarks/projects/lambdaj/target/apidocs/ch/lambdaj/util/iterator/package-tree.html...
Generating /home/thomas/Desktop/bachelor_thesis/bachelor_thesis/Tool/Benchmarks/projects/lambdaj/target/apidocs/constant-values.html...
Generating /home/thomas/Desktop/bachelor_thesis/bachelor_thesis/Tool/Benchmarks/projects/lambdaj/target/apidocs/serialized-form.html...
Generating /home/thomas/Desktop/bachelor_thesis/bachelor_thesis/Tool/Benchmarks/projects/lambdaj/target/apidocs/ch/lambdaj/collection/class-use/LambdaCollections.html...
Generating /home/thomas/Desktop/bachelor_thesis/bachelor_thesis/Tool/Benchmarks/projects/lambdaj/target/apidocs/ch/lambdaj/collection/class-use/LambdaMap.html...
Generating /home/thomas/Desktop/bachelor_thesis/bachelor_thesis/Tool/Benchmarks/projects/lambdaj/target/apidocs/ch/lambdaj/collection/class-use/LambdaIterator.html...
Generating /home/thomas/Desktop/bachelor_thesis/bachelor_thesis/Tool/Benchmarks/projects/lambdaj/target/apidocs/ch/lambdaj/collection/class-use/LambdaList.html...
Generating /home/thomas/Desktop/bachelor_thesis/bachelor_thesis/Tool/Benchmarks/projects/lambdaj/target/apidocs/ch/lambdaj/collection/class-use/LambdaGroup.html...
Generating /home/thomas/Desktop/bachelor_thesis/bachelor_thesis/Tool/Benchmarks/projects/lambdaj/target/apidocs/ch/lambdaj/collection/class-use/LambdaIterable.html...
Generating /home/thomas/Desktop/bachelor_thesis/bachelor_thesis/Tool/Benchmarks/projects/lambdaj/target/apidocs/ch/lambdaj/collection/class-use/LambdaSet.html...
Generating /home/thomas/Desktop/bachelor_thesis/bachelor_thesis/Tool/Benchmarks/projects/lambdaj/target/apidocs/ch/lambdaj/collection/class-use/LambdaCollection.html...
Generating /home/thomas/Desktop/bachelor_thesis/bachelor_thesis/Tool/Benchmarks/projects/lambdaj/target/apidocs/ch/lambdaj/proxy/class-use/ProxyIterator.html...
Generating /home/thomas/Desktop/bachelor_thesis/bachelor_thesis/Tool/Benchmarks/projects/lambdaj/target/apidocs/ch/lambdaj/proxy/class-use/InvocationInterceptor.html...
Generating /home/thomas/Desktop/bachelor_thesis/bachelor_thesis/Tool/Benchmarks/projects/lambdaj/target/apidocs/ch/lambdaj/proxy/class-use/UnproxableClassException.html...
Generating /home/thomas/Desktop/bachelor_thesis/bachelor_thesis/Tool/Benchmarks/projects/lambdaj/target/apidocs/ch/lambdaj/proxy/class-use/ProxyUtil.html...
Generating /home/thomas/Desktop/bachelor_thesis/bachelor_thesis/Tool/Benchmarks/projects/lambdaj/target/apidocs/ch/lambdaj/group/class-use/GroupCondition.html...
Generating /home/thomas/Desktop/bachelor_thesis/bachelor_thesis/Tool/Benchmarks/projects/lambdaj/target/apidocs/ch/lambdaj/group/class-use/GroupItem.html...
Generating /home/thomas/Desktop/bachelor_thesis/bachelor_thesis/Tool/Benchmarks/projects/lambdaj/target/apidocs/ch/lambdaj/group/class-use/Group.html...
Generating /home/thomas/Desktop/bachelor_thesis/bachelor_thesis/Tool/Benchmarks/projects/lambdaj/target/apidocs/ch/lambdaj/group/class-use/Groups.html...
Generating /home/thomas/Desktop/bachelor_thesis/bachelor_thesis/Tool/Benchmarks/projects/lambdaj/target/apidocs/ch/lambdaj/group/class-use/GroupConditions.html...
Generating /home/thomas/Desktop/bachelor_thesis/bachelor_thesis/Tool/Benchmarks/projects/lambdaj/target/apidocs/ch/lambdaj/group/class-use/StringGroupCondition.html...
Generating /home/thomas/Desktop/bachelor_thesis/bachelor_thesis/Tool/Benchmarks/projects/lambdaj/target/apidocs/ch/lambdaj/group/class-use/ArgumentGroupCondition.html...
Generating /home/thomas/Desktop/bachelor_thesis/bachelor_thesis/Tool/Benchmarks/projects/lambdaj/target/apidocs/ch/lambdaj/util/class-use/IntrospectionUtil.html...
Generating /home/thomas/Desktop/bachelor_thesis/bachelor_thesis/Tool/Benchmarks/projects/lambdaj/target/apidocs/ch/lambdaj/util/class-use/IntrospectionException.html...
Generating /home/thomas/Desktop/bachelor_thesis/bachelor_thesis/Tool/Benchmarks/projects/lambdaj/target/apidocs/ch/lambdaj/util/class-use/NotUniqueItemException.html...
Generating /home/thomas/Desktop/bachelor_thesis/bachelor_thesis/Tool/Benchmarks/projects/lambdaj/target/apidocs/ch/lambdaj/util/iterator/class-use/ResettableIteratorOnIterable.html...
Generating /home/thomas/Desktop/bachelor_thesis/bachelor_thesis/Tool/Benchmarks/projects/lambdaj/target/apidocs/ch/lambdaj/util/iterator/class-use/ResettableIteratorOnIterator.html...
Generating /home/thomas/Desktop/bachelor_thesis/bachelor_thesis/Tool/Benchmarks/projects/lambdaj/target/apidocs/ch/lambdaj/util/iterator/class-use/MatchingIterator.html...
Generating /home/thomas/Desktop/bachelor_thesis/bachelor_thesis/Tool/Benchmarks/projects/lambdaj/target/apidocs/ch/lambdaj/util/iterator/class-use/ResettableIteratorOnArray.html...
Generating /home/thomas/Desktop/bachelor_thesis/bachelor_thesis/Tool/Benchmarks/projects/lambdaj/target/apidocs/ch/lambdaj/util/iterator/class-use/ResettableIterator.html...
Generating /home/thomas/Desktop/bachelor_thesis/bachelor_thesis/Tool/Benchmarks/projects/lambdaj/target/apidocs/ch/lambdaj/util/iterator/class-use/IteratorFactory.html...
Generating /home/thomas/Desktop/bachelor_thesis/bachelor_thesis/Tool/Benchmarks/projects/lambdaj/target/apidocs/ch/lambdaj/function/argument/class-use/Argument.html...
Generating /home/thomas/Desktop/bachelor_thesis/bachelor_thesis/Tool/Benchmarks/projects/lambdaj/target/apidocs/ch/lambdaj/function/argument/class-use/ArgumentsFactory.html...
Generating /home/thomas/Desktop/bachelor_thesis/bachelor_thesis/Tool/Benchmarks/projects/lambdaj/target/apidocs/ch/lambdaj/function/argument/class-use/ArgumentConversionException.html...
Generating /home/thomas/Desktop/bachelor_thesis/bachelor_thesis/Tool/Benchmarks/projects/lambdaj/target/apidocs/ch/lambdaj/function/argument/class-use/FinalClassArgumentCreator.html...
Generating /home/thomas/Desktop/bachelor_thesis/bachelor_thesis/Tool/Benchmarks/projects/lambdaj/target/apidocs/ch/lambdaj/function/argument/class-use/Invoker.html...
Generating /home/thomas/Desktop/bachelor_thesis/bachelor_thesis/Tool/Benchmarks/projects/lambdaj/target/apidocs/ch/lambdaj/function/matcher/class-use/Predicate.html...
Generating /home/thomas/Desktop/bachelor_thesis/bachelor_thesis/Tool/Benchmarks/projects/lambdaj/target/apidocs/ch/lambdaj/function/matcher/class-use/HasNestedPropertyWithValue.html...
Generating /home/thomas/Desktop/bachelor_thesis/bachelor_thesis/Tool/Benchmarks/projects/lambdaj/target/apidocs/ch/lambdaj/function/matcher/class-use/OrMatcher.html...
Generating /home/thomas/Desktop/bachelor_thesis/bachelor_thesis/Tool/Benchmarks/projects/lambdaj/target/apidocs/ch/lambdaj/function/matcher/class-use/LambdaJMatcher.html...
Generating /home/thomas/Desktop/bachelor_thesis/bachelor_thesis/Tool/Benchmarks/projects/lambdaj/target/apidocs/ch/lambdaj/function/matcher/class-use/HasArgumentWithValue.html...
Generating /home/thomas/Desktop/bachelor_thesis/bachelor_thesis/Tool/Benchmarks/projects/lambdaj/target/apidocs/ch/lambdaj/function/matcher/class-use/AndMatcher.html...
Generating /home/thomas/Desktop/bachelor_thesis/bachelor_thesis/Tool/Benchmarks/projects/lambdaj/target/apidocs/ch/lambdaj/function/compare/class-use/PropertyComparator.html...
Generating /home/thomas/Desktop/bachelor_thesis/bachelor_thesis/Tool/Benchmarks/projects/lambdaj/target/apidocs/ch/lambdaj/function/compare/class-use/ComparatorUtil.html...
Generating /home/thomas/Desktop/bachelor_thesis/bachelor_thesis/Tool/Benchmarks/projects/lambdaj/target/apidocs/ch/lambdaj/function/compare/class-use/ArgumentComparator.html...
Generating /home/thomas/Desktop/bachelor_thesis/bachelor_thesis/Tool/Benchmarks/projects/lambdaj/target/apidocs/ch/lambdaj/function/aggregate/class-use/MinOnArgument.html...
Generating /home/thomas/Desktop/bachelor_thesis/bachelor_thesis/Tool/Benchmarks/projects/lambdaj/target/apidocs/ch/lambdaj/function/aggregate/class-use/Concat.html...
Generating /home/thomas/Desktop/bachelor_thesis/bachelor_thesis/Tool/Benchmarks/projects/lambdaj/target/apidocs/ch/lambdaj/function/aggregate/class-use/ProxyAggregator.html...
Generating /home/thomas/Desktop/bachelor_thesis/bachelor_thesis/Tool/Benchmarks/projects/lambdaj/target/apidocs/ch/lambdaj/function/aggregate/class-use/Chooser.html...
Generating /home/thomas/Desktop/bachelor_thesis/bachelor_thesis/Tool/Benchmarks/projects/lambdaj/target/apidocs/ch/lambdaj/function/aggregate/class-use/PairAggregator.html...
Generating /home/thomas/Desktop/bachelor_thesis/bachelor_thesis/Tool/Benchmarks/projects/lambdaj/target/apidocs/ch/lambdaj/function/aggregate/class-use/Sum.html...
Generating /home/thomas/Desktop/bachelor_thesis/bachelor_thesis/Tool/Benchmarks/projects/lambdaj/target/apidocs/ch/lambdaj/function/aggregate/class-use/MaxOnArgument.html...
Generating /home/thomas/Desktop/bachelor_thesis/bachelor_thesis/Tool/Benchmarks/projects/lambdaj/target/apidocs/ch/lambdaj/function/aggregate/class-use/Avg.html...
Generating /home/thomas/Desktop/bachelor_thesis/bachelor_thesis/Tool/Benchmarks/projects/lambdaj/target/apidocs/ch/lambdaj/function/aggregate/class-use/SumInteger.html...
Generating /home/thomas/Desktop/bachelor_thesis/bachelor_thesis/Tool/Benchmarks/projects/lambdaj/target/apidocs/ch/lambdaj/function/aggregate/class-use/Max.html...
Generating /home/thomas/Desktop/bachelor_thesis/bachelor_thesis/Tool/Benchmarks/projects/lambdaj/target/apidocs/ch/lambdaj/function/aggregate/class-use/InitializedPairAggregator.html...
Generating /home/thomas/Desktop/bachelor_thesis/bachelor_thesis/Tool/Benchmarks/projects/lambdaj/target/apidocs/ch/lambdaj/function/aggregate/class-use/ChooserOnArgument.html...
Generating /home/thomas/Desktop/bachelor_thesis/bachelor_thesis/Tool/Benchmarks/projects/lambdaj/target/apidocs/ch/lambdaj/function/aggregate/class-use/Aggregator.html...
Generating /home/thomas/Desktop/bachelor_thesis/bachelor_thesis/Tool/Benchmarks/projects/lambdaj/target/apidocs/ch/lambdaj/function/aggregate/class-use/Min.html...
Generating /home/thomas/Desktop/bachelor_thesis/bachelor_thesis/Tool/Benchmarks/projects/lambdaj/target/apidocs/ch/lambdaj/function/aggregate/class-use/SumDouble.html...
Generating /home/thomas/Desktop/bachelor_thesis/bachelor_thesis/Tool/Benchmarks/projects/lambdaj/target/apidocs/ch/lambdaj/function/aggregate/class-use/SumLong.html...
Generating /home/thomas/Desktop/bachelor_thesis/bachelor_thesis/Tool/Benchmarks/projects/lambdaj/target/apidocs/ch/lambdaj/function/closure/class-use/WrongClosureInvocationException.html...
Generating /home/thomas/Desktop/bachelor_thesis/bachelor_thesis/Tool/Benchmarks/projects/lambdaj/target/apidocs/ch/lambdaj/function/closure/class-use/DelayedClosure.html...
Generating /home/thomas/Desktop/bachelor_thesis/bachelor_thesis/Tool/Benchmarks/projects/lambdaj/target/apidocs/ch/lambdaj/function/closure/class-use/Closure4.html...
Generating /home/thomas/Desktop/bachelor_thesis/bachelor_thesis/Tool/Benchmarks/projects/lambdaj/target/apidocs/ch/lambdaj/function/closure/class-use/Closure1.html...
Generating /home/thomas/Desktop/bachelor_thesis/bachelor_thesis/Tool/Benchmarks/projects/lambdaj/target/apidocs/ch/lambdaj/function/closure/class-use/Switcher.html...
Generating /home/thomas/Desktop/bachelor_thesis/bachelor_thesis/Tool/Benchmarks/projects/lambdaj/target/apidocs/ch/lambdaj/function/closure/class-use/Closure.html...
Generating /home/thomas/Desktop/bachelor_thesis/bachelor_thesis/Tool/Benchmarks/projects/lambdaj/target/apidocs/ch/lambdaj/function/closure/class-use/ClosuresFactory.html...
Generating /home/thomas/Desktop/bachelor_thesis/bachelor_thesis/Tool/Benchmarks/projects/lambdaj/target/apidocs/ch/lambdaj/function/closure/class-use/Closure3.html...
Generating /home/thomas/Desktop/bachelor_thesis/bachelor_thesis/Tool/Benchmarks/projects/lambdaj/target/apidocs/ch/lambdaj/function/closure/class-use/Closure0.html...
Generating /home/thomas/Desktop/bachelor_thesis/bachelor_thesis/Tool/Benchmarks/projects/lambdaj/target/apidocs/ch/lambdaj/function/closure/class-use/Closure2.html...
Generating /home/thomas/Desktop/bachelor_thesis/bachelor_thesis/Tool/Benchmarks/projects/lambdaj/target/apidocs/ch/lambdaj/function/closure/class-use/ClosureResult.html...
Generating /home/thomas/Desktop/bachelor_thesis/bachelor_thesis/Tool/Benchmarks/projects/lambdaj/target/apidocs/ch/lambdaj/function/convert/class-use/Converter.html...
Generating /home/thomas/Desktop/bachelor_thesis/bachelor_thesis/Tool/Benchmarks/projects/lambdaj/target/apidocs/ch/lambdaj/function/convert/class-use/PropertyExtractor.html...
Generating /home/thomas/Desktop/bachelor_thesis/bachelor_thesis/Tool/Benchmarks/projects/lambdaj/target/apidocs/ch/lambdaj/function/convert/class-use/DefaultStringConverter.html...
Generating /home/thomas/Desktop/bachelor_thesis/bachelor_thesis/Tool/Benchmarks/projects/lambdaj/target/apidocs/ch/lambdaj/function/convert/class-use/ConstructorArgumentConverter.html...
Generating /home/thomas/Desktop/bachelor_thesis/bachelor_thesis/Tool/Benchmarks/projects/lambdaj/target/apidocs/ch/lambdaj/function/convert/class-use/StringLengthConverter.html...
Generating /home/thomas/Desktop/bachelor_thesis/bachelor_thesis/Tool/Benchmarks/projects/lambdaj/target/apidocs/ch/lambdaj/function/convert/class-use/ConverterIterator.html...
Generating /home/thomas/Desktop/bachelor_thesis/bachelor_thesis/Tool/Benchmarks/projects/lambdaj/target/apidocs/ch/lambdaj/function/convert/class-use/StringPropertyExtractor.html...
Generating /home/thomas/Desktop/bachelor_thesis/bachelor_thesis/Tool/Benchmarks/projects/lambdaj/target/apidocs/ch/lambdaj/function/convert/class-use/StringConverter.html...
Generating /home/thomas/Desktop/bachelor_thesis/bachelor_thesis/Tool/Benchmarks/projects/lambdaj/target/apidocs/ch/lambdaj/function/convert/class-use/ArgumentConverter.html...
Generating /home/thomas/Desktop/bachelor_thesis/bachelor_thesis/Tool/Benchmarks/projects/lambdaj/target/apidocs/ch/lambdaj/function/convert/class-use/ProjectConverter.html...
Generating /home/thomas/Desktop/bachelor_thesis/bachelor_thesis/Tool/Benchmarks/projects/lambdaj/target/apidocs/ch/lambdaj/function/convert/class-use/AliasedArgumentConverter.html...
Generating /home/thomas/Desktop/bachelor_thesis/bachelor_thesis/Tool/Benchmarks/projects/lambdaj/target/apidocs/ch/lambdaj/class-use/Lambda.html...
Generating /home/thomas/Desktop/bachelor_thesis/bachelor_thesis/Tool/Benchmarks/projects/lambdaj/target/apidocs/ch/lambdaj/package-use.html...
Generating /home/thomas/Desktop/bachelor_thesis/bachelor_thesis/Tool/Benchmarks/projects/lambdaj/target/apidocs/ch/lambdaj/collection/package-use.html...
Generating /home/thomas/Desktop/bachelor_thesis/bachelor_thesis/Tool/Benchmarks/projects/lambdaj/target/apidocs/ch/lambdaj/function/aggregate/package-use.html...
Generating /home/thomas/Desktop/bachelor_thesis/bachelor_thesis/Tool/Benchmarks/projects/lambdaj/target/apidocs/ch/lambdaj/function/argument/package-use.html...
Generating /home/thomas/Desktop/bachelor_thesis/bachelor_thesis/Tool/Benchmarks/projects/lambdaj/target/apidocs/ch/lambdaj/function/closure/package-use.html...
Generating /home/thomas/Desktop/bachelor_thesis/bachelor_thesis/Tool/Benchmarks/projects/lambdaj/target/apidocs/ch/lambdaj/function/compare/package-use.html...
Generating /home/thomas/Desktop/bachelor_thesis/bachelor_thesis/Tool/Benchmarks/projects/lambdaj/target/apidocs/ch/lambdaj/function/convert/package-use.html...
Generating /home/thomas/Desktop/bachelor_thesis/bachelor_thesis/Tool/Benchmarks/projects/lambdaj/target/apidocs/ch/lambdaj/function/matcher/package-use.html...
Generating /home/thomas/Desktop/bachelor_thesis/bachelor_thesis/Tool/Benchmarks/projects/lambdaj/target/apidocs/ch/lambdaj/group/package-use.html...
Generating /home/thomas/Desktop/bachelor_thesis/bachelor_thesis/Tool/Benchmarks/projects/lambdaj/target/apidocs/ch/lambdaj/proxy/package-use.html...
Generating /home/thomas/Desktop/bachelor_thesis/bachelor_thesis/Tool/Benchmarks/projects/lambdaj/target/apidocs/ch/lambdaj/util/package-use.html...
Generating /home/thomas/Desktop/bachelor_thesis/bachelor_thesis/Tool/Benchmarks/projects/lambdaj/target/apidocs/ch/lambdaj/util/iterator/package-use.html...
Building index for all the packages and classes...
Generating /home/thomas/Desktop/bachelor_thesis/bachelor_thesis/Tool/Benchmarks/projects/lambdaj/target/apidocs/overview-tree.html...
Generating /home/thomas/Desktop/bachelor_thesis/bachelor_thesis/Tool/Benchmarks/projects/lambdaj/target/apidocs/index-all.html...
Building index for all classes...
Generating /home/thomas/Desktop/bachelor_thesis/bachelor_thesis/Tool/Benchmarks/projects/lambdaj/target/apidocs/allclasses-index.html...
Generating /home/thomas/Desktop/bachelor_thesis/bachelor_thesis/Tool/Benchmarks/projects/lambdaj/target/apidocs/allpackages-index.html...
Generating /home/thomas/Desktop/bachelor_thesis/bachelor_thesis/Tool/Benchmarks/projects/lambdaj/target/apidocs/deprecated-list.html...
Building index for all classes...
Generating /home/thomas/Desktop/bachelor_thesis/bachelor_thesis/Tool/Benchmarks/projects/lambdaj/target/apidocs/allclasses.html...
Generating /home/thomas/Desktop/bachelor_thesis/bachelor_thesis/Tool/Benchmarks/projects/lambdaj/target/apidocs/allclasses.html...
Generating /home/thomas/Desktop/bachelor_thesis/bachelor_thesis/Tool/Benchmarks/projects/lambdaj/target/apidocs/index.html...
Generating /home/thomas/Desktop/bachelor_thesis/bachelor_thesis/Tool/Benchmarks/projects/lambdaj/target/apidocs/overview-summary.html...
Generating /home/thomas/Desktop/bachelor_thesis/bachelor_thesis/Tool/Benchmarks/projects/lambdaj/target/apidocs/help-doc.html...
100 warnings
[[1;33mWARNING[m] Javadoc Warnings
[[1;33mWARNING[m] javadoc: warning - The code being documented uses modules but the packages defined in https://docs.oracle.com/javase/8/docs/api/ are in the unnamed module.
[[1;33mWARNING[m] javadoc: warning - The code being documented uses modules but the packages defined in https://docs.oracle.com/javase/8/docs/api/ are in the unnamed module.
[[1;33mWARNING[m] javadoc: warning - The code being documented uses modules but the packages defined in https://docs.oracle.com/javase/8/docs/api/ are in the unnamed module.
[[1;33mWARNING[m] javadoc: warning - The code being documented uses modules but the packages defined in https://docs.oracle.com/javase/8/docs/api/ are in the unnamed module.
[[1;33mWARNING[m] javadoc: warning - The code being documented uses modules but the packages defined in https://docs.oracle.com/javase/8/docs/api/ are in the unnamed module.
[[1;33mWARNING[m] javadoc: warning - The code being documented uses modules but the packages defined in https://docs.oracle.com/javase/8/docs/api/ are in the unnamed module.
[[1;33mWARNING[m] javadoc: warning - The code being documented uses modules but the packages defined in https://docs.oracle.com/javase/8/docs/api/ are in the unnamed module.
[[1;33mWARNING[m] javadoc: warning - The code being documented uses modules but the packages defined in https://docs.oracle.com/javase/8/docs/api/ are in the unnamed module.
[[1;33mWARNING[m] javadoc: warning - The code being documented uses modules but the packages defined in https://docs.oracle.com/javase/8/docs/api/ are in the unnamed module.
[[1;33mWARNING[m] javadoc: warning - The code being documented uses modules but the packages defined in https://docs.oracle.com/javase/8/docs/api/ are in the unnamed module.
[[1;33mWARNING[m] javadoc: warning - The code being documented uses modules but the packages defined in https://docs.oracle.com/javase/8/docs/api/ are in the unnamed module.
[[1;33mWARNING[m] javadoc: warning - The code being documented uses modules but the packages defined in https://docs.oracle.com/javase/8/docs/api/ are in the unnamed module.
[[1;33mWARNING[m] javadoc: warning - The code being documented uses modules but the packages defined in https://docs.oracle.com/javase/8/docs/api/ are in the unnamed module.
[[1;33mWARNING[m] javadoc: warning - The code being documented uses modules but the packages defined in https://docs.oracle.com/javase/8/docs/api/ are in the unnamed module.
[[1;33mWARNING[m] javadoc: warning - The code being documented uses modules but the packages defined in https://docs.oracle.com/javase/8/docs/api/ are in the unnamed module.
[[1;33mWARNING[m] javadoc: warning - The code being documented uses modules but the packages defined in https://docs.oracle.com/javase/8/docs/api/ are in the unnamed module.
[[1;33mWARNING[m] javadoc: warning - The code being documented uses modules but the packages defined in https://docs.oracle.com/javase/8/docs/api/ are in the unnamed module.
[[1;33mWARNING[m] javadoc: warning - The code being documented uses modules but the packages defined in https://docs.oracle.com/javase/8/docs/api/ are in the unnamed module.
[[1;33mWARNING[m] javadoc: warning - The code being documented uses modules but the packages defined in https://docs.oracle.com/javase/8/docs/api/ are in the unnamed module.
[[1;33mWARNING[m] javadoc: warning - The code being documented uses modules but the packages defined in https://docs.oracle.com/javase/8/docs/api/ are in the unnamed module.
[[1;33mWARNING[m] javadoc: warning - The code being documented uses modules but the packages defined in https://docs.oracle.com/javase/8/docs/api/ are in the unnamed module.
[[1;33mWARNING[m] javadoc: warning - The code being documented uses modules but the packages defined in https://docs.oracle.com/javase/8/docs/api/ are in the unnamed module.
[[1;33mWARNING[m] javadoc: warning - The code being documented uses modules but the packages defined in https://docs.oracle.com/javase/8/docs/api/ are in the unnamed module.
[[1;33mWARNING[m] javadoc: warning - The code being documented uses modules but the packages defined in https://docs.oracle.com/javase/8/docs/api/ are in the unnamed module.
[[1;33mWARNING[m] javadoc: warning - The code being documented uses modules but the packages defined in https://docs.oracle.com/javase/8/docs/api/ are in the unnamed module.
[[1;33mWARNING[m] javadoc: warning - The code being documented uses modules but the packages defined in https://docs.oracle.com/javase/8/docs/api/ are in the unnamed module.
[[1;33mWARNING[m] javadoc: warning - The code being documented uses modules but the packages defined in https://docs.oracle.com/javase/8/docs/api/ are in the unnamed module.
[[1;33mWARNING[m] javadoc: warning - The code being documented uses modules but the packages defined in https://docs.oracle.com/javase/8/docs/api/ are in the unnamed module.
[[1;33mWARNING[m] javadoc: warning - The code being documented uses modules but the packages defined in https://docs.oracle.com/javase/8/docs/api/ are in the unnamed module.
[[1;33mWARNING[m] javadoc: warning - The code being documented uses modules but the packages defined in https://docs.oracle.com/javase/8/docs/api/ are in the unnamed module.
[[1;33mWARNING[m] javadoc: warning - The code being documented uses modules but the packages defined in https://docs.oracle.com/javase/8/docs/api/ are in the unnamed module.
[[1;33mWARNING[m] javadoc: warning - The code being documented uses modules but the packages defined in https://docs.oracle.com/javase/8/docs/api/ are in the unnamed module.
[[1;33mWARNING[m] javadoc: warning - The code being documented uses modules but the packages defined in https://docs.oracle.com/javase/8/docs/api/ are in the unnamed module.
[[1;33mWARNING[m] javadoc: warning - The code being documented uses modules but the packages defined in https://docs.oracle.com/javase/8/docs/api/ are in the unnamed module.
[[1;33mWARNING[m] javadoc: warning - The code being documented uses modules but the packages defined in https://docs.oracle.com/javase/8/docs/api/ are in the unnamed module.
[[1;33mWARNING[m] javadoc: warning - The code being documented uses modules but the packages defined in https://docs.oracle.com/javase/8/docs/api/ are in the unnamed module.
[[1;33mWARNING[m] javadoc: warning - The code being documented uses modules but the packages defined in https://docs.oracle.com/javase/8/docs/api/ are in the unnamed module.
[[1;33mWARNING[m] javadoc: warning - The code being documented uses modules but the packages defined in https://docs.oracle.com/javase/8/docs/api/ are in the unnamed module.
[[1;33mWARNING[m] javadoc: warning - The code being documented uses modules but the packages defined in https://docs.oracle.com/javase/8/docs/api/ are in the unnamed module.
[[1;33mWARNING[m] javadoc: warning - The code being documented uses modules but the packages defined in https://docs.oracle.com/javase/8/docs/api/ are in the unnamed module.
[[1;33mWARNING[m] javadoc: warning - The code being documented uses modules but the packages defined in https://docs.oracle.com/javase/8/docs/api/ are in the unnamed module.
[[1;33mWARNING[m] javadoc: warning - The code being documented uses modules but the packages defined in https://docs.oracle.com/javase/8/docs/api/ are in the unnamed module.
[[1;33mWARNING[m] javadoc: warning - The code being documented uses modules but the packages defined in https://docs.oracle.com/javase/8/docs/api/ are in the unnamed module.
[[1;33mWARNING[m] javadoc: warning - The code being documented uses modules but the packages defined in https://docs.oracle.com/javase/8/docs/api/ are in the unnamed module.
[[1;33mWARNING[m] javadoc: warning - The code being documented uses modules but the packages defined in https://docs.oracle.com/javase/8/docs/api/ are in the unnamed module.
[[1;33mWARNING[m] javadoc: warning - The code being documented uses modules but the packages defined in https://docs.oracle.com/javase/8/docs/api/ are in the unnamed module.
[[1;33mWARNING[m] javadoc: warning - The code being documented uses modules but the packages defined in https://docs.oracle.com/javase/8/docs/api/ are in the unnamed module.
[[1;33mWARNING[m] javadoc: warning - The code being documented uses modules but the packages defined in https://docs.oracle.com/javase/8/docs/api/ are in the unnamed module.
[[1;33mWARNING[m] javadoc: warning - The code being documented uses modules but the packages defined in https://docs.oracle.com/javase/8/docs/api/ are in the unnamed module.
[[1;33mWARNING[m] javadoc: warning - The code being documented uses modules but the packages defined in https://docs.oracle.com/javase/8/docs/api/ are in the unnamed module.
[[1;33mWARNING[m] javadoc: warning - The code being documented uses modules but the packages defined in https://docs.oracle.com/javase/8/docs/api/ are in the unnamed module.
[[1;33mWARNING[m] javadoc: warning - The code being documented uses modules but the packages defined in https://docs.oracle.com/javase/8/docs/api/ are in the unnamed module.
[[1;33mWARNING[m] javadoc: warning - The code being documented uses modules but the packages defined in https://docs.oracle.com/javase/8/docs/api/ are in the unnamed module.
[[1;33mWARNING[m] javadoc: warning - The code being documented uses modules but the packages defined in https://docs.oracle.com/javase/8/docs/api/ are in the unnamed module.
[[1;33mWARNING[m] javadoc: warning - The code being documented uses modules but the packages defined in https://docs.oracle.com/javase/8/docs/api/ are in the unnamed module.
[[1;33mWARNING[m] javadoc: warning - The code being documented uses modules but the packages defined in https://docs.oracle.com/javase/8/docs/api/ are in the unnamed module.
[[1;33mWARNING[m] javadoc: warning - The code being documented uses modules but the packages defined in https://docs.oracle.com/javase/8/docs/api/ are in the unnamed module.
[[1;33mWARNING[m] javadoc: warning - The code being documented uses modules but the packages defined in https://docs.oracle.com/javase/8/docs/api/ are in the unnamed module.
[[1;33mWARNING[m] javadoc: warning - The code being documented uses modules but the packages defined in https://docs.oracle.com/javase/8/docs/api/ are in the unnamed module.
[[1;33mWARNING[m] javadoc: warning - The code being documented uses modules but the packages defined in https://docs.oracle.com/javase/8/docs/api/ are in the unnamed module.
[[1;33mWARNING[m] javadoc: warning - The code being documented uses modules but the packages defined in https://docs.oracle.com/javase/8/docs/api/ are in the unnamed module.
[[1;33mWARNING[m] javadoc: warning - The code being documented uses modules but the packages defined in https://docs.oracle.com/javase/8/docs/api/ are in the unnamed module.
[[1;33mWARNING[m] javadoc: warning - The code being documented uses modules but the packages defined in https://docs.oracle.com/javase/8/docs/api/ are in the unnamed module.
[[1;33mWARNING[m] javadoc: warning - The code being documented uses modules but the packages defined in https://docs.oracle.com/javase/8/docs/api/ are in the unnamed module.
[[1;33mWARNING[m] javadoc: warning - The code being documented uses modules but the packages defined in https://docs.oracle.com/javase/8/docs/api/ are in the unnamed module.
[[1;33mWARNING[m] javadoc: warning - The code being documented uses modules but the packages defined in https://docs.oracle.com/javase/8/docs/api/ are in the unnamed module.
[[1;33mWARNING[m] javadoc: warning - The code being documented uses modules but the packages defined in https://docs.oracle.com/javase/8/docs/api/ are in the unnamed module.
[[1;33mWARNING[m] javadoc: warning - The code being documented uses modules but the packages defined in https://docs.oracle.com/javase/8/docs/api/ are in the unnamed module.
[[1;33mWARNING[m] javadoc: warning - The code being documented uses modules but the packages defined in https://docs.oracle.com/javase/8/docs/api/ are in the unnamed module.
[[1;33mWARNING[m] javadoc: warning - The code being documented uses modules but the packages defined in https://docs.oracle.com/javase/8/docs/api/ are in the unnamed module.
[[1;33mWARNING[m] javadoc: warning - The code being documented uses modules but the packages defined in https://docs.oracle.com/javase/8/docs/api/ are in the unnamed module.
[[1;33mWARNING[m] javadoc: warning - The code being documented uses modules but the packages defined in https://docs.oracle.com/javase/8/docs/api/ are in the unnamed module.
[[1;33mWARNING[m] javadoc: warning - The code being documented uses modules but the packages defined in https://docs.oracle.com/javase/8/docs/api/ are in the unnamed module.
[[1;33mWARNING[m] javadoc: warning - The code being documented uses modules but the packages defined in https://docs.oracle.com/javase/8/docs/api/ are in the unnamed module.
[[1;33mWARNING[m] javadoc: warning - The code being documented uses modules but the packages defined in https://docs.oracle.com/javase/8/docs/api/ are in the unnamed module.
[[1;33mWARNING[m] javadoc: warning - The code being documented uses modules but the packages defined in https://docs.oracle.com/javase/8/docs/api/ are in the unnamed module.
[[1;33mWARNING[m] javadoc: warning - The code being documented uses modules but the packages defined in https://docs.oracle.com/javase/8/docs/api/ are in the unnamed module.
[[1;33mWARNING[m] javadoc: warning - The code being documented uses modules but the packages defined in https://docs.oracle.com/javase/8/docs/api/ are in the unnamed module.
[[1;33mWARNING[m] javadoc: warning - The code being documented uses modules but the packages defined in https://docs.oracle.com/javase/8/docs/api/ are in the unnamed module.
[[1;33mWARNING[m] javadoc: warning - The code being documented uses modules but the packages defined in https://docs.oracle.com/javase/8/docs/api/ are in the unnamed module.
[[1;33mWARNING[m] javadoc: warning - The code being documented uses modules but the packages defined in https://docs.oracle.com/javase/8/docs/api/ are in the unnamed module.
[[1;33mWARNING[m] javadoc: warning - The code being documented uses modules but the packages defined in https://docs.oracle.com/javase/8/docs/api/ are in the unnamed module.
[[1;33mWARNING[m] javadoc: warning - The code being documented uses modules but the packages defined in https://docs.oracle.com/javase/8/docs/api/ are in the unnamed module.
[[1;33mWARNING[m] javadoc: warning - The code being documented uses modules but the packages defined in https://docs.oracle.com/javase/8/docs/api/ are in the unnamed module.
[[1;33mWARNING[m] javadoc: warning - The code being documented uses modules but the packages defined in https://docs.oracle.com/javase/8/docs/api/ are in the unnamed module.
[[1;33mWARNING[m] javadoc: warning - The code being documented uses modules but the packages defined in https://docs.oracle.com/javase/8/docs/api/ are in the unnamed module.
[[1;33mWARNING[m] javadoc: warning - The code being documented uses modules but the packages defined in https://docs.oracle.com/javase/8/docs/api/ are in the unnamed module.
[[1;33mWARNING[m] javadoc: warning - The code being documented uses modules but the packages defined in https://docs.oracle.com/javase/8/docs/api/ are in the unnamed module.
[[1;33mWARNING[m] javadoc: warning - The code being documented uses modules but the packages defined in https://docs.oracle.com/javase/8/docs/api/ are in the unnamed module.
[[1;33mWARNING[m] javadoc: warning - The code being documented uses modules but the packages defined in https://docs.oracle.com/javase/8/docs/api/ are in the unnamed module.
[[1;33mWARNING[m] javadoc: warning - The code being documented uses modules but the packages defined in https://docs.oracle.com/javase/8/docs/api/ are in the unnamed module.
[[1;33mWARNING[m] javadoc: warning - The code being documented uses modules but the packages defined in https://docs.oracle.com/javase/8/docs/api/ are in the unnamed module.
[[1;33mWARNING[m] javadoc: warning - The code being documented uses modules but the packages defined in https://docs.oracle.com/javase/8/docs/api/ are in the unnamed module.
[[1;33mWARNING[m] javadoc: warning - The code being documented uses modules but the packages defined in https://docs.oracle.com/javase/8/docs/api/ are in the unnamed module.
[[1;33mWARNING[m] javadoc: warning - The code being documented uses modules but the packages defined in https://docs.oracle.com/javase/8/docs/api/ are in the unnamed module.
[[1;33mWARNING[m] javadoc: warning - The code being documented uses modules but the packages defined in https://docs.oracle.com/javase/8/docs/api/ are in the unnamed module.
[[1;33mWARNING[m] javadoc: warning - The code being documented uses modules but the packages defined in https://docs.oracle.com/javase/8/docs/api/ are in the unnamed module.
[[1;33mWARNING[m] javadoc: warning - The code being documented uses modules but the packages defined in https://docs.oracle.com/javase/8/docs/api/ are in the unnamed module.
[[1;33mWARNING[m] javadoc: warning - The code being documented uses modules but the packages defined in https://docs.oracle.com/javase/8/docs/api/ are in the unnamed module.
[[1;33mWARNING[m] javadoc: warning - The code being documented uses modules but the packages defined in https://docs.oracle.com/javase/8/docs/api/ are in the unnamed module.
[[1;34mINFO[m] Building jar: /home/thomas/Desktop/bachelor_thesis/bachelor_thesis/Tool/Benchmarks/projects/lambdaj/target/lambdaj-2.4.1-SNAPSHOT-javadoc.jar
[[1;34mINFO[m] 
[[1;34mINFO[m] [1m--- [0;32mmaven-install-plugin:2.4:install[m [1m(default-install)[m @ [36mlambdaj[0;1m ---[m
[[1;34mINFO[m] Installing /home/thomas/Desktop/bachelor_thesis/bachelor_thesis/Tool/Benchmarks/projects/lambdaj/target/lambdaj-2.4.1-SNAPSHOT.jar to /home/thomas/.m2/repository/com/googlecode/lambdaj/lambdaj/2.4.1-SNAPSHOT/lambdaj-2.4.1-SNAPSHOT.jar
[[1;34mINFO[m] Installing /home/thomas/Desktop/bachelor_thesis/bachelor_thesis/Tool/Benchmarks/projects/lambdaj/pom.xml to /home/thomas/.m2/repository/com/googlecode/lambdaj/lambdaj/2.4.1-SNAPSHOT/lambdaj-2.4.1-SNAPSHOT.pom
[[1;34mINFO[m] Installing /home/thomas/Desktop/bachelor_thesis/bachelor_thesis/Tool/Benchmarks/projects/lambdaj/target/lambdaj-2.4.1-SNAPSHOT-fat-tests.jar to /home/thomas/.m2/repository/com/googlecode/lambdaj/lambdaj/2.4.1-SNAPSHOT/lambdaj-2.4.1-SNAPSHOT-fat-tests.jar
[[1;34mINFO[m] Installing /home/thomas/Desktop/bachelor_thesis/bachelor_thesis/Tool/Benchmarks/projects/lambdaj/target/lambdaj-2.4.1-SNAPSHOT-sources.jar to /home/thomas/.m2/repository/com/googlecode/lambdaj/lambdaj/2.4.1-SNAPSHOT/lambdaj-2.4.1-SNAPSHOT-sources.jar
[[1;34mINFO[m] Installing /home/thomas/Desktop/bachelor_thesis/bachelor_thesis/Tool/Benchmarks/projects/lambdaj/target/lambdaj-2.4.1-SNAPSHOT-javadoc.jar to /home/thomas/.m2/repository/com/googlecode/lambdaj/lambdaj/2.4.1-SNAPSHOT/lambdaj-2.4.1-SNAPSHOT-javadoc.jar
[[1;34mINFO[m] [1m------------------------------------------------------------------------[m
[[1;34mINFO[m] [1;32mBUILD SUCCESS[m
[[1;34mINFO[m] [1m------------------------------------------------------------------------[m
[[1;34mINFO[m] Total time:  8.747 s
[[1;34mINFO[m] Finished at: 2022-09-03T20:30:44+02:00
[[1;34mINFO[m] [1m------------------------------------------------------------------------[m
[[1;34mINFO[m] Scanning for projects...
[[1;33mWARNING[m] 
[[1;33mWARNING[m] Some problems were encountered while building the effective model for com.googlecode.lambdaj:lambdaj:jar:2.4.1-SNAPSHOT
[[1;33mWARNING[m] 'build.plugins.plugin.version' for org.apache.maven.plugins:maven-compiler-plugin is missing. @ line 139, column 15
[[1;33mWARNING[m] 'build.plugins.plugin.version' for org.apache.maven.plugins:maven-source-plugin is missing. @ line 147, column 15
[[1;33mWARNING[m] 'build.plugins.plugin.version' for org.apache.maven.plugins:maven-javadoc-plugin is missing. @ line 159, column 15
[[1;33mWARNING[m] 
[[1;33mWARNING[m] It is highly recommended to fix these problems because they threaten the stability of your build.
[[1;33mWARNING[m] 
[[1;33mWARNING[m] For this reason, future Maven versions might no longer support building such malformed projects.
[[1;33mWARNING[m] 
[[1;34mINFO[m] 
[[1;34mINFO[m] [1m-------------------< [0;36mcom.googlecode.lambdaj:lambdaj[0;1m >-------------------[m
[[1;34mINFO[m] [1mBuilding lambdaj 2.4.1-SNAPSHOT[m
[[1;34mINFO[m] [1m--------------------------------[ jar ]---------------------------------[m
[[1;34mINFO[m] 
[[1;34mINFO[m] [1m--- [0;32mmaven-assembly-plugin:2.6:single[m [1m(default-cli)[m @ [36mlambdaj[0;1m ---[m
[[1;34mINFO[m] Reading assembly descriptor: src/assembly/assembly.xml
[[1;33mWARNING[m] The assembly descriptor contains a filesystem-root relative reference, which is not cross platform compatible /
[[1;33mWARNING[m] The assembly descriptor contains a filesystem-root relative reference, which is not cross platform compatible /
[[1;33mWARNING[m] Cannot include project artifact: com.googlecode.lambdaj:lambdaj:jar:2.4.1-SNAPSHOT; it doesn't have an associated file or directory.
[[1;34mINFO[m] Building jar: /home/thomas/Desktop/bachelor_thesis/bachelor_thesis/Tool/Benchmarks/projects/lambdaj/target/lambdaj-2.4.1-SNAPSHOT-fat-tests.jar
[[1;34mINFO[m] [1m------------------------------------------------------------------------[m
[[1;34mINFO[m] [1;32mBUILD SUCCESS[m
[[1;34mINFO[m] [1m------------------------------------------------------------------------[m
[[1;34mINFO[m] Total time:  1.235 s
[[1;34mINFO[m] Finished at: 2022-09-03T20:30:46+02:00
[[1;34mINFO[m] [1m------------------------------------------------------------------------[m
